======== STARTING: full_system ========
ERROR:__main__:Variant full_system seed 123 FAILED: integer division or modulo by zero
Traceback (most recent call last):
  File "/home/sanaa/Documents/alsat_dynamic_multi/scripts/training/ablation_runner.py", line 394, in <module>
    run_variant(cfg, seed=seed, episodes=args.episodes, n_envs=args.n_envs)
  File "/home/sanaa/Documents/alsat_dynamic_multi/scripts/training/ablation_runner.py", line 253, in run_variant
    model.learn(total_timesteps=total_steps, callback=cb_list,
  File "/home/sanaa/anaconda3/envs/thesis_py311/lib/python3.11/site-packages/stable_baselines3/ppo/ppo.py", line 311, in learn
    return super().learn(
           ^^^^^^^^^^^^^^
  File "/home/sanaa/anaconda3/envs/thesis_py311/lib/python3.11/site-packages/stable_baselines3/common/on_policy_algorithm.py", line 324, in learn
    continue_training = self.collect_rollouts(self.env, callback, self.rollout_buffer, n_rollout_steps=self.n_steps)
                        ^^^^^^^^^^^^^^^^^^^^^^^^^^^^^^^^^^^^^^^^^^^^^^^^^^^^^^^^^^^^^^^^^^^^^^^^^^^^^^^^^^^^^^^^^^^^
  File "/home/sanaa/anaconda3/envs/thesis_py311/lib/python3.11/site-packages/stable_baselines3/common/on_policy_algorithm.py", line 224, in collect_rollouts
    if not callback.on_step():
           ^^^^^^^^^^^^^^^^^^
  File "/home/sanaa/anaconda3/envs/thesis_py311/lib/python3.11/site-packages/stable_baselines3/common/callbacks.py", line 115, in on_step
    return self._on_step()
           ^^^^^^^^^^^^^^^
  File "/home/sanaa/anaconda3/envs/thesis_py311/lib/python3.11/site-packages/stable_baselines3/common/callbacks.py", line 224, in _on_step
    continue_training = callback.on_step() and continue_training
                        ^^^^^^^^^^^^^^^^^^
  File "/home/sanaa/anaconda3/envs/thesis_py311/lib/python3.11/site-packages/stable_baselines3/common/callbacks.py", line 115, in on_step
    return self._on_step()
           ^^^^^^^^^^^^^^^
  File "/home/sanaa/Documents/alsat_dynamic_multi/scripts/training/callbacks.py", line 160, in _on_step
    ep = self.n_calls // (self.locals.get("n_steps", 2048))
         ~~~~~~~~~~~~~^^~~~~~~~~~~~~~~~~~~~~~~~~~~~~~~~~~~~
ZeroDivisionError: integer division or modulo by zero

============================================================
  full_system  seed=42
============================================================
  Ep    25  r=+32.648  dyn_suc=12.3%  n_dyn_img=8  ent=0.1481
  Ep    50  r=+35.014  dyn_suc=13.5%  n_dyn_img=14  ent=0.1463
  Ep    75  r=+34.166  dyn_suc=13.0%  n_dyn_img=6  ent=0.1444
  Ep   100  r=+35.202  dyn_suc=13.6%  n_dyn_img=10  ent=0.1426
  Ep   125  r=+37.937  dyn_suc=14.9%  n_dyn_img=16  ent=0.1407
  Ep   150  r=+36.559  dyn_suc=14.5%  n_dyn_img=10  ent=0.1389
  Ep   175  r=+37.929  dyn_suc=15.3%  n_dyn_img=4  ent=0.1371
  Ep   200  r=+37.470  dyn_suc=14.9%  n_dyn_img=12  ent=0.1352
  Ep   225  r=+35.863  dyn_suc=14.3%  n_dyn_img=12  ent=0.1334
  Ep   250  r=+36.824  dyn_suc=14.7%  n_dyn_img=16  ent=0.1316
  Ep   275  r=+35.515  dyn_suc=14.0%  n_dyn_img=10  ent=0.1297
  Ep   300  r=+35.086  dyn_suc=14.1%  n_dyn_img=4  ent=0.1279
  Ep   325  r=+33.404  dyn_suc=13.3%  n_dyn_img=8  ent=0.1260
  Ep   350  r=+33.383  dyn_suc=13.2%  n_dyn_img=10  ent=0.1242
  Ep   375  r=+34.634  dyn_suc=13.8%  n_dyn_img=5  ent=0.1224
  Ep   400  r=+34.121  dyn_suc=13.4%  n_dyn_img=3  ent=0.1205
  Ep   425  r=+35.177  dyn_suc=13.8%  n_dyn_img=10  ent=0.1187
  Ep   450  r=+35.725  dyn_suc=13.9%  n_dyn_img=12  ent=0.1169
  Ep   475  r=+35.325  dyn_suc=13.7%  n_dyn_img=8  ent=0.1150
  Ep   500  r=+37.378  dyn_suc=14.7%  n_dyn_img=8  ent=0.1132
  Ep   525  r=+39.771  dyn_suc=15.7%  n_dyn_img=21  ent=0.1113
  Ep   550  r=+40.098  dyn_suc=15.9%  n_dyn_img=4  ent=0.1095
  Ep   575  r=+41.790  dyn_suc=16.9%  n_dyn_img=18  ent=0.1077
  Ep   600  r=+41.600  dyn_suc=16.8%  n_dyn_img=10  ent=0.1058
  Ep   625  r=+41.162  dyn_suc=16.7%  n_dyn_img=16  ent=0.1040
  Ep   650  r=+42.285  dyn_suc=17.3%  n_dyn_img=10  ent=0.1022
  Ep   675  r=+41.953  dyn_suc=17.0%  n_dyn_img=4  ent=0.1003
  Ep   700  r=+42.073  dyn_suc=17.0%  n_dyn_img=14  ent=0.0985
  Ep   725  r=+41.822  dyn_suc=16.8%  n_dyn_img=10  ent=0.0967
  Ep   750  r=+42.010  dyn_suc=16.8%  n_dyn_img=6  ent=0.0948
  Ep   775  r=+42.269  dyn_suc=17.0%  n_dyn_img=0  ent=0.0930
  Ep   800  r=+43.773  dyn_suc=17.7%  n_dyn_img=12  ent=0.0911
  Ep   825  r=+43.421  dyn_suc=17.7%  n_dyn_img=18  ent=0.0893
  Ep   850  r=+43.644  dyn_suc=17.9%  n_dyn_img=14  ent=0.0875
  Ep   875  r=+43.687  dyn_suc=18.0%  n_dyn_img=10  ent=0.0857
  Ep   900  r=+44.705  dyn_suc=18.4%  n_dyn_img=16  ent=0.0838
  Ep   925  r=+46.663  dyn_suc=19.5%  n_dyn_img=8  ent=0.0820
  Ep   950  r=+48.622  dyn_suc=20.3%  n_dyn_img=19  ent=0.0802
  Ep   975  r=+50.242  dyn_suc=21.0%  n_dyn_img=14  ent=0.0784
  Ep  1000  r=+50.766  dyn_suc=21.3%  n_dyn_img=10  ent=0.0766
  Ep  1025  r=+52.028  dyn_suc=21.6%  n_dyn_img=20  ent=0.0748
  Ep  1050  r=+51.998  dyn_suc=21.7%  n_dyn_img=10  ent=0.0729
  Ep  1075  r=+51.807  dyn_suc=21.7%  n_dyn_img=8  ent=0.0711
  Ep  1100  r=+52.142  dyn_suc=22.0%  n_dyn_img=12  ent=0.0693
  Ep  1125  r=+51.102  dyn_suc=21.7%  n_dyn_img=16  ent=0.0675
  Ep  1150  r=+51.719  dyn_suc=22.0%  n_dyn_img=16  ent=0.0657
  Ep  1175  r=+52.501  dyn_suc=22.0%  n_dyn_img=8  ent=0.0638
  Ep  1200  r=+50.450  dyn_suc=21.1%  n_dyn_img=12  ent=0.0620
  Ep  1225  r=+52.231  dyn_suc=21.8%  n_dyn_img=12  ent=0.0602
  Ep  1250  r=+49.507  dyn_suc=20.6%  n_dyn_img=8  ent=0.0584
  Ep  1275  r=+49.700  dyn_suc=20.8%  n_dyn_img=16  ent=0.0566
  Ep  1300  r=+49.653  dyn_suc=20.9%  n_dyn_img=14  ent=0.0548
  Ep  1325  r=+46.355  dyn_suc=19.6%  n_dyn_img=8  ent=0.0529
  Ep  1350  r=+47.260  dyn_suc=19.8%  n_dyn_img=14  ent=0.0511
  Ep  1375  r=+47.076  dyn_suc=19.9%  n_dyn_img=20  ent=0.0493
  Ep  1400  r=+47.576  dyn_suc=20.1%  n_dyn_img=16  ent=0.0475
  Ep  1425  r=+52.070  dyn_suc=21.6%  n_dyn_img=25  ent=0.0457
  Ep  1450  r=+54.890  dyn_suc=22.9%  n_dyn_img=32  ent=0.0438
  Ep  1475  r=+57.757  dyn_suc=24.0%  n_dyn_img=15  ent=0.0420
  Ep  1500  r=+60.048  dyn_suc=24.8%  n_dyn_img=13  ent=0.0402
  Ep  1525  r=+60.738  dyn_suc=25.9%  n_dyn_img=12  ent=0.0384
  Ep  1550  r=+63.023  dyn_suc=26.9%  n_dyn_img=12  ent=0.0366
  Ep  1575  r=+64.220  dyn_suc=27.5%  n_dyn_img=12  ent=0.0348
  Ep  1600  r=+65.165  dyn_suc=28.3%  n_dyn_img=22  ent=0.0330
  Ep  1625  r=+65.142  dyn_suc=28.1%  n_dyn_img=21  ent=0.0312
  Ep  1650  r=+65.928  dyn_suc=28.8%  n_dyn_img=21  ent=0.0294
  Ep  1675  r=+67.031  dyn_suc=29.4%  n_dyn_img=34  ent=0.0276
  Ep  1700  r=+70.057  dyn_suc=30.9%  n_dyn_img=22  ent=0.0258
  Ep  1725  r=+74.343  dyn_suc=32.8%  n_dyn_img=23  ent=0.0240
  Ep  1750  r=+75.128  dyn_suc=33.5%  n_dyn_img=16  ent=0.0222
  Ep  1775  r=+78.247  dyn_suc=34.9%  n_dyn_img=25  ent=0.0204
  Ep  1800  r=+78.731  dyn_suc=34.7%  n_dyn_img=26  ent=0.0186
  Ep  1825  r=+80.140  dyn_suc=35.2%  n_dyn_img=34  ent=0.0169
  Ep  1850  r=+83.345  dyn_suc=36.0%  n_dyn_img=25  ent=0.0151
  Ep  1875  r=+82.679  dyn_suc=35.6%  n_dyn_img=34  ent=0.0133
  Ep  1900  r=+84.703  dyn_suc=36.6%  n_dyn_img=30  ent=0.0115
  Ep  1925  r=+85.954  dyn_suc=37.0%  n_dyn_img=30  ent=0.0100

✓ Training log saved → results/training_log.json  (1925 episodes)

============================================================
  full_system  seed=123
============================================================
  Ep    25  r=+37.020  dyn_suc=14.9%  n_dyn_img=16  ent=0.1482
  Ep    50  r=+37.615  dyn_suc=15.3%  n_dyn_img=8  ent=0.1464
  Ep    75  r=+37.333  dyn_suc=15.0%  n_dyn_img=12  ent=0.1445
  Ep   100  r=+36.706  dyn_suc=14.6%  n_dyn_img=4  ent=0.1426
  Ep   125  r=+37.148  dyn_suc=14.7%  n_dyn_img=10  ent=0.1408
  Ep   150  r=+35.685  dyn_suc=13.8%  n_dyn_img=8  ent=0.1389
  Ep   175  r=+35.211  dyn_suc=13.8%  n_dyn_img=12  ent=0.1371
  Ep   200  r=+35.007  dyn_suc=14.0%  n_dyn_img=10  ent=0.1353
  Ep   225  r=+34.125  dyn_suc=13.4%  n_dyn_img=14  ent=0.1334
  Ep   250  r=+35.826  dyn_suc=14.3%  n_dyn_img=8  ent=0.1316
  Ep   275  r=+34.803  dyn_suc=13.6%  n_dyn_img=8  ent=0.1298
  Ep   300  r=+35.823  dyn_suc=13.9%  n_dyn_img=2  ent=0.1279
  Ep   325  r=+35.090  dyn_suc=13.8%  n_dyn_img=6  ent=0.1261
  Ep   350  r=+32.638  dyn_suc=12.8%  n_dyn_img=4  ent=0.1242
  Ep   375  r=+33.398  dyn_suc=13.2%  n_dyn_img=8  ent=0.1224
  Ep   400  r=+32.151  dyn_suc=12.7%  n_dyn_img=6  ent=0.1205
  Ep   425  r=+32.581  dyn_suc=12.9%  n_dyn_img=12  ent=0.1187
  Ep   450  r=+34.251  dyn_suc=13.9%  n_dyn_img=10  ent=0.1169
  Ep   475  r=+35.334  dyn_suc=14.2%  n_dyn_img=8  ent=0.1150
  Ep   500  r=+36.051  dyn_suc=14.7%  n_dyn_img=14  ent=0.1132
  Ep   525  r=+36.200  dyn_suc=14.7%  n_dyn_img=14  ent=0.1113
  Ep   550  r=+37.923  dyn_suc=15.0%  n_dyn_img=2  ent=0.1095
  Ep   575  r=+38.811  dyn_suc=15.8%  n_dyn_img=12  ent=0.1077
  Ep   600  r=+39.256  dyn_suc=16.1%  n_dyn_img=9  ent=0.1059
  Ep   625  r=+39.254  dyn_suc=16.4%  n_dyn_img=8  ent=0.1041
  Ep   650  r=+37.656  dyn_suc=16.0%  n_dyn_img=10  ent=0.1022
  Ep   675  r=+37.309  dyn_suc=15.7%  n_dyn_img=6  ent=0.1004
  Ep   700  r=+38.065  dyn_suc=15.9%  n_dyn_img=10  ent=0.0986
  Ep   725  r=+38.025  dyn_suc=15.5%  n_dyn_img=23  ent=0.0967
  Ep   750  r=+38.983  dyn_suc=16.1%  n_dyn_img=4  ent=0.0949
  Ep   775  r=+38.017  dyn_suc=15.5%  n_dyn_img=6  ent=0.0931
  Ep   800  r=+37.225  dyn_suc=15.1%  n_dyn_img=10  ent=0.0912
  Ep   825  r=+39.463  dyn_suc=16.1%  n_dyn_img=22  ent=0.0894
  Ep   850  r=+38.942  dyn_suc=15.6%  n_dyn_img=12  ent=0.0876
  Ep   875  r=+40.462  dyn_suc=16.3%  n_dyn_img=6  ent=0.0858
  Ep   900  r=+42.598  dyn_suc=17.3%  n_dyn_img=24  ent=0.0839
  Ep   925  r=+41.049  dyn_suc=16.7%  n_dyn_img=8  ent=0.0821
  Ep   950  r=+41.598  dyn_suc=16.9%  n_dyn_img=8  ent=0.0803
  Ep   975  r=+41.661  dyn_suc=16.9%  n_dyn_img=8  ent=0.0784
  Ep  1000  r=+40.168  dyn_suc=16.4%  n_dyn_img=10  ent=0.0766
  Ep  1025  r=+41.389  dyn_suc=17.0%  n_dyn_img=8  ent=0.0748
  Ep  1050  r=+40.069  dyn_suc=16.3%  n_dyn_img=8  ent=0.0729
  Ep  1075  r=+39.938  dyn_suc=16.4%  n_dyn_img=16  ent=0.0711
  Ep  1100  r=+39.893  dyn_suc=16.1%  n_dyn_img=11  ent=0.0693
  Ep  1125  r=+38.954  dyn_suc=15.8%  n_dyn_img=8  ent=0.0674
  Ep  1150  r=+41.068  dyn_suc=16.8%  n_dyn_img=8  ent=0.0656
  Ep  1175  r=+40.093  dyn_suc=16.2%  n_dyn_img=8  ent=0.0638

============================================================ERROR:__main__:Variant full_system seed 456 FAILED: integer division or modulo by zero
Traceback (most recent call last):
  File "/home/sanaa/Documents/alsat_dynamic_multi/scripts/training/ablation_runner.py", line 394, in <module>
    run_variant(cfg, seed=seed, episodes=args.episodes, n_envs=args.n_envs)
  File "/home/sanaa/Documents/alsat_dynamic_multi/scripts/training/ablation_runner.py", line 253, in run_variant
    model.learn(total_timesteps=total_steps, callback=cb_list,
  File "/home/sanaa/anaconda3/envs/thesis_py311/lib/python3.11/site-packages/stable_baselines3/ppo/ppo.py", line 311, in learn
    return super().learn(
           ^^^^^^^^^^^^^^
  File "/home/sanaa/anaconda3/envs/thesis_py311/lib/python3.11/site-packages/stable_baselines3/common/on_policy_algorithm.py", line 324, in learn
    continue_training = self.collect_rollouts(self.env, callback, self.rollout_buffer, n_rollout_steps=self.n_steps)
                        ^^^^^^^^^^^^^^^^^^^^^^^^^^^^^^^^^^^^^^^^^^^^^^^^^^^^^^^^^^^^^^^^^^^^^^^^^^^^^^^^^^^^^^^^^^^^
  File "/home/sanaa/anaconda3/envs/thesis_py311/lib/python3.11/site-packages/stable_baselines3/common/on_policy_algorithm.py", line 224, in collect_rollouts
    if not callback.on_step():
           ^^^^^^^^^^^^^^^^^^
  File "/home/sanaa/anaconda3/envs/thesis_py311/lib/python3.11/site-packages/stable_baselines3/common/callbacks.py", line 115, in on_step
    return self._on_step()
           ^^^^^^^^^^^^^^^
  File "/home/sanaa/anaconda3/envs/thesis_py311/lib/python3.11/site-packages/stable_baselines3/common/callbacks.py", line 224, in _on_step
    continue_training = callback.on_step() and continue_training
                        ^^^^^^^^^^^^^^^^^^
  File "/home/sanaa/anaconda3/envs/thesis_py311/lib/python3.11/site-packages/stable_baselines3/common/callbacks.py", line 115, in on_step
    return self._on_step()
           ^^^^^^^^^^^^^^^
  File "/home/sanaa/Documents/alsat_dynamic_multi/scripts/training/callbacks.py", line 160, in _on_step
    ep = self.n_calls // (self.locals.get("n_steps", 2048))
         ~~~~~~~~~~~~~^^~~~~~~~~~~~~~~~~~~~~~~~~~~~~~~~~~~~
ZeroDivisionError: integer division or modulo by zero

  full_system  seed=456
============================================================
  Ep    25  r=+33.500  dyn_suc=13.6%  n_dyn_img=12  ent=0.1482
  Ep    50  r=+30.554  dyn_suc=12.2%  n_dyn_img=5  ent=0.1463
  Ep    75  r=+29.932  dyn_suc=11.9%  n_dyn_img=4  ent=0.1445
  Ep   100  r=+29.762  dyn_suc=11.6%  n_dyn_img=6  ent=0.1426
  Ep   125  r=+29.647  dyn_suc=11.3%  n_dyn_img=10  ent=0.1408
  Ep   150  r=+29.063  dyn_suc=11.2%  n_dyn_img=6  ent=0.1390
  Ep   175  r=+29.278  dyn_suc=11.2%  n_dyn_img=12  ent=0.1371
  Ep   200  r=+28.129  dyn_suc=10.8%  n_dyn_img=4  ent=0.1353
  Ep   225  r=+28.206  dyn_suc=11.1%  n_dyn_img=12  ent=0.1334
  Ep   250  r=+31.194  dyn_suc=12.0%  n_dyn_img=6  ent=0.1316
  Ep   275  r=+32.198  dyn_suc=12.4%  n_dyn_img=4  ent=0.1297
  Ep   300  r=+34.529  dyn_suc=13.4%  n_dyn_img=12  ent=0.1279
  Ep   325  r=+33.283  dyn_suc=12.8%  n_dyn_img=2  ent=0.1260
  Ep   350  r=+32.570  dyn_suc=12.6%  n_dyn_img=16  ent=0.1242
  Ep   375  r=+32.003  dyn_suc=12.4%  n_dyn_img=12  ent=0.1224
  Ep   400  r=+31.746  dyn_suc=12.5%  n_dyn_img=2  ent=0.1206
  Ep   425  r=+33.462  dyn_suc=12.9%  n_dyn_img=8  ent=0.1187
  Ep   450  r=+33.601  dyn_suc=13.1%  n_dyn_img=16  ent=0.1169
  Ep   475  r=+34.726  dyn_suc=13.7%  n_dyn_img=8  ent=0.1150
  Ep   500  r=+37.386  dyn_suc=14.7%  n_dyn_img=22  ent=0.1132
  Ep   525  r=+37.953  dyn_suc=15.2%  n_dyn_img=8  ent=0.1114
  Ep   550  r=+39.324  dyn_suc=15.7%  n_dyn_img=14  ent=0.1095
  Ep   575  r=+38.830  dyn_suc=15.4%  n_dyn_img=22  ent=0.1077

✓ Ablation table → /home/sanaa/Documents/alsat_dynamic_multi/results/ablation/ablation_table.csv

Variant                Reward    CF rate     DynSuc
------------------------------------------------------
  full_system       60.008±0.00   1.000±0.000   0.314±0.000
swig/python detected a memory leak of type 'BSKLogger *', no destructor found.
swig/python detected a memory leak of type 'BSKLogger *', no destructor found.
DONE: full_system
======== STARTING: no_bc ========
[90;3m2026-05-26 03:11:36,126 [0m[m                               [0m[93mWARNING    [0m[93mCreating logger for new env on PID=305444. Old environments in process may now log times incorrectly.[0m
WARNING:bsk_rl:Creating logger for new env on PID=305444. Old environments in process may now log times incorrectly.
[90;3m2026-05-26 03:13:29,567 [0m[m                               [0m[93mWARNING    [0m[93mCreating logger for new env on PID=305444. Old environments in process may now log times incorrectly.[0m
WARNING:bsk_rl:Creating logger for new env on PID=305444. Old environments in process may now log times incorrectly.
[90;3m2026-05-26 03:15:22,873 [0m[m                               [0m[93mWARNING    [0m[93mCreating logger for new env on PID=305444. Old environments in process may now log times incorrectly.[0m
WARNING:bsk_rl:Creating logger for new env on PID=305444. Old environments in process may now log times incorrectly.
[90;3m2026-05-26 03:17:16,488 [0m[m                               [0m[93mWARNING    [0m[93mCreating logger for new env on PID=305444. Old environments in process may now log times incorrectly.[0m
WARNING:bsk_rl:Creating logger for new env on PID=305444. Old environments in process may now log times incorrectly.
[90;3m2026-05-26 03:19:06,183 [0m[m                               [0m[93mWARNING    [0m[93mCreating logger for new env on PID=305444. Old environments in process may now log times incorrectly.[0m
WARNING:bsk_rl:Creating logger for new env on PID=305444. Old environments in process may now log times incorrectly.
[90;3m2026-05-26 03:21:01,185 [0m[m                               [0m[93mWARNING    [0m[93mCreating logger for new env on PID=305444. Old environments in process may now log times incorrectly.[0m
WARNING:bsk_rl:Creating logger for new env on PID=305444. Old environments in process may now log times incorrectly.
[90;3m2026-05-26 03:22:54,300 [0m[m                               [0m[93mWARNING    [0m[93mCreating logger for new env on PID=305444. Old environments in process may now log times incorrectly.[0m
WARNING:bsk_rl:Creating logger for new env on PID=305444. Old environments in process may now log times incorrectly.
[90;3m2026-05-26 03:24:46,740 [0m[m                               [0m[93mWARNING    [0m[93mCreating logger for new env on PID=305444. Old environments in process may now log times incorrectly.[0m
WARNING:bsk_rl:Creating logger for new env on PID=305444. Old environments in process may now log times incorrectly.
[90;3m2026-05-26 03:26:39,519 [0m[m                               [0m[93mWARNING    [0m[93mCreating logger for new env on PID=305444. Old environments in process may now log times incorrectly.[0m
WARNING:bsk_rl:Creating logger for new env on PID=305444. Old environments in process may now log times incorrectly.
[90;3m2026-05-26 03:28:28,448 [0m[m                               [0m[93mWARNING    [0m[93mCreating logger for new env on PID=305444. Old environments in process may now log times incorrectly.[0m
WARNING:bsk_rl:Creating logger for new env on PID=305444. Old environments in process may now log times incorrectly.
[90;3m2026-05-26 03:30:20,176 [0m[m                               [0m[93mWARNING    [0m[93mCreating logger for new env on PID=305444. Old environments in process may now log times incorrectly.[0m
WARNING:bsk_rl:Creating logger for new env on PID=305444. Old environments in process may now log times incorrectly.
[90;3m2026-05-26 03:32:13,124 [0m[m                               [0m[93mWARNING    [0m[93mCreating logger for new env on PID=305444. Old environments in process may now log times incorrectly.[0m
WARNING:bsk_rl:Creating logger for new env on PID=305444. Old environments in process may now log times incorrectly.
[90;3m2026-05-26 03:34:02,981 [0m[m                               [0m[93mWARNING    [0m[93mCreating logger for new env on PID=305444. Old environments in process may now log times incorrectly.[0m
WARNING:bsk_rl:Creating logger for new env on PID=305444. Old environments in process may now log times incorrectly.
[90;3m2026-05-26 03:35:53,504 [0m[m                               [0m[93mWARNING    [0m[93mCreating logger for new env on PID=305444. Old environments in process may now log times incorrectly.[0m
WARNING:bsk_rl:Creating logger for new env on PID=305444. Old environments in process may now log times incorrectly.
[90;3m2026-05-26 03:37:40,358 [0m[m                               [0m[93mWARNING    [0m[93mCreating logger for new env on PID=305444. Old environments in process may now log times incorrectly.[0m
WARNING:bsk_rl:Creating logger for new env on PID=305444. Old environments in process may now log times incorrectly.
[90;3m2026-05-26 03:39:31,559 [0m[m                               [0m[93mWARNING    [0m[93mCreating logger for new env on PID=305444. Old environments in process may now log times incorrectly.[0m
WARNING:bsk_rl:Creating logger for new env on PID=305444. Old environments in process may now log times incorrectly.
[90;3m2026-05-26 03:41:24,510 [0m[m                               [0m[93mWARNING    [0m[93mCreating logger for new env on PID=305444. Old environments in process may now log times incorrectly.[0m
WARNING:bsk_rl:Creating logger for new env on PID=305444. Old environments in process may now log times incorrectly.
[90;3m2026-05-26 03:43:11,303 [0m[m                               [0m[93mWARNING    [0m[93mCreating logger for new env on PID=305444. Old environments in process may now log times incorrectly.[0m
WARNING:bsk_rl:Creating logger for new env on PID=305444. Old environments in process may now log times incorrectly.
[90;3m2026-05-26 03:44:58,136 [0m[m                               [0m[93mWARNING    [0m[93mCreating logger for new env on PID=305444. Old environments in process may now log times incorrectly.[0m
WARNING:bsk_rl:Creating logger for new env on PID=305444. Old environments in process may now log times incorrectly.
[90;3m2026-05-26 03:46:45,426 [0m[m                               [0m[93mWARNING    [0m[93mCreating logger for new env on PID=305444. Old environments in process may now log times incorrectly.[0m
WARNING:bsk_rl:Creating logger for new env on PID=305444. Old environments in process may now log times incorrectly.
[90;3m2026-05-26 03:48:36,773 [0m[m                               [0m[93mWARNING    [0m[93mCreating logger for new env on PID=305444. Old environments in process may now log times incorrectly.[0m
WARNING:bsk_rl:Creating logger for new env on PID=305444. Old environments in process may now log times incorrectly.
[90;3m2026-05-26 03:50:24,773 [0m[m                               [0m[93mWARNING    [0m[93mCreating logger for new env on PID=305444. Old environments in process may now log times incorrectly.[0m
WARNING:bsk_rl:Creating logger for new env on PID=305444. Old environments in process may now log times incorrectly.
[90;3m2026-05-26 03:52:12,436 [0m[m                               [0m[93mWARNING    [0m[93mCreating logger for new env on PID=305444. Old environments in process may now log times incorrectly.[0m
WARNING:bsk_rl:Creating logger for new env on PID=305444. Old environments in process may now log times incorrectly.
[90;3m2026-05-26 03:54:02,378 [0m[m                               [0m[93mWARNING    [0m[93mCreating logger for new env on PID=305444. Old environments in process may now log times incorrectly.[0m
WARNING:bsk_rl:Creating logger for new env on PID=305444. Old environments in process may now log times incorrectly.
[90;3m2026-05-26 03:55:53,865 [0m[m                               [0m[93mWARNING    [0m[93mCreating logger for new env on PID=305444. Old environments in process may now log times incorrectly.[0m
WARNING:bsk_rl:Creating logger for new env on PID=305444. Old environments in process may now log times incorrectly.
[90;3m2026-05-26 03:57:44,823 [0m[m                               [0m[93mWARNING    [0m[93mCreating logger for new env on PID=305444. Old environments in process may now log times incorrectly.[0m
WARNING:bsk_rl:Creating logger for new env on PID=305444. Old environments in process may now log times incorrectly.
[90;3m2026-05-26 03:59:37,061 [0m[m                               [0m[93mWARNING    [0m[93mCreating logger for new env on PID=305444. Old environments in process may now log times incorrectly.[0m
WARNING:bsk_rl:Creating logger for new env on PID=305444. Old environments in process may now log times incorrectly.
[90;3m2026-05-26 04:01:26,630 [0m[m                               [0m[93mWARNING    [0m[93mCreating logger for new env on PID=305444. Old environments in process may now log times incorrectly.[0m
WARNING:bsk_rl:Creating logger for new env on PID=305444. Old environments in process may now log times incorrectly.
[90;3m2026-05-26 04:03:15,883 [0m[m                               [0m[93mWARNING    [0m[93mCreating logger for new env on PID=305444. Old environments in process may now log times incorrectly.[0m
WARNING:bsk_rl:Creating logger for new env on PID=305444. Old environments in process may now log times incorrectly.
[90;3m2026-05-26 04:05:06,309 [0m[m                               [0m[93mWARNING    [0m[93mCreating logger for new env on PID=305444. Old environments in process may now log times incorrectly.[0m
WARNING:bsk_rl:Creating logger for new env on PID=305444. Old environments in process may now log times incorrectly.
[90;3m2026-05-26 04:06:54,330 [0m[m                               [0m[93mWARNING    [0m[93mCreating logger for new env on PID=305444. Old environments in process may now log times incorrectly.[0m
WARNING:bsk_rl:Creating logger for new env on PID=305444. Old environments in process may now log times incorrectly.
[90;3m2026-05-26 04:08:44,562 [0m[m                               [0m[93mWARNING    [0m[93mCreating logger for new env on PID=305444. Old environments in process may now log times incorrectly.[0m
WARNING:bsk_rl:Creating logger for new env on PID=305444. Old environments in process may now log times incorrectly.
[90;3m2026-05-26 04:10:35,059 [0m[m                               [0m[93mWARNING    [0m[93mCreating logger for new env on PID=305444. Old environments in process may now log times incorrectly.[0m
WARNING:bsk_rl:Creating logger for new env on PID=305444. Old environments in process may now log times incorrectly.
[90;3m2026-05-26 04:12:29,015 [0m[m                               [0m[93mWARNING    [0m[93mCreating logger for new env on PID=305444. Old environments in process may now log times incorrectly.[0m
WARNING:bsk_rl:Creating logger for new env on PID=305444. Old environments in process may now log times incorrectly.
[90;3m2026-05-26 04:14:20,529 [0m[m                               [0m[93mWARNING    [0m[93mCreating logger for new env on PID=305444. Old environments in process may now log times incorrectly.[0m
WARNING:bsk_rl:Creating logger for new env on PID=305444. Old environments in process may now log times incorrectly.
[90;3m2026-05-26 04:16:10,626 [0m[m                               [0m[93mWARNING    [0m[93mCreating logger for new env on PID=305444. Old environments in process may now log times incorrectly.[0m
WARNING:bsk_rl:Creating logger for new env on PID=305444. Old environments in process may now log times incorrectly.
[90;3m2026-05-26 04:18:02,548 [0m[m                               [0m[93mWARNING    [0m[93mCreating logger for new env on PID=305444. Old environments in process may now log times incorrectly.[0m
WARNING:bsk_rl:Creating logger for new env on PID=305444. Old environments in process may now log times incorrectly.
[90;3m2026-05-26 04:19:51,812 [0m[m                               [0m[93mWARNING    [0m[93mCreating logger for new env on PID=305444. Old environments in process may now log times incorrectly.[0m
WARNING:bsk_rl:Creating logger for new env on PID=305444. Old environments in process may now log times incorrectly.
[90;3m2026-05-26 04:21:40,418 [0m[m                               [0m[93mWARNING    [0m[93mCreating logger for new env on PID=305444. Old environments in process may now log times incorrectly.[0m
WARNING:bsk_rl:Creating logger for new env on PID=305444. Old environments in process may now log times incorrectly.
[90;3m2026-05-26 04:23:32,633 [0m[m                               [0m[93mWARNING    [0m[93mCreating logger for new env on PID=305444. Old environments in process may now log times incorrectly.[0m
WARNING:bsk_rl:Creating logger for new env on PID=305444. Old environments in process may now log times incorrectly.
[90;3m2026-05-26 04:25:21,142 [0m[m                               [0m[93mWARNING    [0m[93mCreating logger for new env on PID=305444. Old environments in process may now log times incorrectly.[0m
WARNING:bsk_rl:Creating logger for new env on PID=305444. Old environments in process may now log times incorrectly.
[90;3m2026-05-26 04:27:08,928 [0m[m                               [0m[93mWARNING    [0m[93mCreating logger for new env on PID=305444. Old environments in process may now log times incorrectly.[0m
WARNING:bsk_rl:Creating logger for new env on PID=305444. Old environments in process may now log times incorrectly.
[90;3m2026-05-26 04:28:58,358 [0m[m                               [0m[93mWARNING    [0m[93mCreating logger for new env on PID=305444. Old environments in process may now log times incorrectly.[0m
WARNING:bsk_rl:Creating logger for new env on PID=305444. Old environments in process may now log times incorrectly.
[90;3m2026-05-26 04:30:48,303 [0m[m                               [0m[93mWARNING    [0m[93mCreating logger for new env on PID=305444. Old environments in process may now log times incorrectly.[0m
WARNING:bsk_rl:Creating logger for new env on PID=305444. Old environments in process may now log times incorrectly.
[90;3m2026-05-26 04:32:35,232 [0m[m                               [0m[93mWARNING    [0m[93mCreating logger for new env on PID=305444. Old environments in process may now log times incorrectly.[0m
WARNING:bsk_rl:Creating logger for new env on PID=305444. Old environments in process may now log times incorrectly.
[90;3m2026-05-26 04:34:24,992 [0m[m                               [0m[93mWARNING    [0m[93mCreating logger for new env on PID=305444. Old environments in process may now log times incorrectly.[0m
WARNING:bsk_rl:Creating logger for new env on PID=305444. Old environments in process may now log times incorrectly.
[90;3m2026-05-26 04:36:16,175 [0m[m                               [0m[93mWARNING    [0m[93mCreating logger for new env on PID=305444. Old environments in process may now log times incorrectly.[0m
WARNING:bsk_rl:Creating logger for new env on PID=305444. Old environments in process may now log times incorrectly.
[90;3m2026-05-26 04:38:09,457 [0m[m                               [0m[93mWARNING    [0m[93mCreating logger for new env on PID=305444. Old environments in process may now log times incorrectly.[0m
WARNING:bsk_rl:Creating logger for new env on PID=305444. Old environments in process may now log times incorrectly.
[90;3m2026-05-26 04:40:03,227 [0m[m                               [0m[93mWARNING    [0m[93mCreating logger for new env on PID=305444. Old environments in process may now log times incorrectly.[0m
WARNING:bsk_rl:Creating logger for new env on PID=305444. Old environments in process may now log times incorrectly.
[90;3m2026-05-26 04:41:54,651 [0m[m                               [0m[93mWARNING    [0m[93mCreating logger for new env on PID=305444. Old environments in process may now log times incorrectly.[0m
WARNING:bsk_rl:Creating logger for new env on PID=305444. Old environments in process may now log times incorrectly.
[90;3m2026-05-26 04:43:42,606 [0m[m                               [0m[93mWARNING    [0m[93mCreating logger for new env on PID=305444. Old environments in process may now log times incorrectly.[0m
WARNING:bsk_rl:Creating logger for new env on PID=305444. Old environments in process may now log times incorrectly.
[90;3m2026-05-26 04:45:32,032 [0m[m                               [0m[93mWARNING    [0m[93mCreating logger for new env on PID=305444. Old environments in process may now log times incorrectly.[0m
WARNING:bsk_rl:Creating logger for new env on PID=305444. Old environments in process may now log times incorrectly.
[90;3m2026-05-26 04:47:25,359 [0m[m                               [0m[93mWARNING    [0m[93mCreating logger for new env on PID=305444. Old environments in process may now log times incorrectly.[0m
WARNING:bsk_rl:Creating logger for new env on PID=305444. Old environments in process may now log times incorrectly.
[90;3m2026-05-26 04:49:14,466 [0m[m                               [0m[93mWARNING    [0m[93mCreating logger for new env on PID=305444. Old environments in process may now log times incorrectly.[0m
WARNING:bsk_rl:Creating logger for new env on PID=305444. Old environments in process may now log times incorrectly.
[90;3m2026-05-26 04:51:03,846 [0m[m                               [0m[93mWARNING    [0m[93mCreating logger for new env on PID=305444. Old environments in process may now log times incorrectly.[0m
WARNING:bsk_rl:Creating logger for new env on PID=305444. Old environments in process may now log times incorrectly.
[90;3m2026-05-26 04:52:56,797 [0m[m                               [0m[93mWARNING    [0m[93mCreating logger for new env on PID=305444. Old environments in process may now log times incorrectly.[0m
WARNING:bsk_rl:Creating logger for new env on PID=305444. Old environments in process may now log times incorrectly.
[90;3m2026-05-26 04:54:45,968 [0m[m                               [0m[93mWARNING    [0m[93mCreating logger for new env on PID=305444. Old environments in process may now log times incorrectly.[0m
WARNING:bsk_rl:Creating logger for new env on PID=305444. Old environments in process may now log times incorrectly.
[90;3m2026-05-26 04:56:37,784 [0m[m                               [0m[93mWARNING    [0m[93mCreating logger for new env on PID=305444. Old environments in process may now log times incorrectly.[0m
WARNING:bsk_rl:Creating logger for new env on PID=305444. Old environments in process may now log times incorrectly.
[90;3m2026-05-26 04:58:28,522 [0m[m                               [0m[93mWARNING    [0m[93mCreating logger for new env on PID=305444. Old environments in process may now log times incorrectly.[0m
WARNING:bsk_rl:Creating logger for new env on PID=305444. Old environments in process may now log times incorrectly.
[90;3m2026-05-26 05:00:16,926 [0m[m                               [0m[93mWARNING    [0m[93mCreating logger for new env on PID=305444. Old environments in process may now log times incorrectly.[0m
WARNING:bsk_rl:Creating logger for new env on PID=305444. Old environments in process may now log times incorrectly.
[90;3m2026-05-26 05:02:09,212 [0m[m                               [0m[93mWARNING    [0m[93mCreating logger for new env on PID=305444. Old environments in process may now log times incorrectly.[0m
WARNING:bsk_rl:Creating logger for new env on PID=305444. Old environments in process may now log times incorrectly.
[90;3m2026-05-26 05:04:00,568 [0m[m                               [0m[93mWARNING    [0m[93mCreating logger for new env on PID=305444. Old environments in process may now log times incorrectly.[0m
WARNING:bsk_rl:Creating logger for new env on PID=305444. Old environments in process may now log times incorrectly.
[90;3m2026-05-26 05:05:51,029 [0m[m                               [0m[93mWARNING    [0m[93mCreating logger for new env on PID=305444. Old environments in process may now log times incorrectly.[0m
WARNING:bsk_rl:Creating logger for new env on PID=305444. Old environments in process may now log times incorrectly.
[90;3m2026-05-26 05:07:42,502 [0m[m                               [0m[93mWARNING    [0m[93mCreating logger for new env on PID=305444. Old environments in process may now log times incorrectly.[0m
WARNING:bsk_rl:Creating logger for new env on PID=305444. Old environments in process may now log times incorrectly.
[90;3m2026-05-26 05:09:33,188 [0m[m                               [0m[93mWARNING    [0m[93mCreating logger for new env on PID=305444. Old environments in process may now log times incorrectly.[0m
WARNING:bsk_rl:Creating logger for new env on PID=305444. Old environments in process may now log times incorrectly.
[90;3m2026-05-26 05:11:27,941 [0m[m                               [0m[93mWARNING    [0m[93mCreating logger for new env on PID=305444. Old environments in process may now log times incorrectly.[0m
WARNING:bsk_rl:Creating logger for new env on PID=305444. Old environments in process may now log times incorrectly.
[90;3m2026-05-26 05:13:17,313 [0m[m                               [0m[93mWARNING    [0m[93mCreating logger for new env on PID=305444. Old environments in process may now log times incorrectly.[0m
WARNING:bsk_rl:Creating logger for new env on PID=305444. Old environments in process may now log times incorrectly.
[90;3m2026-05-26 05:15:05,196 [0m[m                               [0m[93mWARNING    [0m[93mCreating logger for new env on PID=305444. Old environments in process may now log times incorrectly.[0m
WARNING:bsk_rl:Creating logger for new env on PID=305444. Old environments in process may now log times incorrectly.
[90;3m2026-05-26 05:16:51,656 [0m[m                               [0m[93mWARNING    [0m[93mCreating logger for new env on PID=305444. Old environments in process may now log times incorrectly.[0m
WARNING:bsk_rl:Creating logger for new env on PID=305444. Old environments in process may now log times incorrectly.
[90;3m2026-05-26 05:18:40,380 [0m[m                               [0m[93mWARNING    [0m[93mCreating logger for new env on PID=305444. Old environments in process may now log times incorrectly.[0m
WARNING:bsk_rl:Creating logger for new env on PID=305444. Old environments in process may now log times incorrectly.
[90;3m2026-05-26 05:20:30,205 [0m[m                               [0m[93mWARNING    [0m[93mCreating logger for new env on PID=305444. Old environments in process may now log times incorrectly.[0m
WARNING:bsk_rl:Creating logger for new env on PID=305444. Old environments in process may now log times incorrectly.
[90;3m2026-05-26 05:22:24,109 [0m[m                               [0m[93mWARNING    [0m[93mCreating logger for new env on PID=305444. Old environments in process may now log times incorrectly.[0m
WARNING:bsk_rl:Creating logger for new env on PID=305444. Old environments in process may now log times incorrectly.
[90;3m2026-05-26 05:24:12,434 [0m[m                               [0m[93mWARNING    [0m[93mCreating logger for new env on PID=305444. Old environments in process may now log times incorrectly.[0m
WARNING:bsk_rl:Creating logger for new env on PID=305444. Old environments in process may now log times incorrectly.
[90;3m2026-05-26 05:26:00,070 [0m[m                               [0m[93mWARNING    [0m[93mCreating logger for new env on PID=305444. Old environments in process may now log times incorrectly.[0m
WARNING:bsk_rl:Creating logger for new env on PID=305444. Old environments in process may now log times incorrectly.
[90;3m2026-05-26 05:27:51,592 [0m[m                               [0m[93mWARNING    [0m[93mCreating logger for new env on PID=305444. Old environments in process may now log times incorrectly.[0m
WARNING:bsk_rl:Creating logger for new env on PID=305444. Old environments in process may now log times incorrectly.
[90;3m2026-05-26 05:29:44,116 [0m[m                               [0m[93mWARNING    [0m[93mCreating logger for new env on PID=305444. Old environments in process may now log times incorrectly.[0m
WARNING:bsk_rl:Creating logger for new env on PID=305444. Old environments in process may now log times incorrectly.
[90;3m2026-05-26 05:31:32,855 [0m[m                               [0m[93mWARNING    [0m[93mCreating logger for new env on PID=305444. Old environments in process may now log times incorrectly.[0m
WARNING:bsk_rl:Creating logger for new env on PID=305444. Old environments in process may now log times incorrectly.
[90;3m2026-05-26 05:33:18,533 [0m[m                               [0m[93mWARNING    [0m[93mCreating logger for new env on PID=305444. Old environments in process may now log times incorrectly.[0m
WARNING:bsk_rl:Creating logger for new env on PID=305444. Old environments in process may now log times incorrectly.
[90;3m2026-05-26 05:35:10,530 [0m[m                               [0m[93mWARNING    [0m[93mCreating logger for new env on PID=305444. Old environments in process may now log times incorrectly.[0m
WARNING:bsk_rl:Creating logger for new env on PID=305444. Old environments in process may now log times incorrectly.
[90;3m2026-05-26 05:37:04,635 [0m[m                               [0m[93mWARNING    [0m[93mCreating logger for new env on PID=305444. Old environments in process may now log times incorrectly.[0m
WARNING:bsk_rl:Creating logger for new env on PID=305444. Old environments in process may now log times incorrectly.
[90;3m2026-05-26 05:38:57,482 [0m[m                               [0m[93mWARNING    [0m[93mCreating logger for new env on PID=305444. Old environments in process may now log times incorrectly.[0m
WARNING:bsk_rl:Creating logger for new env on PID=305444. Old environments in process may now log times incorrectly.
[90;3m2026-05-26 05:40:46,313 [0m[m                               [0m[93mWARNING    [0m[93mCreating logger for new env on PID=305444. Old environments in process may now log times incorrectly.[0m
WARNING:bsk_rl:Creating logger for new env on PID=305444. Old environments in process may now log times incorrectly.
[90;3m2026-05-26 05:42:33,549 [0m[m                               [0m[93mWARNING    [0m[93mCreating logger for new env on PID=305444. Old environments in process may now log times incorrectly.[0m
WARNING:bsk_rl:Creating logger for new env on PID=305444. Old environments in process may now log times incorrectly.
[90;3m2026-05-26 05:44:23,719 [0m[m                               [0m[93mWARNING    [0m[93mCreating logger for new env on PID=305444. Old environments in process may now log times incorrectly.[0m
WARNING:bsk_rl:Creating logger for new env on PID=305444. Old environments in process may now log times incorrectly.
[90;3m2026-05-26 05:46:15,705 [0m[m                               [0m[93mWARNING    [0m[93mCreating logger for new env on PID=305444. Old environments in process may now log times incorrectly.[0m
WARNING:bsk_rl:Creating logger for new env on PID=305444. Old environments in process may now log times incorrectly.
[90;3m2026-05-26 05:48:05,554 [0m[m                               [0m[93mWARNING    [0m[93mCreating logger for new env on PID=305444. Old environments in process may now log times incorrectly.[0m
WARNING:bsk_rl:Creating logger for new env on PID=305444. Old environments in process may now log times incorrectly.
[90;3m2026-05-26 05:49:58,285 [0m[m                               [0m[93mWARNING    [0m[93mCreating logger for new env on PID=305444. Old environments in process may now log times incorrectly.[0m
WARNING:bsk_rl:Creating logger for new env on PID=305444. Old environments in process may now log times incorrectly.
[90;3m2026-05-26 05:51:43,156 [0m[m                               [0m[93mWARNING    [0m[93mCreating logger for new env on PID=305444. Old environments in process may now log times incorrectly.[0m
WARNING:bsk_rl:Creating logger for new env on PID=305444. Old environments in process may now log times incorrectly.
[90;3m2026-05-26 05:53:37,181 [0m[m                               [0m[93mWARNING    [0m[93mCreating logger for new env on PID=305444. Old environments in process may now log times incorrectly.[0m
WARNING:bsk_rl:Creating logger for new env on PID=305444. Old environments in process may now log times incorrectly.
[90;3m2026-05-26 05:55:24,885 [0m[m                               [0m[93mWARNING    [0m[93mCreating logger for new env on PID=305444. Old environments in process may now log times incorrectly.[0m
WARNING:bsk_rl:Creating logger for new env on PID=305444. Old environments in process may now log times incorrectly.
[90;3m2026-05-26 05:57:15,097 [0m[m                               [0m[93mWARNING    [0m[93mCreating logger for new env on PID=305444. Old environments in process may now log times incorrectly.[0m
WARNING:bsk_rl:Creating logger for new env on PID=305444. Old environments in process may now log times incorrectly.
[90;3m2026-05-26 05:59:01,013 [0m[m                               [0m[93mWARNING    [0m[93mCreating logger for new env on PID=305444. Old environments in process may now log times incorrectly.[0m
WARNING:bsk_rl:Creating logger for new env on PID=305444. Old environments in process may now log times incorrectly.
[90;3m2026-05-26 06:00:49,370 [0m[m                               [0m[93mWARNING    [0m[93mCreating logger for new env on PID=305444. Old environments in process may now log times incorrectly.[0m
WARNING:bsk_rl:Creating logger for new env on PID=305444. Old environments in process may now log times incorrectly.
[90;3m2026-05-26 06:02:41,932 [0m[m                               [0m[93mWARNING    [0m[93mCreating logger for new env on PID=305444. Old environments in process may now log times incorrectly.[0m
WARNING:bsk_rl:Creating logger for new env on PID=305444. Old environments in process may now log times incorrectly.
[90;3m2026-05-26 06:04:36,053 [0m[m                               [0m[93mWARNING    [0m[93mCreating logger for new env on PID=305444. Old environments in process may now log times incorrectly.[0m
WARNING:bsk_rl:Creating logger for new env on PID=305444. Old environments in process may now log times incorrectly.
[90;3m2026-05-26 06:06:23,328 [0m[m                               [0m[93mWARNING    [0m[93mCreating logger for new env on PID=305444. Old environments in process may now log times incorrectly.[0m
WARNING:bsk_rl:Creating logger for new env on PID=305444. Old environments in process may now log times incorrectly.
[90;3m2026-05-26 06:08:17,098 [0m[m                               [0m[93mWARNING    [0m[93mCreating logger for new env on PID=305444. Old environments in process may now log times incorrectly.[0m
WARNING:bsk_rl:Creating logger for new env on PID=305444. Old environments in process may now log times incorrectly.
[90;3m2026-05-26 06:10:10,252 [0m[m                               [0m[93mWARNING    [0m[93mCreating logger for new env on PID=305444. Old environments in process may now log times incorrectly.[0m
WARNING:bsk_rl:Creating logger for new env on PID=305444. Old environments in process may now log times incorrectly.
[90;3m2026-05-26 06:12:02,075 [0m[m                               [0m[93mWARNING    [0m[93mCreating logger for new env on PID=305444. Old environments in process may now log times incorrectly.[0m
WARNING:bsk_rl:Creating logger for new env on PID=305444. Old environments in process may now log times incorrectly.
[90;3m2026-05-26 06:13:52,870 [0m[m                               [0m[93mWARNING    [0m[93mCreating logger for new env on PID=305444. Old environments in process may now log times incorrectly.[0m
WARNING:bsk_rl:Creating logger for new env on PID=305444. Old environments in process may now log times incorrectly.
[90;3m2026-05-26 06:15:39,249 [0m[m                               [0m[93mWARNING    [0m[93mCreating logger for new env on PID=305444. Old environments in process may now log times incorrectly.[0m
WARNING:bsk_rl:Creating logger for new env on PID=305444. Old environments in process may now log times incorrectly.
[90;3m2026-05-26 06:17:29,480 [0m[m                               [0m[93mWARNING    [0m[93mCreating logger for new env on PID=305444. Old environments in process may now log times incorrectly.[0m
WARNING:bsk_rl:Creating logger for new env on PID=305444. Old environments in process may now log times incorrectly.
[90;3m2026-05-26 06:19:18,633 [0m[m                               [0m[93mWARNING    [0m[93mCreating logger for new env on PID=305444. Old environments in process may now log times incorrectly.[0m
WARNING:bsk_rl:Creating logger for new env on PID=305444. Old environments in process may now log times incorrectly.
[90;3m2026-05-26 06:21:08,829 [0m[m                               [0m[93mWARNING    [0m[93mCreating logger for new env on PID=305444. Old environments in process may now log times incorrectly.[0m
WARNING:bsk_rl:Creating logger for new env on PID=305444. Old environments in process may now log times incorrectly.
[90;3m2026-05-26 06:23:00,289 [0m[m                               [0m[93mWARNING    [0m[93mCreating logger for new env on PID=305444. Old environments in process may now log times incorrectly.[0m
WARNING:bsk_rl:Creating logger for new env on PID=305444. Old environments in process may now log times incorrectly.
[90;3m2026-05-26 06:24:48,682 [0m[m                               [0m[93mWARNING    [0m[93mCreating logger for new env on PID=305444. Old environments in process may now log times incorrectly.[0m
WARNING:bsk_rl:Creating logger for new env on PID=305444. Old environments in process may now log times incorrectly.
[90;3m2026-05-26 06:26:37,367 [0m[m                               [0m[93mWARNING    [0m[93mCreating logger for new env on PID=305444. Old environments in process may now log times incorrectly.[0m
WARNING:bsk_rl:Creating logger for new env on PID=305444. Old environments in process may now log times incorrectly.
[90;3m2026-05-26 06:28:28,287 [0m[m                               [0m[93mWARNING    [0m[93mCreating logger for new env on PID=305444. Old environments in process may now log times incorrectly.[0m
WARNING:bsk_rl:Creating logger for new env on PID=305444. Old environments in process may now log times incorrectly.
[90;3m2026-05-26 06:30:22,689 [0m[m                               [0m[93mWARNING    [0m[93mCreating logger for new env on PID=305444. Old environments in process may now log times incorrectly.[0m
WARNING:bsk_rl:Creating logger for new env on PID=305444. Old environments in process may now log times incorrectly.
[90;3m2026-05-26 06:32:18,099 [0m[m                               [0m[93mWARNING    [0m[93mCreating logger for new env on PID=305444. Old environments in process may now log times incorrectly.[0m
WARNING:bsk_rl:Creating logger for new env on PID=305444. Old environments in process may now log times incorrectly.
[90;3m2026-05-26 06:34:11,488 [0m[m                               [0m[93mWARNING    [0m[93mCreating logger for new env on PID=305444. Old environments in process may now log times incorrectly.[0m
WARNING:bsk_rl:Creating logger for new env on PID=305444. Old environments in process may now log times incorrectly.
[90;3m2026-05-26 06:35:59,960 [0m[m                               [0m[93mWARNING    [0m[93mCreating logger for new env on PID=305444. Old environments in process may now log times incorrectly.[0m
WARNING:bsk_rl:Creating logger for new env on PID=305444. Old environments in process may now log times incorrectly.
[90;3m2026-05-26 06:37:45,838 [0m[m                               [0m[93mWARNING    [0m[93mCreating logger for new env on PID=305444. Old environments in process may now log times incorrectly.[0m
WARNING:bsk_rl:Creating logger for new env on PID=305444. Old environments in process may now log times incorrectly.
[90;3m2026-05-26 06:39:35,061 [0m[m                               [0m[93mWARNING    [0m[93mCreating logger for new env on PID=305444. Old environments in process may now log times incorrectly.[0m
WARNING:bsk_rl:Creating logger for new env on PID=305444. Old environments in process may now log times incorrectly.
[90;3m2026-05-26 06:41:26,889 [0m[m                               [0m[93mWARNING    [0m[93mCreating logger for new env on PID=305444. Old environments in process may now log times incorrectly.[0m
WARNING:bsk_rl:Creating logger for new env on PID=305444. Old environments in process may now log times incorrectly.
[90;3m2026-05-26 06:43:19,879 [0m[m                               [0m[93mWARNING    [0m[93mCreating logger for new env on PID=305444. Old environments in process may now log times incorrectly.[0m
WARNING:bsk_rl:Creating logger for new env on PID=305444. Old environments in process may now log times incorrectly.
[90;3m2026-05-26 06:45:11,286 [0m[m                               [0m[93mWARNING    [0m[93mCreating logger for new env on PID=305444. Old environments in process may now log times incorrectly.[0m
WARNING:bsk_rl:Creating logger for new env on PID=305444. Old environments in process may now log times incorrectly.
[90;3m2026-05-26 06:47:01,411 [0m[m                               [0m[93mWARNING    [0m[93mCreating logger for new env on PID=305444. Old environments in process may now log times incorrectly.[0m
WARNING:bsk_rl:Creating logger for new env on PID=305444. Old environments in process may now log times incorrectly.
[90;3m2026-05-26 06:48:53,830 [0m[m                               [0m[93mWARNING    [0m[93mCreating logger for new env on PID=305444. Old environments in process may now log times incorrectly.[0m
WARNING:bsk_rl:Creating logger for new env on PID=305444. Old environments in process may now log times incorrectly.
[90;3m2026-05-26 06:50:45,347 [0m[m                               [0m[93mWARNING    [0m[93mCreating logger for new env on PID=305444. Old environments in process may now log times incorrectly.[0m
WARNING:bsk_rl:Creating logger for new env on PID=305444. Old environments in process may now log times incorrectly.
[90;3m2026-05-26 06:52:37,595 [0m[m                               [0m[93mWARNING    [0m[93mCreating logger for new env on PID=305444. Old environments in process may now log times incorrectly.[0m
WARNING:bsk_rl:Creating logger for new env on PID=305444. Old environments in process may now log times incorrectly.
[90;3m2026-05-26 06:54:28,018 [0m[m                               [0m[93mWARNING    [0m[93mCreating logger for new env on PID=305444. Old environments in process may now log times incorrectly.[0m
WARNING:bsk_rl:Creating logger for new env on PID=305444. Old environments in process may now log times incorrectly.
[90;3m2026-05-26 06:56:18,191 [0m[m                               [0m[93mWARNING    [0m[93mCreating logger for new env on PID=305444. Old environments in process may now log times incorrectly.[0m
WARNING:bsk_rl:Creating logger for new env on PID=305444. Old environments in process may now log times incorrectly.
[90;3m2026-05-26 06:58:09,607 [0m[m                               [0m[93mWARNING    [0m[93mCreating logger for new env on PID=305444. Old environments in process may now log times incorrectly.[0m
WARNING:bsk_rl:Creating logger for new env on PID=305444. Old environments in process may now log times incorrectly.
[90;3m2026-05-26 07:00:03,174 [0m[m                               [0m[93mWARNING    [0m[93mCreating logger for new env on PID=305444. Old environments in process may now log times incorrectly.[0m
WARNING:bsk_rl:Creating logger for new env on PID=305444. Old environments in process may now log times incorrectly.
[90;3m2026-05-26 07:01:54,503 [0m[m                               [0m[93mWARNING    [0m[93mCreating logger for new env on PID=305444. Old environments in process may now log times incorrectly.[0m
WARNING:bsk_rl:Creating logger for new env on PID=305444. Old environments in process may now log times incorrectly.
[90;3m2026-05-26 07:03:49,612 [0m[m                               [0m[93mWARNING    [0m[93mCreating logger for new env on PID=305444. Old environments in process may now log times incorrectly.[0m
WARNING:bsk_rl:Creating logger for new env on PID=305444. Old environments in process may now log times incorrectly.
[90;3m2026-05-26 07:05:35,774 [0m[m                               [0m[93mWARNING    [0m[93mCreating logger for new env on PID=305444. Old environments in process may now log times incorrectly.[0m
WARNING:bsk_rl:Creating logger for new env on PID=305444. Old environments in process may now log times incorrectly.
[90;3m2026-05-26 07:07:23,859 [0m[m                               [0m[93mWARNING    [0m[93mCreating logger for new env on PID=305444. Old environments in process may now log times incorrectly.[0m
WARNING:bsk_rl:Creating logger for new env on PID=305444. Old environments in process may now log times incorrectly.
[90;3m2026-05-26 07:09:12,164 [0m[m                               [0m[93mWARNING    [0m[93mCreating logger for new env on PID=305444. Old environments in process may now log times incorrectly.[0m
WARNING:bsk_rl:Creating logger for new env on PID=305444. Old environments in process may now log times incorrectly.
[90;3m2026-05-26 07:10:59,638 [0m[m                               [0m[93mWARNING    [0m[93mCreating logger for new env on PID=305444. Old environments in process may now log times incorrectly.[0m
WARNING:bsk_rl:Creating logger for new env on PID=305444. Old environments in process may now log times incorrectly.
[90;3m2026-05-26 07:12:51,488 [0m[m                               [0m[93mWARNING    [0m[93mCreating logger for new env on PID=305444. Old environments in process may now log times incorrectly.[0m
WARNING:bsk_rl:Creating logger for new env on PID=305444. Old environments in process may now log times incorrectly.
[90;3m2026-05-26 07:14:40,077 [0m[m                               [0m[93mWARNING    [0m[93mCreating logger for new env on PID=305444. Old environments in process may now log times incorrectly.[0m
WARNING:bsk_rl:Creating logger for new env on PID=305444. Old environments in process may now log times incorrectly.
[90;3m2026-05-26 07:16:32,852 [0m[m                               [0m[93mWARNING    [0m[93mCreating logger for new env on PID=305444. Old environments in process may now log times incorrectly.[0m
WARNING:bsk_rl:Creating logger for new env on PID=305444. Old environments in process may now log times incorrectly.
[90;3m2026-05-26 07:18:24,156 [0m[m                               [0m[93mWARNING    [0m[93mCreating logger for new env on PID=305444. Old environments in process may now log times incorrectly.[0m
WARNING:bsk_rl:Creating logger for new env on PID=305444. Old environments in process may now log times incorrectly.
[90;3m2026-05-26 07:20:14,183 [0m[m                               [0m[93mWARNING    [0m[93mCreating logger for new env on PID=305444. Old environments in process may now log times incorrectly.[0m
WARNING:bsk_rl:Creating logger for new env on PID=305444. Old environments in process may now log times incorrectly.
[90;3m2026-05-26 07:22:02,688 [0m[m                               [0m[93mWARNING    [0m[93mCreating logger for new env on PID=305444. Old environments in process may now log times incorrectly.[0m
WARNING:bsk_rl:Creating logger for new env on PID=305444. Old environments in process may now log times incorrectly.
[90;3m2026-05-26 07:23:56,543 [0m[m                               [0m[93mWARNING    [0m[93mCreating logger for new env on PID=305444. Old environments in process may now log times incorrectly.[0m
WARNING:bsk_rl:Creating logger for new env on PID=305444. Old environments in process may now log times incorrectly.
[90;3m2026-05-26 07:25:47,568 [0m[m                               [0m[93mWARNING    [0m[93mCreating logger for new env on PID=305444. Old environments in process may now log times incorrectly.[0m
WARNING:bsk_rl:Creating logger for new env on PID=305444. Old environments in process may now log times incorrectly.
[90;3m2026-05-26 07:27:39,307 [0m[m                               [0m[93mWARNING    [0m[93mCreating logger for new env on PID=305444. Old environments in process may now log times incorrectly.[0m
WARNING:bsk_rl:Creating logger for new env on PID=305444. Old environments in process may now log times incorrectly.
[90;3m2026-05-26 07:29:31,724 [0m[m                               [0m[93mWARNING    [0m[93mCreating logger for new env on PID=305444. Old environments in process may now log times incorrectly.[0m
WARNING:bsk_rl:Creating logger for new env on PID=305444. Old environments in process may now log times incorrectly.
[90;3m2026-05-26 07:31:20,946 [0m[m                               [0m[93mWARNING    [0m[93mCreating logger for new env on PID=305444. Old environments in process may now log times incorrectly.[0m
WARNING:bsk_rl:Creating logger for new env on PID=305444. Old environments in process may now log times incorrectly.
[90;3m2026-05-26 07:33:12,597 [0m[m                               [0m[93mWARNING    [0m[93mCreating logger for new env on PID=305444. Old environments in process may now log times incorrectly.[0m
WARNING:bsk_rl:Creating logger for new env on PID=305444. Old environments in process may now log times incorrectly.
[90;3m2026-05-26 07:35:02,076 [0m[m                               [0m[93mWARNING    [0m[93mCreating logger for new env on PID=305444. Old environments in process may now log times incorrectly.[0m
WARNING:bsk_rl:Creating logger for new env on PID=305444. Old environments in process may now log times incorrectly.
[90;3m2026-05-26 07:36:53,690 [0m[m                               [0m[93mWARNING    [0m[93mCreating logger for new env on PID=305444. Old environments in process may now log times incorrectly.[0m
WARNING:bsk_rl:Creating logger for new env on PID=305444. Old environments in process may now log times incorrectly.
[90;3m2026-05-26 07:38:43,910 [0m[m                               [0m[93mWARNING    [0m[93mCreating logger for new env on PID=305444. Old environments in process may now log times incorrectly.[0m
WARNING:bsk_rl:Creating logger for new env on PID=305444. Old environments in process may now log times incorrectly.
[90;3m2026-05-26 07:40:32,641 [0m[m                               [0m[93mWARNING    [0m[93mCreating logger for new env on PID=305444. Old environments in process may now log times incorrectly.[0m
WARNING:bsk_rl:Creating logger for new env on PID=305444. Old environments in process may now log times incorrectly.
[90;3m2026-05-26 07:42:18,878 [0m[m                               [0m[93mWARNING    [0m[93mCreating logger for new env on PID=305444. Old environments in process may now log times incorrectly.[0m
WARNING:bsk_rl:Creating logger for new env on PID=305444. Old environments in process may now log times incorrectly.
[90;3m2026-05-26 07:44:10,510 [0m[m                               [0m[93mWARNING    [0m[93mCreating logger for new env on PID=305444. Old environments in process may now log times incorrectly.[0m
WARNING:bsk_rl:Creating logger for new env on PID=305444. Old environments in process may now log times incorrectly.
[90;3m2026-05-26 07:46:01,934 [0m[m                               [0m[93mWARNING    [0m[93mCreating logger for new env on PID=305444. Old environments in process may now log times incorrectly.[0m
WARNING:bsk_rl:Creating logger for new env on PID=305444. Old environments in process may now log times incorrectly.
[90;3m2026-05-26 07:47:58,028 [0m[m                               [0m[93mWARNING    [0m[93mCreating logger for new env on PID=305444. Old environments in process may now log times incorrectly.[0m
WARNING:bsk_rl:Creating logger for new env on PID=305444. Old environments in process may now log times incorrectly.
[90;3m2026-05-26 07:49:50,060 [0m[m                               [0m[93mWARNING    [0m[93mCreating logger for new env on PID=305444. Old environments in process may now log times incorrectly.[0m
WARNING:bsk_rl:Creating logger for new env on PID=305444. Old environments in process may now log times incorrectly.
[90;3m2026-05-26 07:51:39,248 [0m[m                               [0m[93mWARNING    [0m[93mCreating logger for new env on PID=305444. Old environments in process may now log times incorrectly.[0m
WARNING:bsk_rl:Creating logger for new env on PID=305444. Old environments in process may now log times incorrectly.
[90;3m2026-05-26 07:53:34,868 [0m[m                               [0m[93mWARNING    [0m[93mCreating logger for new env on PID=305444. Old environments in process may now log times incorrectly.[0m
WARNING:bsk_rl:Creating logger for new env on PID=305444. Old environments in process may now log times incorrectly.
[90;3m2026-05-26 07:55:22,788 [0m[m                               [0m[93mWARNING    [0m[93mCreating logger for new env on PID=305444. Old environments in process may now log times incorrectly.[0m
WARNING:bsk_rl:Creating logger for new env on PID=305444. Old environments in process may now log times incorrectly.
[90;3m2026-05-26 07:57:14,593 [0m[m                               [0m[93mWARNING    [0m[93mCreating logger for new env on PID=305444. Old environments in process may now log times incorrectly.[0m
WARNING:bsk_rl:Creating logger for new env on PID=305444. Old environments in process may now log times incorrectly.
[90;3m2026-05-26 07:59:04,271 [0m[m                               [0m[93mWARNING    [0m[93mCreating logger for new env on PID=305444. Old environments in process may now log times incorrectly.[0m
WARNING:bsk_rl:Creating logger for new env on PID=305444. Old environments in process may now log times incorrectly.
[90;3m2026-05-26 08:00:56,605 [0m[m                               [0m[93mWARNING    [0m[93mCreating logger for new env on PID=305444. Old environments in process may now log times incorrectly.[0m
WARNING:bsk_rl:Creating logger for new env on PID=305444. Old environments in process may now log times incorrectly.
[90;3m2026-05-26 08:02:48,313 [0m[m                               [0m[93mWARNING    [0m[93mCreating logger for new env on PID=305444. Old environments in process may now log times incorrectly.[0m
WARNING:bsk_rl:Creating logger for new env on PID=305444. Old environments in process may now log times incorrectly.
[90;3m2026-05-26 08:04:39,691 [0m[m                               [0m[93mWARNING    [0m[93mCreating logger for new env on PID=305444. Old environments in process may now log times incorrectly.[0m
WARNING:bsk_rl:Creating logger for new env on PID=305444. Old environments in process may now log times incorrectly.
[90;3m2026-05-26 08:06:31,386 [0m[m                               [0m[93mWARNING    [0m[93mCreating logger for new env on PID=305444. Old environments in process may now log times incorrectly.[0m
WARNING:bsk_rl:Creating logger for new env on PID=305444. Old environments in process may now log times incorrectly.
[90;3m2026-05-26 08:08:22,758 [0m[m                               [0m[93mWARNING    [0m[93mCreating logger for new env on PID=305444. Old environments in process may now log times incorrectly.[0m
WARNING:bsk_rl:Creating logger for new env on PID=305444. Old environments in process may now log times incorrectly.
[90;3m2026-05-26 08:10:14,401 [0m[m                               [0m[93mWARNING    [0m[93mCreating logger for new env on PID=305444. Old environments in process may now log times incorrectly.[0m
WARNING:bsk_rl:Creating logger for new env on PID=305444. Old environments in process may now log times incorrectly.
[90;3m2026-05-26 08:12:09,960 [0m[m                               [0m[93mWARNING    [0m[93mCreating logger for new env on PID=305444. Old environments in process may now log times incorrectly.[0m
WARNING:bsk_rl:Creating logger for new env on PID=305444. Old environments in process may now log times incorrectly.
[90;3m2026-05-26 08:13:59,503 [0m[m                               [0m[93mWARNING    [0m[93mCreating logger for new env on PID=305444. Old environments in process may now log times incorrectly.[0m
WARNING:bsk_rl:Creating logger for new env on PID=305444. Old environments in process may now log times incorrectly.
[90;3m2026-05-26 08:15:49,864 [0m[m                               [0m[93mWARNING    [0m[93mCreating logger for new env on PID=305444. Old environments in process may now log times incorrectly.[0m
WARNING:bsk_rl:Creating logger for new env on PID=305444. Old environments in process may now log times incorrectly.
[90;3m2026-05-26 08:17:39,366 [0m[m                               [0m[93mWARNING    [0m[93mCreating logger for new env on PID=305444. Old environments in process may now log times incorrectly.[0m
WARNING:bsk_rl:Creating logger for new env on PID=305444. Old environments in process may now log times incorrectly.
[90;3m2026-05-26 08:19:31,583 [0m[m                               [0m[93mWARNING    [0m[93mCreating logger for new env on PID=305444. Old environments in process may now log times incorrectly.[0m
WARNING:bsk_rl:Creating logger for new env on PID=305444. Old environments in process may now log times incorrectly.
