Using device: cuda
============================================================
  ALSAT-EO-1  Phase 3  Master Training Pipeline
============================================================
  Config  : dyn_real_vision  obs=56  acts=24
  Safety  : ON (default)
  Episodes: 5000  rate=4.0/hr
/home/sanaa/anaconda3/envs/thesis_py311/lib/python3.11/site-packages/torch/nn/modules/conv.py:456: UserWarning: Applied workaround for CuDNN issue, install nvrtc.so (Triggered internally at ../aten/src/ATen/native/cudnn/Conv_v8.cpp:84.)
  return F.conv2d(input, weight, bias, self.stride,
/home/sanaa/anaconda3/envs/thesis_py311/lib/python3.11/site-packages/torch/nn/modules/conv.py:456: UserWarning: Applied workaround for CuDNN issue, install nvrtc.so (Triggered internally at ../aten/src/ATen/native/cudnn/Conv_v8.cpp:84.)
  return F.conv2d(input, weight, bias, self.stride,
Using device: cuda
Using device: cuda
/home/sanaa/anaconda3/envs/thesis_py311/lib/python3.11/site-packages/torch/nn/modules/conv.py:456: UserWarning: Applied workaround for CuDNN issue, install nvrtc.so (Triggered internally at ../aten/src/ATen/native/cudnn/Conv_v8.cpp:84.)
  return F.conv2d(input, weight, bias, self.stride,
/home/sanaa/anaconda3/envs/thesis_py311/lib/python3.11/site-packages/stable_baselines3/common/on_policy_algorithm.py:150: UserWarning: You are trying to run PPO on the GPU, but it is primarily intended to run on the CPU when not using a CNN policy (you are using ActorCriticPolicy which should be a MlpPolicy). See https://github.com/DLR-RM/stable-baselines3/issues/1245 for more info. You can pass `device='cpu'` or `export CUDA_VISIBLE_DEVICES=` to force using the CPU.Note: The model will train, but the GPU utilization will be poor and the training might take longer than on CPU.
  warnings.warn(

============================================================
  Stage 1 -- Behavioral Cloning
============================================================
  Loaded 7,843 transitions from /home/sanaa/Documents/alsat_dynamic_multi/data/demos.npz
  BC pretraining (50 epochs)...
  BC: using 6271/7843 non-drift transitions (80% of demos)
  BC weights: min=0.34  max=2.00  (using 23 distinct actions)
    BC ep  10/50  loss=3.0325  acc=35.23%
    BC ep  20/50  loss=3.0488  acc=36.85%
    BC ep  30/50  loss=3.0214  acc=38.02%
    BC ep  40/50  loss=3.0065  acc=38.02%
    BC ep  50/50  loss=2.9998  acc=38.02%
  BC done.  Best loss=2.9995

============================================================
  Stage 2 -- Curriculum Warm-up
============================================================
  Ep 1/200  phase=static_clear  r=+0.000
  Ep 26/200  phase=static_clear  r=+0.317
  Ep 51/200  phase=static_clear  r=+0.000
  Ep 76/200  phase=static_clear  r=+0.000
  Ep 101/200  phase=static_clear  r=+8.959
  Ep 126/200  phase=static_clear  r=+9.372
  Ep 151/200  phase=static_clear  r=+8.855
  Ep 176/200  phase=static_clear  r=+0.000
Curriculum: phase=static_clear  idx=0
 [INFO] Warm-starting policy weights from models/checkpoints/ppo_smdp_ep00500.zip

============================================================
  Stage 3 -- SMDP-PPO  cfg=dyn_real_vision  obs=56
============================================================
  Live log  → /home/sanaa/Documents/alsat_dynamic_multi/results/training_live.json
  Checkpoints → /home/sanaa/Documents/alsat_dynamic_multi/models/checkpoints/ppo_smdp_epXXXXX.zip
  Ep   10  r= +86.753  avg10=+79.010  cf=100%(avg=96%)  dyn_suc=34%(avg=29%)  dyn_act=95.2%(avg=69.2%)  ent=0.0100  🎯 DYN!
  Ep   20  r= +42.019  avg10=+61.669  cf=100%(avg=97%)  dyn_suc=16%(avg=23%)  dyn_act=65.3%(avg=67.2%)  ent=0.0100  🎯 DYN!
  Ep   30  r= +42.749  avg10=+71.266  cf=100%(avg=97%)  dyn_suc=15%(avg=26%)  dyn_act=71.6%(avg=77.8%)  ent=0.0100  🎯 DYN!
  Ep   40  r= +82.893  avg10=+77.556  cf=100%(avg=95%)  dyn_suc=32%(avg=30%)  dyn_act=69.0%(avg=75.1%)  ent=0.0100  🎯 DYN!
  Ep   50  r= +61.085  avg10=+67.226  cf=100%(avg=97%)  dyn_suc=21%(avg=26%)  dyn_act=58.8%(avg=78.9%)  ent=0.0100  🎯 DYN!
         Actions → static=41%  dyn=59%  drift=0%  | n_dyn_detected=76  n_dyn_imaged=16  | slew=2306°
  Ep   60  r= +82.663  avg10=+72.555  cf=100%(avg=98%)  dyn_suc=30%(avg=26%)  dyn_act=97.9%(avg=77.0%)  ent=0.0100  🎯 DYN!
  Ep   70  r= +74.455  avg10=+75.100  cf=89%(avg=97%)  dyn_suc=30%(avg=27%)  dyn_act=61.6%(avg=68.9%)  ent=0.0100  🎯 DYN!
  Ep   80  r= +55.280  avg10=+66.972  cf=89%(avg=97%)  dyn_suc=22%(avg=25%)  dyn_act=94.5%(avg=76.6%)  ent=0.0100  🎯 DYN!
  Ep   90  r= +75.151  avg10=+56.054  cf=100%(avg=97%)  dyn_suc=24%(avg=21%)  dyn_act=60.0%(avg=72.8%)  ent=0.0100  🎯 DYN!
  [CKPT] Saved → /home/sanaa/Documents/alsat_dynamic_multi/models/checkpoints/ppo_smdp_ep00100.zip
  Ep  100  r= +91.141  avg10=+56.118  cf=100%(avg=99%)  dyn_suc=34%(avg=21%)  dyn_act=79.1%(avg=79.6%)  ent=0.0100  🎯 DYN!
         Actions → static=21%  dyn=79%  drift=0%  | n_dyn_detected=80  n_dyn_imaged=27  | slew=1482°
  Ep  110  r= +51.085  avg10=+47.479  cf=100%(avg=94%)  dyn_suc=21%(avg=18%)  dyn_act=100.0%(avg=79.4%)  ent=0.0100  🎯 DYN!
  Ep  120  r= +57.572  avg10=+58.658  cf=100%(avg=98%)  dyn_suc=18%(avg=20%)  dyn_act=49.4%(avg=64.9%)  ent=0.0100  🎯 DYN!
  Ep  130  r=+106.637  avg10=+50.930  cf=100%(avg=98%)  dyn_suc=36%(avg=16%)  dyn_act=54.3%(avg=46.9%)  ent=0.0100  🎯 DYN!
  Ep  140  r= +98.304  avg10=+66.700  cf=100%(avg=95%)  dyn_suc=35%(avg=25%)  dyn_act=67.1%(avg=67.5%)  ent=0.0100  🎯 DYN!
  Ep  150  r= +36.282  avg10=+70.230  cf=100%(avg=99%)  dyn_suc=9%(avg=25%)  dyn_act=57.8%(avg=69.1%)  ent=0.0100  🎯 DYN!
         Actions → static=42%  dyn=58%  drift=0%  | n_dyn_detected=89  n_dyn_imaged=8  | slew=2253°
  Ep  160  r= +45.584  avg10=+57.760  cf=100%(avg=98%)  dyn_suc=14%(avg=20%)  dyn_act=58.1%(avg=66.2%)  ent=0.0100  🎯 DYN!
  Ep  170  r= +95.369  avg10=+65.755  cf=100%(avg=97%)  dyn_suc=34%(avg=25%)  dyn_act=85.3%(avg=64.0%)  ent=0.0100  🎯 DYN!
  Ep  180  r= +73.727  avg10=+74.222  cf=100%(avg=100%)  dyn_suc=28%(avg=27%)  dyn_act=62.1%(avg=72.9%)  ent=0.0100  🎯 DYN!
  Ep  190  r= +62.311  avg10=+71.751  cf=100%(avg=96%)  dyn_suc=23%(avg=27%)  dyn_act=81.4%(avg=62.6%)  ent=0.0100  🎯 DYN!
  [CKPT] Saved → /home/sanaa/Documents/alsat_dynamic_multi/models/checkpoints/ppo_smdp_ep00200.zip
  Ep  200  r= +50.932  avg10=+68.242  cf=100%(avg=98%)  dyn_suc=15%(avg=24%)  dyn_act=67.1%(avg=66.9%)  ent=0.0100  🎯 DYN!
         Actions → static=33%  dyn=67%  drift=0%  | n_dyn_detected=80  n_dyn_imaged=12  | slew=2353°
  Ep  210  r= +70.906  avg10=+69.231  cf=100%(avg=97%)  dyn_suc=25%(avg=25%)  dyn_act=84.7%(avg=71.9%)  ent=0.0100  🎯 DYN!
  Ep  220  r= +98.695  avg10=+83.698  cf=91%(avg=98%)  dyn_suc=33%(avg=29%)  dyn_act=69.9%(avg=70.0%)  ent=0.0100  🎯 DYN!
  Ep  230  r= +29.949  avg10=+70.197  cf=100%(avg=97%)  dyn_suc=7%(avg=25%)  dyn_act=60.2%(avg=68.1%)  ent=0.0100  🎯 DYN!
  Ep  240  r= +67.206  avg10=+62.402  cf=100%(avg=99%)  dyn_suc=22%(avg=21%)  dyn_act=57.0%(avg=65.3%)  ent=0.0100  🎯 DYN!
  Ep  250  r=+109.181  avg10=+66.159  cf=100%(avg=98%)  dyn_suc=39%(avg=23%)  dyn_act=64.6%(avg=66.0%)  ent=0.0100  🎯 DYN!
         Actions → static=35%  dyn=65%  drift=0%  | n_dyn_detected=85  n_dyn_imaged=33  | slew=1033°
  Ep  260  r= +55.630  avg10=+65.629  cf=100%(avg=96%)  dyn_suc=21%(avg=24%)  dyn_act=63.2%(avg=70.9%)  ent=0.0100  🎯 DYN!
  Ep  270  r= +83.644  avg10=+73.707  cf=100%(avg=97%)  dyn_suc=27%(avg=28%)  dyn_act=59.4%(avg=86.9%)  ent=0.0100  🎯 DYN!
  Ep  280  r= +70.443  avg10=+71.009  cf=100%(avg=99%)  dyn_suc=24%(avg=25%)  dyn_act=63.4%(avg=76.1%)  ent=0.0100  🎯 DYN!
  Ep  290  r= +90.240  avg10=+85.329  cf=100%(avg=97%)  dyn_suc=32%(avg=31%)  dyn_act=91.1%(avg=78.6%)  ent=0.0100  🎯 DYN!
  [CKPT] Saved → /home/sanaa/Documents/alsat_dynamic_multi/models/checkpoints/ppo_smdp_ep00300.zip
  Ep  300  r= +26.489  avg10=+80.208  cf=100%(avg=97%)  dyn_suc=6%(avg=28%)  dyn_act=58.8%(avg=71.1%)  ent=0.0100  🎯 DYN!
         Actions → static=41%  dyn=59%  drift=0%  | n_dyn_detected=78  n_dyn_imaged=5  | slew=1771°
  Ep  310  r= +91.482  avg10=+76.038  cf=100%(avg=99%)  dyn_suc=36%(avg=26%)  dyn_act=96.6%(avg=73.7%)  ent=0.0100  🎯 DYN!
  Ep  320  r= +10.031  avg10=+61.712  cf=100%(avg=98%)  dyn_suc=0%(avg=22%)  dyn_act=56.9%(avg=76.8%)  ent=0.0100  
  Ep  330  r= +95.982  avg10=+65.154  cf=100%(avg=97%)  dyn_suc=36%(avg=23%)  dyn_act=90.5%(avg=68.0%)  ent=0.0100  🎯 DYN!
  Ep  340  r= +69.655  avg10=+61.098  cf=100%(avg=99%)  dyn_suc=26%(avg=22%)  dyn_act=61.1%(avg=60.1%)  ent=0.0100  🎯 DYN!
  Ep  350  r= +89.873  avg10=+59.790  cf=100%(avg=96%)  dyn_suc=29%(avg=21%)  dyn_act=61.9%(avg=56.9%)  ent=0.0100  🎯 DYN!
         Actions → static=38%  dyn=62%  drift=0%  | n_dyn_detected=85  n_dyn_imaged=25  | slew=1907°
  Ep  360  r=+108.795  avg10=+77.016  cf=100%(avg=97%)  dyn_suc=38%(avg=27%)  dyn_act=96.6%(avg=63.5%)  ent=0.0100  🎯 DYN!
  Ep  370  r= +74.813  avg10=+68.822  cf=95%(avg=94%)  dyn_suc=27%(avg=26%)  dyn_act=66.0%(avg=68.8%)  ent=0.0100  🎯 DYN!
  Ep  380  r=+100.974  avg10=+90.721  cf=100%(avg=98%)  dyn_suc=33%(avg=32%)  dyn_act=64.6%(avg=73.1%)  ent=0.0100  🎯 DYN!
  Ep  390  r= +87.110  avg10=+68.714  cf=93%(avg=96%)  dyn_suc=34%(avg=25%)  dyn_act=94.5%(avg=77.5%)  ent=0.0100  🎯 DYN!
  [CKPT] Saved → /home/sanaa/Documents/alsat_dynamic_multi/models/checkpoints/ppo_smdp_ep00400.zip
  Ep  400  r= +80.811  avg10=+76.530  cf=100%(avg=98%)  dyn_suc=27%(avg=27%)  dyn_act=63.4%(avg=72.7%)  ent=0.0100  🎯 DYN!
         Actions → static=37%  dyn=63%  drift=0%  | n_dyn_detected=89  n_dyn_imaged=24  | slew=827°
  Ep  410  r= +55.461  avg10=+77.402  cf=94%(avg=97%)  dyn_suc=20%(avg=28%)  dyn_act=69.6%(avg=73.6%)  ent=0.0100  🎯 DYN!
  Ep  420  r= +46.235  avg10=+57.416  cf=100%(avg=97%)  dyn_suc=13%(avg=21%)  dyn_act=58.1%(avg=68.5%)  ent=0.0100  🎯 DYN!
  Ep  430  r= +42.689  avg10=+71.476  cf=100%(avg=97%)  dyn_suc=12%(avg=26%)  dyn_act=65.8%(avg=74.0%)  ent=0.0100  🎯 DYN!
  Ep  440  r= +97.622  avg10=+68.557  cf=100%(avg=99%)  dyn_suc=33%(avg=25%)  dyn_act=63.4%(avg=70.2%)  ent=0.0100  🎯 DYN!
  Ep  450  r= +77.162  avg10=+73.026  cf=100%(avg=98%)  dyn_suc=28%(avg=27%)  dyn_act=64.8%(avg=70.7%)  ent=0.0100  🎯 DYN!
         Actions → static=35%  dyn=65%  drift=0%  | n_dyn_detected=83  n_dyn_imaged=23  | slew=739°
  Ep  460  r= +82.344  avg10=+70.808  cf=100%(avg=98%)  dyn_suc=30%(avg=27%)  dyn_act=99.3%(avg=74.7%)  ent=0.0100  🎯 DYN!
  Ep  470  r= +82.696  avg10=+81.117  cf=93%(avg=97%)  dyn_suc=31%(avg=30%)  dyn_act=78.8%(avg=75.9%)  ent=0.0100  🎯 DYN!
  Ep  480  r= +72.595  avg10=+76.779  cf=100%(avg=99%)  dyn_suc=26%(avg=28%)  dyn_act=68.0%(avg=74.8%)  ent=0.0100  🎯 DYN!
  Ep  490  r= +98.967  avg10=+67.166  cf=100%(avg=95%)  dyn_suc=35%(avg=24%)  dyn_act=99.3%(avg=67.9%)  ent=0.0100  🎯 DYN!
  [CKPT] Saved → /home/sanaa/Documents/alsat_dynamic_multi/models/checkpoints/ppo_smdp_ep00500.zip
  Ep  500  r= +82.185  avg10=+67.443  cf=95%(avg=97%)  dyn_suc=29%(avg=24%)  dyn_act=69.5%(avg=72.7%)  ent=0.0100  🎯 DYN!
         Actions → static=30%  dyn=70%  drift=0%  | n_dyn_detected=85  n_dyn_imaged=25  | slew=2103°
  Ep  510  r= +55.111  avg10=+92.126  cf=89%(avg=97%)  dyn_suc=24%(avg=34%)  dyn_act=63.4%(avg=78.5%)  ent=0.0100  🎯 DYN!
  Ep  520  r= +44.636  avg10=+79.338  cf=100%(avg=97%)  dyn_suc=13%(avg=28%)  dyn_act=55.6%(avg=63.3%)  ent=0.0100  🎯 DYN!
  Ep  530  r= +27.181  avg10=+58.997  cf=100%(avg=96%)  dyn_suc=7%(avg=21%)  dyn_act=60.0%(avg=62.0%)  ent=0.0100  🎯 DYN!
  Ep  540  r= +82.915  avg10=+62.057  cf=93%(avg=96%)  dyn_suc=35%(avg=22%)  dyn_act=91.7%(avg=72.8%)  ent=0.0100  🎯 DYN!
  Ep  550  r=+114.737  avg10=+73.664  cf=100%(avg=99%)  dyn_suc=40%(avg=27%)  dyn_act=72.0%(avg=72.4%)  ent=0.0100  🎯 DYN!
         Actions → static=26%  dyn=72%  drift=2%  | n_dyn_detected=83  n_dyn_imaged=33  | slew=1906°
  Ep  560  r= +73.317  avg10=+51.164  cf=94%(avg=88%)  dyn_suc=28%(avg=18%)  dyn_act=71.0%(avg=67.3%)  ent=0.0100  🎯 DYN!
  Ep  570  r= +36.034  avg10=+78.398  cf=100%(avg=95%)  dyn_suc=10%(avg=29%)  dyn_act=52.2%(avg=70.6%)  ent=0.0100  🎯 DYN!
  Ep  580  r= +71.674  avg10=+78.059  cf=100%(avg=96%)  dyn_suc=21%(avg=28%)  dyn_act=52.2%(avg=73.1%)  ent=0.0100  🎯 DYN!
  Ep  590  r= +75.390  avg10=+65.639  cf=77%(avg=95%)  dyn_suc=34%(avg=24%)  dyn_act=77.1%(avg=65.6%)  ent=0.0100  🎯 DYN!
  [CKPT] Saved → /home/sanaa/Documents/alsat_dynamic_multi/models/checkpoints/ppo_smdp_ep00600.zip
  Ep  600  r= +84.803  avg10=+75.456  cf=100%(avg=99%)  dyn_suc=30%(avg=25%)  dyn_act=78.4%(avg=72.1%)  ent=0.0100  🎯 DYN!
         Actions → static=22%  dyn=78%  drift=0%  | n_dyn_detected=83  n_dyn_imaged=25  | slew=1341°
  Ep  610  r= +54.712  avg10=+71.423  cf=100%(avg=99%)  dyn_suc=20%(avg=25%)  dyn_act=98.6%(avg=72.4%)  ent=0.0100  🎯 DYN!
  Ep  620  r= +66.736  avg10=+54.190  cf=87%(avg=93%)  dyn_suc=27%(avg=21%)  dyn_act=99.3%(avg=76.2%)  ent=0.0100  🎯 DYN!
  Ep  630  r= +45.537  avg10=+67.372  cf=100%(avg=97%)  dyn_suc=17%(avg=25%)  dyn_act=64.1%(avg=77.1%)  ent=0.0100  🎯 DYN!
  Ep  640  r= +88.027  avg10=+81.583  cf=100%(avg=97%)  dyn_suc=30%(avg=30%)  dyn_act=82.3%(avg=78.5%)  ent=0.0100  🎯 DYN!
  Ep  650  r= +75.338  avg10=+65.433  cf=81%(avg=95%)  dyn_suc=31%(avg=23%)  dyn_act=73.1%(avg=65.0%)  ent=0.0100  🎯 DYN!
         Actions → static=27%  dyn=73%  drift=0%  | n_dyn_detected=88  n_dyn_imaged=27  | slew=859°
  Ep  660  r= +79.253  avg10=+79.348  cf=100%(avg=97%)  dyn_suc=31%(avg=29%)  dyn_act=67.6%(avg=77.5%)  ent=0.0100  🎯 DYN!
  Ep  670  r= +96.960  avg10=+81.569  cf=100%(avg=99%)  dyn_suc=29%(avg=27%)  dyn_act=71.2%(avg=71.0%)  ent=0.0100  🎯 DYN!
  Ep  680  r= +90.675  avg10=+78.896  cf=95%(avg=98%)  dyn_suc=31%(avg=28%)  dyn_act=60.9%(avg=69.6%)  ent=0.0100  🎯 DYN!
  Ep  690  r=+100.012  avg10=+69.858  cf=95%(avg=95%)  dyn_suc=35%(avg=25%)  dyn_act=57.0%(avg=64.1%)  ent=0.0100  🎯 DYN!
  [CKPT] Saved → /home/sanaa/Documents/alsat_dynamic_multi/models/checkpoints/ppo_smdp_ep00700.zip
  Ep  700  r= +51.278  avg10=+65.767  cf=100%(avg=100%)  dyn_suc=18%(avg=23%)  dyn_act=49.7%(avg=66.9%)  ent=0.0100  🎯 DYN!
         Actions → static=50%  dyn=50%  drift=0%  | n_dyn_detected=85  n_dyn_imaged=15  | slew=713°
  Ep  710  r= +46.163  avg10=+59.080  cf=100%(avg=98%)  dyn_suc=12%(avg=19%)  dyn_act=47.8%(avg=52.5%)  ent=0.0100  🎯 DYN!
  Ep  720  r= +84.290  avg10=+73.110  cf=83%(avg=95%)  dyn_suc=36%(avg=26%)  dyn_act=81.4%(avg=65.1%)  ent=0.0100  🎯 DYN!
  Ep  730  r= +65.459  avg10=+71.552  cf=100%(avg=95%)  dyn_suc=22%(avg=25%)  dyn_act=61.8%(avg=69.7%)  ent=0.0100  🎯 DYN!
  Ep  740  r=+104.381  avg10=+58.738  cf=94%(avg=99%)  dyn_suc=38%(avg=19%)  dyn_act=75.3%(avg=62.7%)  ent=0.0100  🎯 DYN!
  Ep  750  r= +32.489  avg10=+77.152  cf=100%(avg=99%)  dyn_suc=7%(avg=26%)  dyn_act=55.0%(avg=67.4%)  ent=0.0100  🎯 DYN!
         Actions → static=45%  dyn=55%  drift=0%  | n_dyn_detected=81  n_dyn_imaged=6  | slew=1976°
  Ep  760  r=+110.792  avg10=+85.392  cf=100%(avg=97%)  dyn_suc=38%(avg=29%)  dyn_act=95.9%(avg=70.5%)  ent=0.0100  🎯 DYN!
  Ep  770  r=+140.323  avg10=+77.162  cf=100%(avg=97%)  dyn_suc=48%(avg=27%)  dyn_act=86.2%(avg=66.9%)  ent=0.0100  🎯 DYN!
  Ep  780  r= +70.964  avg10=+87.260  cf=85%(avg=98%)  dyn_suc=30%(avg=30%)  dyn_act=71.9%(avg=72.1%)  ent=0.0100  🎯 DYN!
  Ep  790  r=+127.686  avg10=+71.895  cf=95%(avg=99%)  dyn_suc=46%(avg=26%)  dyn_act=82.6%(avg=73.0%)  ent=0.0100  🎯 DYN!
  [CKPT] Saved → /home/sanaa/Documents/alsat_dynamic_multi/models/checkpoints/ppo_smdp_ep00800.zip
  Ep  800  r= +78.749  avg10=+90.766  cf=100%(avg=99%)  dyn_suc=28%(avg=32%)  dyn_act=99.3%(avg=83.5%)  ent=0.0100  🎯 DYN!
         Actions → static=1%  dyn=99%  drift=0%  | n_dyn_detected=86  n_dyn_imaged=24  | slew=652°
  Ep  810  r= +80.994  avg10=+76.699  cf=100%(avg=96%)  dyn_suc=30%(avg=29%)  dyn_act=66.2%(avg=83.0%)  ent=0.0100  🎯 DYN!
  Ep  820  r= +37.491  avg10=+51.295  cf=100%(avg=98%)  dyn_suc=10%(avg=17%)  dyn_act=58.1%(avg=68.1%)  ent=0.0100  🎯 DYN!
  Ep  830  r= +58.217  avg10=+70.903  cf=100%(avg=98%)  dyn_suc=19%(avg=25%)  dyn_act=65.1%(avg=72.9%)  ent=0.0100  🎯 DYN!
  Ep  840  r= +17.547  avg10=+69.107  cf=100%(avg=97%)  dyn_suc=3%(avg=25%)  dyn_act=57.1%(avg=72.2%)  ent=0.0100  🎯 DYN!
  Ep  850  r= +73.313  avg10=+75.817  cf=100%(avg=99%)  dyn_suc=24%(avg=26%)  dyn_act=64.4%(avg=74.3%)  ent=0.0100  🎯 DYN!
         Actions → static=36%  dyn=64%  drift=0%  | n_dyn_detected=88  n_dyn_imaged=21  | slew=552°
  Ep  860  r= +84.007  avg10=+82.920  cf=100%(avg=98%)  dyn_suc=26%(avg=29%)  dyn_act=69.4%(avg=76.9%)  ent=0.0100  🎯 DYN!
  Ep  870  r=+101.769  avg10=+89.149  cf=100%(avg=95%)  dyn_suc=35%(avg=32%)  dyn_act=71.8%(avg=85.6%)  ent=0.0100  🎯 DYN!
  Ep  880  r=+106.016  avg10=+84.735  cf=90%(avg=92%)  dyn_suc=42%(avg=32%)  dyn_act=79.9%(avg=78.8%)  ent=0.0100  🎯 DYN!
  Ep  890  r= +44.872  avg10=+66.009  cf=100%(avg=98%)  dyn_suc=18%(avg=23%)  dyn_act=71.9%(avg=72.0%)  ent=0.0100  🎯 DYN!
  [CKPT] Saved → /home/sanaa/Documents/alsat_dynamic_multi/models/checkpoints/ppo_smdp_ep00900.zip
  Ep  900  r= +81.505  avg10=+71.708  cf=100%(avg=99%)  dyn_suc=28%(avg=24%)  dyn_act=67.6%(avg=67.7%)  ent=0.0100  🎯 DYN!
         Actions → static=32%  dyn=68%  drift=0%  | n_dyn_detected=85  n_dyn_imaged=24  | slew=939°
  Ep  910  r=+156.006  avg10=+99.961  cf=92%(avg=95%)  dyn_suc=62%(avg=38%)  dyn_act=99.3%(avg=81.4%)  ent=0.0100  🎯 DYN!
  Ep  920  r= +73.632  avg10=+72.573  cf=100%(avg=97%)  dyn_suc=23%(avg=26%)  dyn_act=56.7%(avg=71.0%)  ent=0.0100  🎯 DYN!
  Ep  930  r= +90.334  avg10=+75.983  cf=100%(avg=98%)  dyn_suc=31%(avg=27%)  dyn_act=86.9%(avg=76.8%)  ent=0.0100  🎯 DYN!
  Ep  940  r= +63.541  avg10=+82.847  cf=100%(avg=96%)  dyn_suc=24%(avg=30%)  dyn_act=69.4%(avg=74.1%)  ent=0.0100  🎯 DYN!
  Ep  950  r= +86.904  avg10=+86.896  cf=93%(avg=97%)  dyn_suc=30%(avg=29%)  dyn_act=60.6%(avg=69.6%)  ent=0.0100  🎯 DYN!
         Actions → static=39%  dyn=61%  drift=0%  | n_dyn_detected=86  n_dyn_imaged=26  | slew=2409°
  Ep  960  r= +80.567  avg10=+77.450  cf=100%(avg=99%)  dyn_suc=30%(avg=29%)  dyn_act=97.9%(avg=82.5%)  ent=0.0100  🎯 DYN!
  Ep  970  r=+115.632  avg10=+72.877  cf=95%(avg=95%)  dyn_suc=44%(avg=26%)  dyn_act=69.0%(avg=68.4%)  ent=0.0100  🎯 DYN!
  Ep  980  r= +55.468  avg10=+59.031  cf=100%(avg=96%)  dyn_suc=18%(avg=22%)  dyn_act=58.2%(avg=69.9%)  ent=0.0100  🎯 DYN!
  Ep  990  r=  +9.997  avg10=+63.874  cf=100%(avg=96%)  dyn_suc=0%(avg=22%)  dyn_act=56.6%(avg=65.1%)  ent=0.0100  
  [CKPT] Saved → /home/sanaa/Documents/alsat_dynamic_multi/models/checkpoints/ppo_smdp_ep01000.zip
  Ep 1000  r= +97.770  avg10=+77.222  cf=100%(avg=97%)  dyn_suc=35%(avg=28%)  dyn_act=63.9%(avg=70.5%)  ent=0.0100  🎯 DYN!
         Actions → static=35%  dyn=64%  drift=1%  | n_dyn_detected=82  n_dyn_imaged=29  | slew=759°
  Ep 1010  r= +79.466  avg10=+70.757  cf=100%(avg=100%)  dyn_suc=29%(avg=24%)  dyn_act=97.2%(avg=74.7%)  ent=0.0100  🎯 DYN!
  Ep 1020  r=+107.169  avg10=+75.355  cf=94%(avg=99%)  dyn_suc=40%(avg=27%)  dyn_act=77.8%(avg=76.6%)  ent=0.0100  🎯 DYN!
  Ep 1030  r=+110.970  avg10=+69.092  cf=100%(avg=94%)  dyn_suc=39%(avg=25%)  dyn_act=71.1%(avg=69.4%)  ent=0.0100  🎯 DYN!
  Ep 1040  r= +83.866  avg10=+73.848  cf=100%(avg=97%)  dyn_suc=29%(avg=27%)  dyn_act=69.2%(avg=75.4%)  ent=0.0100  🎯 DYN!
  Ep 1050  r= +42.346  avg10=+60.339  cf=100%(avg=98%)  dyn_suc=16%(avg=21%)  dyn_act=63.9%(avg=67.8%)  ent=0.0100  🎯 DYN!
         Actions → static=36%  dyn=64%  drift=0%  | n_dyn_detected=81  n_dyn_imaged=13  | slew=429°
  Ep 1060  r= +49.660  avg10=+76.973  cf=100%(avg=95%)  dyn_suc=14%(avg=28%)  dyn_act=60.0%(avg=68.4%)  ent=0.0100  🎯 DYN!
  Ep 1070  r= +85.660  avg10=+78.170  cf=100%(avg=98%)  dyn_suc=30%(avg=28%)  dyn_act=84.1%(avg=77.8%)  ent=0.0100  🎯 DYN!
  Ep 1080  r=+101.069  avg10=+64.947  cf=100%(avg=96%)  dyn_suc=35%(avg=23%)  dyn_act=84.2%(avg=65.1%)  ent=0.0100  🎯 DYN!
  Ep 1090  r= +91.612  avg10=+100.341  cf=93%(avg=93%)  dyn_suc=32%(avg=37%)  dyn_act=86.8%(avg=83.8%)  ent=0.0100  🎯 DYN!
  [CKPT] Saved → /home/sanaa/Documents/alsat_dynamic_multi/models/checkpoints/ppo_smdp_ep01100.zip
  Ep 1100  r=+100.826  avg10=+76.747  cf=94%(avg=96%)  dyn_suc=35%(avg=28%)  dyn_act=87.7%(avg=91.6%)  ent=0.0100  🎯 DYN!
         Actions → static=12%  dyn=88%  drift=0%  | n_dyn_detected=91  n_dyn_imaged=32  | slew=1214°
  Ep 1110  r=+117.714  avg10=+92.426  cf=95%(avg=96%)  dyn_suc=42%(avg=32%)  dyn_act=86.4%(avg=84.6%)  ent=0.0100  🎯 DYN!
  Ep 1120  r= +81.196  avg10=+90.416  cf=92%(avg=95%)  dyn_suc=31%(avg=32%)  dyn_act=91.0%(avg=89.0%)  ent=0.0100  🎯 DYN!
  Ep 1130  r=+106.647  avg10=+89.468  cf=87%(avg=95%)  dyn_suc=40%(avg=32%)  dyn_act=83.2%(avg=80.1%)  ent=0.0100  🎯 DYN!
  Ep 1140  r= +48.167  avg10=+78.619  cf=100%(avg=94%)  dyn_suc=19%(avg=30%)  dyn_act=97.2%(avg=86.3%)  ent=0.0100  🎯 DYN!
  Ep 1150  r= +70.462  avg10=+83.242  cf=100%(avg=97%)  dyn_suc=27%(avg=30%)  dyn_act=98.6%(avg=97.9%)  ent=0.0100  🎯 DYN!
         Actions → static=1%  dyn=99%  drift=0%  | n_dyn_detected=81  n_dyn_imaged=22  | slew=662°
  Ep 1160  r=+105.359  avg10=+106.708  cf=94%(avg=94%)  dyn_suc=38%(avg=39%)  dyn_act=90.4%(avg=96.0%)  ent=0.0100  🎯 DYN!
  Ep 1170  r= +95.512  avg10=+77.142  cf=100%(avg=96%)  dyn_suc=34%(avg=29%)  dyn_act=86.2%(avg=93.0%)  ent=0.0100  🎯 DYN!
  Ep 1180  r=+104.413  avg10=+87.158  cf=100%(avg=92%)  dyn_suc=37%(avg=33%)  dyn_act=90.6%(avg=95.4%)  ent=0.0100  🎯 DYN!
  Ep 1190  r= +96.650  avg10=+80.787  cf=100%(avg=94%)  dyn_suc=35%(avg=30%)  dyn_act=95.8%(avg=92.7%)  ent=0.0100  🎯 DYN!
  [CKPT] Saved → /home/sanaa/Documents/alsat_dynamic_multi/models/checkpoints/ppo_smdp_ep01200.zip
  Ep 1200  r= +49.079  avg10=+88.733  cf=75%(avg=91%)  dyn_suc=24%(avg=34%)  dyn_act=94.5%(avg=95.3%)  ent=0.0100  🎯 DYN!
         Actions → static=5%  dyn=95%  drift=0%  | n_dyn_detected=85  n_dyn_imaged=20  | slew=712°
  Ep 1210  r= +83.445  avg10=+80.917  cf=90%(avg=96%)  dyn_suc=30%(avg=29%)  dyn_act=93.9%(avg=95.2%)  ent=0.0100  🎯 DYN!
  Ep 1220  r= +90.557  avg10=+109.056  cf=88%(avg=96%)  dyn_suc=36%(avg=39%)  dyn_act=97.9%(avg=98.4%)  ent=0.0100  🎯 DYN!
  Ep 1230  r=+102.583  avg10=+83.880  cf=100%(avg=95%)  dyn_suc=38%(avg=31%)  dyn_act=93.1%(avg=97.1%)  ent=0.0100  🎯 DYN!
  Ep 1240  r= +74.494  avg10=+102.276  cf=77%(avg=96%)  dyn_suc=34%(avg=37%)  dyn_act=97.9%(avg=97.0%)  ent=0.0100  🎯 DYN!
  Ep 1250  r= +34.058  avg10=+78.411  cf=100%(avg=95%)  dyn_suc=12%(avg=29%)  dyn_act=79.3%(avg=85.2%)  ent=0.0100  🎯 DYN!
         Actions → static=21%  dyn=79%  drift=0%  | n_dyn_detected=85  n_dyn_imaged=10  | slew=524°
  Ep 1260  r= +84.821  avg10=+93.533  cf=100%(avg=97%)  dyn_suc=28%(avg=32%)  dyn_act=93.2%(avg=91.4%)  ent=0.0100  🎯 DYN!
  Ep 1270  r= +86.748  avg10=+104.660  cf=86%(avg=96%)  dyn_suc=35%(avg=37%)  dyn_act=97.9%(avg=92.0%)  ent=0.0100  🎯 DYN!
  Ep 1280  r=+100.755  avg10=+98.740  cf=100%(avg=95%)  dyn_suc=34%(avg=36%)  dyn_act=98.6%(avg=95.4%)  ent=0.0100  🎯 DYN!
  Ep 1290  r= +95.717  avg10=+100.330  cf=100%(avg=98%)  dyn_suc=32%(avg=35%)  dyn_act=90.4%(avg=93.5%)  ent=0.0100  🎯 DYN!
  [CKPT] Saved → /home/sanaa/Documents/alsat_dynamic_multi/models/checkpoints/ppo_smdp_ep01300.zip
  Ep 1300  r= +93.962  avg10=+99.161  cf=100%(avg=98%)  dyn_suc=34%(avg=35%)  dyn_act=96.5%(avg=93.7%)  ent=0.0100  🎯 DYN!
         Actions → static=3%  dyn=97%  drift=0%  | n_dyn_detected=83  n_dyn_imaged=28  | slew=802°
  Ep 1310  r=+107.751  avg10=+100.816  cf=100%(avg=94%)  dyn_suc=38%(avg=36%)  dyn_act=97.2%(avg=89.3%)  ent=0.0100  🎯 DYN!
  Ep 1320  r= +71.627  avg10=+93.848  cf=92%(avg=98%)  dyn_suc=28%(avg=33%)  dyn_act=90.3%(avg=93.9%)  ent=0.0100  🎯 DYN!
  Ep 1330  r=+126.409  avg10=+96.552  cf=95%(avg=92%)  dyn_suc=42%(avg=35%)  dyn_act=97.2%(avg=94.9%)  ent=0.0100  🎯 DYN!
  Ep 1340  r=+122.479  avg10=+106.352  cf=95%(avg=94%)  dyn_suc=45%(avg=40%)  dyn_act=100.0%(avg=98.6%)  ent=0.0100  🎯 DYN!
  Ep 1350  r=+129.126  avg10=+86.557  cf=95%(avg=95%)  dyn_suc=46%(avg=32%)  dyn_act=100.0%(avg=99.0%)  ent=0.0100  🎯 DYN!
         Actions → static=0%  dyn=100%  drift=0%  | n_dyn_detected=92  n_dyn_imaged=42  | slew=1253°
  Ep 1360  r= +72.354  avg10=+90.754  cf=100%(avg=96%)  dyn_suc=28%(avg=34%)  dyn_act=100.0%(avg=99.2%)  ent=0.0100  🎯 DYN!
  Ep 1370  r=+119.881  avg10=+106.314  cf=97%(avg=96%)  dyn_suc=43%(avg=38%)  dyn_act=99.3%(avg=99.0%)  ent=0.0100  🎯 DYN!
  Ep 1380  r= +56.381  avg10=+97.541  cf=100%(avg=97%)  dyn_suc=20%(avg=35%)  dyn_act=97.9%(avg=99.4%)  ent=0.0100  🎯 DYN!
  Ep 1390  r= +61.397  avg10=+82.723  cf=100%(avg=96%)  dyn_suc=20%(avg=30%)  dyn_act=98.6%(avg=98.8%)  ent=0.0100  🎯 DYN!
  [CKPT] Saved → /home/sanaa/Documents/alsat_dynamic_multi/models/checkpoints/ppo_smdp_ep01400.zip
  Ep 1400  r=+137.762  avg10=+106.683  cf=91%(avg=93%)  dyn_suc=50%(avg=39%)  dyn_act=98.6%(avg=98.9%)  ent=0.0100  🎯 DYN!
         Actions → static=1%  dyn=99%  drift=0%  | n_dyn_detected=90  n_dyn_imaged=45  | slew=1357°
  Ep 1410  r= +97.179  avg10=+99.315  cf=100%(avg=97%)  dyn_suc=36%(avg=37%)  dyn_act=100.0%(avg=99.4%)  ent=0.0100  🎯 DYN!
  Ep 1420  r= +85.607  avg10=+86.022  cf=100%(avg=98%)  dyn_suc=32%(avg=31%)  dyn_act=100.0%(avg=99.5%)  ent=0.0100  🎯 DYN!
  Ep 1430  r=+107.026  avg10=+103.494  cf=94%(avg=96%)  dyn_suc=41%(avg=38%)  dyn_act=96.6%(avg=97.8%)  ent=0.0100  🎯 DYN!
  Ep 1440  r= +99.794  avg10=+102.879  cf=100%(avg=95%)  dyn_suc=37%(avg=37%)  dyn_act=97.9%(avg=98.1%)  ent=0.0100  🎯 DYN!
  Ep 1450  r=+108.080  avg10=+99.524  cf=100%(avg=97%)  dyn_suc=37%(avg=36%)  dyn_act=95.2%(avg=95.7%)  ent=0.0100  🎯 DYN!
         Actions → static=5%  dyn=95%  drift=0%  | n_dyn_detected=86  n_dyn_imaged=32  | slew=987°
  Ep 1460  r=+120.034  avg10=+82.964  cf=100%(avg=96%)  dyn_suc=42%(avg=30%)  dyn_act=97.2%(avg=88.9%)  ent=0.0100  🎯 DYN!
  Ep 1470  r= +46.180  avg10=+89.506  cf=100%(avg=97%)  dyn_suc=16%(avg=32%)  dyn_act=98.6%(avg=95.7%)  ent=0.0100  🎯 DYN!
  Ep 1480  r= +76.903  avg10=+103.374  cf=94%(avg=95%)  dyn_suc=30%(avg=36%)  dyn_act=83.9%(avg=94.2%)  ent=0.0100  🎯 DYN!
  Ep 1490  r=+120.887  avg10=+105.217  cf=100%(avg=97%)  dyn_suc=42%(avg=38%)  dyn_act=92.4%(avg=92.8%)  ent=0.0100  🎯 DYN!
  [CKPT] Saved → /home/sanaa/Documents/alsat_dynamic_multi/models/checkpoints/ppo_smdp_ep01500.zip
  Ep 1500  r=+124.472  avg10=+95.375  cf=100%(avg=96%)  dyn_suc=41%(avg=33%)  dyn_act=94.6%(avg=91.1%)  ent=0.0100  🎯 DYN!
         Actions → static=3%  dyn=95%  drift=3%  | n_dyn_detected=91  n_dyn_imaged=37  | slew=1191°
  Ep 1510  r=+124.730  avg10=+106.676  cf=100%(avg=98%)  dyn_suc=42%(avg=37%)  dyn_act=95.9%(avg=91.9%)  ent=0.0100  🎯 DYN!
  Ep 1520  r= +79.542  avg10=+99.298  cf=100%(avg=96%)  dyn_suc=28%(avg=36%)  dyn_act=96.6%(avg=94.9%)  ent=0.0100  🎯 DYN!
  Ep 1530  r= +80.803  avg10=+104.759  cf=100%(avg=94%)  dyn_suc=29%(avg=39%)  dyn_act=97.9%(avg=95.4%)  ent=0.0100  🎯 DYN!
  Ep 1540  r= +87.569  avg10=+99.667  cf=100%(avg=98%)  dyn_suc=29%(avg=36%)  dyn_act=97.2%(avg=96.5%)  ent=0.0100  🎯 DYN!
  Ep 1550  r=+109.019  avg10=+105.495  cf=100%(avg=98%)  dyn_suc=36%(avg=37%)  dyn_act=96.6%(avg=97.2%)  ent=0.0100  🎯 DYN!
         Actions → static=3%  dyn=97%  drift=0%  | n_dyn_detected=88  n_dyn_imaged=32  | slew=1159°
  Ep 1560  r= +81.860  avg10=+89.211  cf=78%(avg=95%)  dyn_suc=37%(avg=33%)  dyn_act=95.2%(avg=98.3%)  ent=0.0100  🎯 DYN!
  Ep 1570  r=+145.391  avg10=+104.647  cf=92%(avg=97%)  dyn_suc=57%(avg=38%)  dyn_act=98.6%(avg=97.9%)  ent=0.0100  🎯 DYN!
  Ep 1580  r= +83.814  avg10=+85.955  cf=100%(avg=97%)  dyn_suc=28%(avg=30%)  dyn_act=95.9%(avg=96.1%)  ent=0.0100  🎯 DYN!
  Ep 1590  r= +77.254  avg10=+108.431  cf=100%(avg=98%)  dyn_suc=28%(avg=38%)  dyn_act=69.7%(avg=90.8%)  ent=0.0100  🎯 DYN!
  [CKPT] Saved → /home/sanaa/Documents/alsat_dynamic_multi/models/checkpoints/ppo_smdp_ep01600.zip
  Ep 1600  r= +64.261  avg10=+101.019  cf=85%(avg=96%)  dyn_suc=28%(avg=36%)  dyn_act=94.5%(avg=87.3%)  ent=0.0100  🎯 DYN!
         Actions → static=5%  dyn=95%  drift=0%  | n_dyn_detected=81  n_dyn_imaged=23  | slew=819°
  Ep 1610  r= +76.683  avg10=+89.126  cf=100%(avg=97%)  dyn_suc=27%(avg=33%)  dyn_act=72.4%(avg=86.5%)  ent=0.0100  🎯 DYN!
  Ep 1620  r= +93.456  avg10=+77.025  cf=100%(avg=99%)  dyn_suc=34%(avg=27%)  dyn_act=99.3%(avg=79.3%)  ent=0.0100  🎯 DYN!
  Ep 1630  r= +60.437  avg10=+77.426  cf=100%(avg=97%)  dyn_suc=19%(avg=28%)  dyn_act=60.9%(avg=78.5%)  ent=0.0100  🎯 DYN!
  Ep 1640  r=+105.556  avg10=+79.770  cf=100%(avg=96%)  dyn_suc=38%(avg=29%)  dyn_act=72.4%(avg=74.2%)  ent=0.0100  🎯 DYN!
  Ep 1650  r= +72.197  avg10=+76.242  cf=94%(avg=92%)  dyn_suc=26%(avg=30%)  dyn_act=63.4%(avg=79.6%)  ent=0.0100  🎯 DYN!
         Actions → static=37%  dyn=63%  drift=0%  | n_dyn_detected=85  n_dyn_imaged=22  | slew=1773°
  Ep 1660  r= +77.143  avg10=+87.451  cf=95%(avg=98%)  dyn_suc=28%(avg=30%)  dyn_act=69.7%(avg=67.7%)  ent=0.0100  🎯 DYN!
  Ep 1670  r= +66.703  avg10=+91.531  cf=100%(avg=96%)  dyn_suc=20%(avg=32%)  dyn_act=61.4%(avg=72.6%)  ent=0.0100  🎯 DYN!
  Ep 1680  r= +31.264  avg10=+65.274  cf=100%(avg=99%)  dyn_suc=7%(avg=23%)  dyn_act=58.9%(avg=67.5%)  ent=0.0100  🎯 DYN!
  Ep 1690  r= +56.886  avg10=+73.960  cf=89%(avg=97%)  dyn_suc=21%(avg=25%)  dyn_act=84.1%(avg=74.4%)  ent=0.0100  🎯 DYN!
  [CKPT] Saved → /home/sanaa/Documents/alsat_dynamic_multi/models/checkpoints/ppo_smdp_ep01700.zip
  Ep 1700  r= +42.626  avg10=+71.928  cf=100%(avg=98%)  dyn_suc=13%(avg=25%)  dyn_act=59.5%(avg=75.2%)  ent=0.0100  🎯 DYN!
         Actions → static=41%  dyn=59%  drift=0%  | n_dyn_detected=79  n_dyn_imaged=10  | slew=2348°
  Ep 1710  r=  +0.000 ← DRIFT/NO-ACCESS  avg10=+79.741  cf=0%(avg=86%)  dyn_suc=0%(avg=30%)  dyn_act=72.9%(avg=79.6%)  ent=0.0100  
  Ep 1720  r= +74.688  avg10=+72.193  cf=100%(avg=89%)  dyn_suc=22%(avg=25%)  dyn_act=59.6%(avg=73.1%)  ent=0.0100  🎯 DYN!
  Ep 1730  r=+102.437  avg10=+66.946  cf=100%(avg=98%)  dyn_suc=38%(avg=24%)  dyn_act=100.0%(avg=77.4%)  ent=0.0100  🎯 DYN!
  Ep 1740  r= +55.967  avg10=+74.465  cf=100%(avg=87%)  dyn_suc=17%(avg=27%)  dyn_act=59.7%(avg=80.1%)  ent=0.0100  🎯 DYN!
  Ep 1750  r= +69.015  avg10=+77.689  cf=100%(avg=96%)  dyn_suc=26%(avg=28%)  dyn_act=70.8%(avg=74.8%)  ent=0.0100  🎯 DYN!
         Actions → static=29%  dyn=71%  drift=0%  | n_dyn_detected=81  n_dyn_imaged=21  | slew=689°
  Ep 1760  r= +83.691  avg10=+80.323  cf=100%(avg=97%)  dyn_suc=32%(avg=28%)  dyn_act=97.9%(avg=71.9%)  ent=0.0100  🎯 DYN!
  Ep 1770  r=+121.858  avg10=+85.097  cf=100%(avg=96%)  dyn_suc=43%(avg=31%)  dyn_act=81.7%(avg=72.4%)  ent=0.0100  🎯 DYN!
  Ep 1780  r=+115.322  avg10=+84.096  cf=100%(avg=99%)  dyn_suc=41%(avg=31%)  dyn_act=99.3%(avg=80.7%)  ent=0.0100  🎯 DYN!
  Ep 1790  r= +66.555  avg10=+73.466  cf=92%(avg=97%)  dyn_suc=28%(avg=27%)  dyn_act=78.2%(avg=81.0%)  ent=0.0100  🎯 DYN!
  [CKPT] Saved → /home/sanaa/Documents/alsat_dynamic_multi/models/checkpoints/ppo_smdp_ep01800.zip
  Ep 1800  r=+103.563  avg10=+84.099  cf=84%(avg=96%)  dyn_suc=41%(avg=31%)  dyn_act=99.3%(avg=87.1%)  ent=0.0100  🎯 DYN!
         Actions → static=0%  dyn=99%  drift=1%  | n_dyn_detected=92  n_dyn_imaged=38  | slew=1177°
  Ep 1810  r= +44.816  avg10=+72.544  cf=100%(avg=96%)  dyn_suc=18%(avg=27%)  dyn_act=100.0%(avg=81.9%)  ent=0.0100  🎯 DYN!
  Ep 1820  r= +79.849  avg10=+72.867  cf=100%(avg=94%)  dyn_suc=26%(avg=28%)  dyn_act=68.8%(avg=84.0%)  ent=0.0100  🎯 DYN!
  Ep 1830  r=+106.405  avg10=+94.731  cf=100%(avg=96%)  dyn_suc=36%(avg=33%)  dyn_act=92.0%(avg=80.9%)  ent=0.0100  🎯 DYN!
  Ep 1840  r= +62.087  avg10=+85.815  cf=92%(avg=95%)  dyn_suc=24%(avg=31%)  dyn_act=92.6%(avg=84.8%)  ent=0.0100  🎯 DYN!
  Ep 1850  r= +79.434  avg10=+90.962  cf=84%(avg=97%)  dyn_suc=34%(avg=33%)  dyn_act=68.0%(avg=82.8%)  ent=0.0100  🎯 DYN!
         Actions → static=32%  dyn=68%  drift=0%  | n_dyn_detected=83  n_dyn_imaged=28  | slew=1811°
  Ep 1860  r=+101.189  avg10=+88.573  cf=100%(avg=98%)  dyn_suc=35%(avg=32%)  dyn_act=85.2%(avg=81.2%)  ent=0.0100  🎯 DYN!
  Ep 1870  r=+119.806  avg10=+100.182  cf=95%(avg=97%)  dyn_suc=43%(avg=37%)  dyn_act=83.4%(avg=88.2%)  ent=0.0100  🎯 DYN!
  Ep 1880  r= +97.028  avg10=+90.727  cf=94%(avg=97%)  dyn_suc=35%(avg=33%)  dyn_act=94.5%(avg=91.4%)  ent=0.0100  🎯 DYN!
  Ep 1890  r=+117.334  avg10=+116.757  cf=95%(avg=95%)  dyn_suc=46%(avg=43%)  dyn_act=97.9%(avg=97.7%)  ent=0.0100  🎯 DYN!
  [CKPT] Saved → /home/sanaa/Documents/alsat_dynamic_multi/models/checkpoints/ppo_smdp_ep01900.zip
  Ep 1900  r=+114.295  avg10=+109.037  cf=89%(avg=96%)  dyn_suc=42%(avg=39%)  dyn_act=97.9%(avg=98.5%)  ent=0.0100  🎯 DYN!
         Actions → static=2%  dyn=98%  drift=0%  | n_dyn_detected=91  n_dyn_imaged=38  | slew=1127°
  Ep 1910  r=+161.921  avg10=+122.575  cf=100%(avg=99%)  dyn_suc=51%(avg=42%)  dyn_act=95.9%(avg=96.6%)  ent=0.0100  🎯 DYN!
  Ep 1920  r= +89.308  avg10=+97.912  cf=94%(avg=95%)  dyn_suc=39%(avg=37%)  dyn_act=100.0%(avg=97.8%)  ent=0.0100  🎯 DYN!
  Ep 1930  r=+117.615  avg10=+92.912  cf=100%(avg=97%)  dyn_suc=39%(avg=34%)  dyn_act=100.0%(avg=99.6%)  ent=0.0100  🎯 DYN!
  Ep 1940  r= +85.250  avg10=+103.268  cf=100%(avg=99%)  dyn_suc=32%(avg=37%)  dyn_act=99.3%(avg=99.3%)  ent=0.0100  🎯 DYN!
  Ep 1950  r=+104.021  avg10=+109.013  cf=94%(avg=97%)  dyn_suc=35%(avg=38%)  dyn_act=95.1%(avg=97.3%)  ent=0.0100  🎯 DYN!
         Actions → static=5%  dyn=95%  drift=0%  | n_dyn_detected=93  n_dyn_imaged=33  | slew=964°
  Ep 1960  r= +96.412  avg10=+88.073  cf=100%(avg=97%)  dyn_suc=31%(avg=32%)  dyn_act=93.1%(avg=90.4%)  ent=0.0100  🎯 DYN!
  Ep 1970  r=+100.161  avg10=+97.693  cf=100%(avg=95%)  dyn_suc=39%(avg=37%)  dyn_act=95.2%(avg=93.8%)  ent=0.0100  🎯 DYN!
  Ep 1980  r=+107.230  avg10=+98.638  cf=94%(avg=96%)  dyn_suc=40%(avg=37%)  dyn_act=93.8%(avg=92.5%)  ent=0.0100  🎯 DYN!
  Ep 1990  r= +91.391  avg10=+93.932  cf=88%(avg=97%)  dyn_suc=36%(avg=34%)  dyn_act=82.3%(avg=90.6%)  ent=0.0100  🎯 DYN!
  [CKPT] Saved → /home/sanaa/Documents/alsat_dynamic_multi/models/checkpoints/ppo_smdp_ep02000.zip
  Ep 2000  r= +65.052  avg10=+102.274  cf=100%(avg=94%)  dyn_suc=24%(avg=39%)  dyn_act=96.6%(avg=91.4%)  ent=0.0100  🎯 DYN!
         Actions → static=3%  dyn=97%  drift=0%  | n_dyn_detected=82  n_dyn_imaged=20  | slew=637°
  Ep 2010  r= +57.106  avg10=+78.432  cf=100%(avg=88%)  dyn_suc=22%(avg=29%)  dyn_act=92.4%(avg=94.2%)  ent=0.0100  🎯 DYN!
  Ep 2020  r=+104.476  avg10=+109.575  cf=100%(avg=96%)  dyn_suc=38%(avg=40%)  dyn_act=100.0%(avg=97.1%)  ent=0.0100  🎯 DYN!
  Ep 2030  r=+111.208  avg10=+94.427  cf=100%(avg=97%)  dyn_suc=41%(avg=35%)  dyn_act=100.0%(avg=98.8%)  ent=0.0100  🎯 DYN!
  Ep 2040  r=+120.130  avg10=+85.137  cf=100%(avg=96%)  dyn_suc=45%(avg=32%)  dyn_act=100.0%(avg=99.4%)  ent=0.0100  🎯 DYN!
  Ep 2050  r= +60.881  avg10=+93.508  cf=91%(avg=96%)  dyn_suc=30%(avg=36%)  dyn_act=100.0%(avg=99.0%)  ent=0.0100  🎯 DYN!
         Actions → static=0%  dyn=100%  drift=0%  | n_dyn_detected=76  n_dyn_imaged=23  | slew=731°
  Ep 2060  r= +87.133  avg10=+95.189  cf=100%(avg=99%)  dyn_suc=33%(avg=34%)  dyn_act=100.0%(avg=99.2%)  ent=0.0100  🎯 DYN!
  Ep 2070  r= +43.016  avg10=+84.803  cf=74%(avg=94%)  dyn_suc=23%(avg=33%)  dyn_act=100.0%(avg=99.2%)  ent=0.0100  🎯 DYN!
  Ep 2080  r=+105.372  avg10=+98.059  cf=91%(avg=97%)  dyn_suc=45%(avg=37%)  dyn_act=97.2%(avg=99.0%)  ent=0.0100  🎯 DYN!
  Ep 2090  r= +70.592  avg10=+96.153  cf=88%(avg=96%)  dyn_suc=28%(avg=35%)  dyn_act=90.3%(avg=93.2%)  ent=0.0100  🎯 DYN!
  [CKPT] Saved → /home/sanaa/Documents/alsat_dynamic_multi/models/checkpoints/ppo_smdp_ep02100.zip
  Ep 2100  r=+120.971  avg10=+92.507  cf=100%(avg=94%)  dyn_suc=37%(avg=34%)  dyn_act=89.9%(avg=84.5%)  ent=0.0100  🎯 DYN!
         Actions → static=4%  dyn=90%  drift=6%  | n_dyn_detected=94  n_dyn_imaged=35  | slew=1231°
  Ep 2110  r= +78.653  avg10=+86.646  cf=100%(avg=96%)  dyn_suc=30%(avg=31%)  dyn_act=90.3%(avg=91.8%)  ent=0.0100  🎯 DYN!
  Ep 2120  r= +79.141  avg10=+85.556  cf=86%(avg=94%)  dyn_suc=32%(avg=33%)  dyn_act=84.8%(avg=84.5%)  ent=0.0100  🎯 DYN!
  Ep 2130  r= +63.630  avg10=+76.048  cf=100%(avg=96%)  dyn_suc=24%(avg=27%)  dyn_act=85.5%(avg=89.3%)  ent=0.0100  🎯 DYN!
  Ep 2140  r=+143.843  avg10=+93.275  cf=100%(avg=98%)  dyn_suc=49%(avg=33%)  dyn_act=91.7%(avg=91.4%)  ent=0.0100  🎯 DYN!
  Ep 2150  r= +67.810  avg10=+82.150  cf=100%(avg=95%)  dyn_suc=24%(avg=31%)  dyn_act=61.6%(avg=89.2%)  ent=0.0100  🎯 DYN!
         Actions → static=8%  dyn=62%  drift=30%  | n_dyn_detected=84  n_dyn_imaged=20  | slew=813°
  Ep 2160  r= +93.992  avg10=+77.037  cf=94%(avg=94%)  dyn_suc=38%(avg=29%)  dyn_act=95.2%(avg=88.8%)  ent=0.0100  🎯 DYN!
  Ep 2170  r= +68.770  avg10=+103.911  cf=92%(avg=96%)  dyn_suc=27%(avg=36%)  dyn_act=92.5%(avg=95.7%)  ent=0.0100  🎯 DYN!
  Ep 2180  r=+115.602  avg10=+82.046  cf=100%(avg=98%)  dyn_suc=37%(avg=29%)  dyn_act=90.7%(avg=93.7%)  ent=0.0100  🎯 DYN!
  Ep 2190  r=+117.600  avg10=+90.208  cf=100%(avg=98%)  dyn_suc=40%(avg=31%)  dyn_act=95.9%(avg=92.9%)  ent=0.0100  🎯 DYN!
  [CKPT] Saved → /home/sanaa/Documents/alsat_dynamic_multi/models/checkpoints/ppo_smdp_ep02200.zip
  Ep 2200  r=+133.692  avg10=+107.378  cf=95%(avg=98%)  dyn_suc=47%(avg=37%)  dyn_act=99.3%(avg=97.6%)  ent=0.0100  🎯 DYN!
         Actions → static=1%  dyn=99%  drift=0%  | n_dyn_detected=90  n_dyn_imaged=42  | slew=1430°
  Ep 2210  r= +84.793  avg10=+102.533  cf=100%(avg=97%)  dyn_suc=28%(avg=37%)  dyn_act=96.6%(avg=96.6%)  ent=0.0100  🎯 DYN!
  Ep 2220  r=+116.796  avg10=+115.329  cf=90%(avg=97%)  dyn_suc=46%(avg=42%)  dyn_act=98.6%(avg=97.5%)  ent=0.0100  🎯 DYN!
  Ep 2230  r= +76.894  avg10=+102.569  cf=100%(avg=95%)  dyn_suc=27%(avg=38%)  dyn_act=95.2%(avg=97.0%)  ent=0.0100  🎯 DYN!
  Ep 2240  r= +84.574  avg10=+97.644  cf=100%(avg=96%)  dyn_suc=33%(avg=36%)  dyn_act=87.6%(avg=94.2%)  ent=0.0100  🎯 DYN!
  Ep 2250  r=+102.338  avg10=+90.592  cf=100%(avg=95%)  dyn_suc=35%(avg=33%)  dyn_act=89.6%(avg=91.9%)  ent=0.0100  🎯 DYN!
         Actions → static=10%  dyn=90%  drift=1%  | n_dyn_detected=85  n_dyn_imaged=30  | slew=745°
  Ep 2260  r=+132.510  avg10=+82.779  cf=100%(avg=97%)  dyn_suc=44%(avg=29%)  dyn_act=95.8%(avg=92.3%)  ent=0.0100  🎯 DYN!
  Ep 2270  r=+104.532  avg10=+97.509  cf=100%(avg=98%)  dyn_suc=36%(avg=35%)  dyn_act=81.2%(avg=87.5%)  ent=0.0100  🎯 DYN!
  Ep 2280  r= +48.458  avg10=+88.404  cf=88%(avg=96%)  dyn_suc=20%(avg=32%)  dyn_act=81.5%(avg=86.0%)  ent=0.0100  🎯 DYN!
  Ep 2290  r= +62.053  avg10=+94.553  cf=90%(avg=92%)  dyn_suc=25%(avg=36%)  dyn_act=97.2%(avg=94.1%)  ent=0.0100  🎯 DYN!
  [CKPT] Saved → /home/sanaa/Documents/alsat_dynamic_multi/models/checkpoints/ppo_smdp_ep02300.zip
  Ep 2300  r=+133.098  avg10=+105.407  cf=100%(avg=97%)  dyn_suc=44%(avg=38%)  dyn_act=96.6%(avg=99.0%)  ent=0.0100  🎯 DYN!
         Actions → static=2%  dyn=97%  drift=1%  | n_dyn_detected=89  n_dyn_imaged=39  | slew=1298°
  Ep 2310  r=+144.006  avg10=+104.430  cf=96%(avg=94%)  dyn_suc=51%(avg=39%)  dyn_act=99.3%(avg=97.2%)  ent=0.0100  🎯 DYN!
  Ep 2320  r= +62.697  avg10=+101.063  cf=100%(avg=95%)  dyn_suc=23%(avg=37%)  dyn_act=98.6%(avg=97.3%)  ent=0.0100  🎯 DYN!
  Ep 2330  r= +77.229  avg10=+108.255  cf=100%(avg=99%)  dyn_suc=27%(avg=39%)  dyn_act=98.6%(avg=98.8%)  ent=0.0100  🎯 DYN!
  Ep 2340  r= +98.182  avg10=+99.354  cf=94%(avg=94%)  dyn_suc=37%(avg=37%)  dyn_act=95.2%(avg=96.8%)  ent=0.0100  🎯 DYN!
  Ep 2350  r=+101.686  avg10=+96.455  cf=89%(avg=97%)  dyn_suc=40%(avg=35%)  dyn_act=96.6%(avg=97.9%)  ent=0.0100  🎯 DYN!
         Actions → static=3%  dyn=97%  drift=0%  | n_dyn_detected=86  n_dyn_imaged=34  | slew=1109°
  Ep 2360  r=+123.803  avg10=+91.432  cf=95%(avg=96%)  dyn_suc=51%(avg=35%)  dyn_act=95.9%(avg=96.0%)  ent=0.0100  🎯 DYN!
  Ep 2370  r=+107.781  avg10=+98.602  cf=100%(avg=96%)  dyn_suc=39%(avg=36%)  dyn_act=100.0%(avg=98.1%)  ent=0.0100  🎯 DYN!
  Ep 2380  r=+126.581  avg10=+102.969  cf=91%(avg=95%)  dyn_suc=52%(avg=40%)  dyn_act=100.0%(avg=99.4%)  ent=0.0100  🎯 DYN!
  Ep 2390  r= +68.314  avg10=+100.566  cf=77%(avg=95%)  dyn_suc=31%(avg=38%)  dyn_act=97.9%(avg=98.7%)  ent=0.0100  🎯 DYN!
  [CKPT] Saved → /home/sanaa/Documents/alsat_dynamic_multi/models/checkpoints/ppo_smdp_ep02400.zip
  Ep 2400  r=+115.660  avg10=+95.005  cf=94%(avg=94%)  dyn_suc=40%(avg=36%)  dyn_act=97.2%(avg=97.5%)  ent=0.0100  🎯 DYN!
         Actions → static=3%  dyn=97%  drift=0%  | n_dyn_detected=90  n_dyn_imaged=36  | slew=1041°
  Ep 2410  r=+123.046  avg10=+104.891  cf=100%(avg=98%)  dyn_suc=43%(avg=36%)  dyn_act=94.5%(avg=96.2%)  ent=0.0100  🎯 DYN!
  Ep 2420  r=+110.067  avg10=+94.948  cf=95%(avg=95%)  dyn_suc=40%(avg=34%)  dyn_act=91.1%(avg=81.8%)  ent=0.0100  🎯 DYN!
  Ep 2430  r= +79.484  avg10=+101.853  cf=100%(avg=96%)  dyn_suc=29%(avg=37%)  dyn_act=97.9%(avg=93.9%)  ent=0.0100  🎯 DYN!
  Ep 2440  r= +73.084  avg10=+85.910  cf=100%(avg=96%)  dyn_suc=26%(avg=32%)  dyn_act=95.2%(avg=95.0%)  ent=0.0100  🎯 DYN!
  Ep 2450  r= +74.211  avg10=+95.657  cf=92%(avg=97%)  dyn_suc=27%(avg=35%)  dyn_act=97.2%(avg=96.3%)  ent=0.0100  🎯 DYN!
         Actions → static=3%  dyn=97%  drift=0%  | n_dyn_detected=89  n_dyn_imaged=24  | slew=661°
  Ep 2460  r= +74.681  avg10=+85.730  cf=85%(avg=92%)  dyn_suc=31%(avg=33%)  dyn_act=85.5%(avg=91.5%)  ent=0.0100  🎯 DYN!
  Ep 2470  r= +79.669  avg10=+77.099  cf=100%(avg=94%)  dyn_suc=26%(avg=29%)  dyn_act=96.6%(avg=88.1%)  ent=0.0100  🎯 DYN!
  Ep 2480  r=+110.578  avg10=+100.551  cf=94%(avg=95%)  dyn_suc=42%(avg=37%)  dyn_act=95.2%(avg=96.6%)  ent=0.0100  🎯 DYN!
  Ep 2490  r= +97.676  avg10=+100.416  cf=100%(avg=96%)  dyn_suc=36%(avg=36%)  dyn_act=95.8%(avg=95.5%)  ent=0.0100  🎯 DYN!
  [CKPT] Saved → /home/sanaa/Documents/alsat_dynamic_multi/models/checkpoints/ppo_smdp_ep02500.zip
  Ep 2500  r= +67.855  avg10=+101.972  cf=100%(avg=95%)  dyn_suc=26%(avg=38%)  dyn_act=92.5%(avg=94.3%)  ent=0.0100  🎯 DYN!
         Actions → static=8%  dyn=92%  drift=0%  | n_dyn_detected=77  n_dyn_imaged=20  | slew=681°
  Ep 2510  r=+164.213  avg10=+113.354  cf=100%(avg=96%)  dyn_suc=58%(avg=42%)  dyn_act=95.2%(avg=94.7%)  ent=0.0100  🎯 DYN!
  Ep 2520  r= +95.041  avg10=+93.785  cf=94%(avg=95%)  dyn_suc=36%(avg=36%)  dyn_act=98.6%(avg=98.5%)  ent=0.0100  🎯 DYN!
  Ep 2530  r= +90.813  avg10=+86.046  cf=93%(avg=94%)  dyn_suc=37%(avg=33%)  dyn_act=95.9%(avg=98.8%)  ent=0.0100  🎯 DYN!
  Ep 2540  r= +32.502  avg10=+93.455  cf=83%(avg=94%)  dyn_suc=16%(avg=35%)  dyn_act=95.9%(avg=97.7%)  ent=0.0100  🎯 DYN!
  Ep 2550  r=+100.156  avg10=+106.267  cf=94%(avg=96%)  dyn_suc=39%(avg=39%)  dyn_act=97.9%(avg=98.5%)  ent=0.0100  🎯 DYN!
         Actions → static=2%  dyn=98%  drift=0%  | n_dyn_detected=85  n_dyn_imaged=33  | slew=1072°
  Ep 2560  r=+120.228  avg10=+107.463  cf=92%(avg=95%)  dyn_suc=45%(avg=40%)  dyn_act=99.3%(avg=98.4%)  ent=0.0100  🎯 DYN!
  Ep 2570  r=+102.779  avg10=+109.838  cf=100%(avg=95%)  dyn_suc=35%(avg=41%)  dyn_act=98.6%(avg=99.0%)  ent=0.0100  🎯 DYN!
  Ep 2580  r=+136.918  avg10=+112.617  cf=95%(avg=96%)  dyn_suc=52%(avg=42%)  dyn_act=99.3%(avg=99.5%)  ent=0.0100  🎯 DYN!
  Ep 2590  r=+120.516  avg10=+124.331  cf=100%(avg=97%)  dyn_suc=43%(avg=43%)  dyn_act=99.3%(avg=99.2%)  ent=0.0100  🎯 DYN!
  [CKPT] Saved → /home/sanaa/Documents/alsat_dynamic_multi/models/checkpoints/ppo_smdp_ep02600.zip
  Ep 2600  r=+139.159  avg10=+119.556  cf=87%(avg=96%)  dyn_suc=51%(avg=42%)  dyn_act=97.9%(avg=98.8%)  ent=0.0100  🎯 DYN!
         Actions → static=2%  dyn=98%  drift=0%  | n_dyn_detected=93  n_dyn_imaged=47  | slew=1376°
  Ep 2610  r= +66.055  avg10=+98.936  cf=83%(avg=92%)  dyn_suc=28%(avg=37%)  dyn_act=99.3%(avg=99.0%)  ent=0.0100  🎯 DYN!
  Ep 2620  r= +80.109  avg10=+88.543  cf=93%(avg=92%)  dyn_suc=34%(avg=34%)  dyn_act=97.3%(avg=97.7%)  ent=0.0100  🎯 DYN!
  Ep 2630  r= +57.223  avg10=+90.927  cf=100%(avg=98%)  dyn_suc=22%(avg=32%)  dyn_act=87.0%(avg=91.5%)  ent=0.0100  🎯 DYN!
  Ep 2640  r= +97.947  avg10=+100.272  cf=100%(avg=97%)  dyn_suc=38%(avg=35%)  dyn_act=82.2%(avg=86.8%)  ent=0.0100  🎯 DYN!
  Ep 2650  r= +60.824  avg10=+98.424  cf=100%(avg=98%)  dyn_suc=22%(avg=35%)  dyn_act=95.9%(avg=93.8%)  ent=0.0100  🎯 DYN!
         Actions → static=4%  dyn=96%  drift=0%  | n_dyn_detected=82  n_dyn_imaged=18  | slew=806°
  Ep 2660  r= +62.271  avg10=+91.419  cf=90%(avg=93%)  dyn_suc=24%(avg=34%)  dyn_act=95.8%(avg=95.6%)  ent=0.0100  🎯 DYN!
  Ep 2670  r= +89.279  avg10=+87.603  cf=93%(avg=98%)  dyn_suc=34%(avg=32%)  dyn_act=98.6%(avg=95.5%)  ent=0.0100  🎯 DYN!
  Ep 2680  r=+102.051  avg10=+86.075  cf=100%(avg=96%)  dyn_suc=36%(avg=31%)  dyn_act=93.8%(avg=94.6%)  ent=0.0100  🎯 DYN!
  Ep 2690  r= +91.207  avg10=+88.642  cf=90%(avg=93%)  dyn_suc=34%(avg=33%)  dyn_act=95.9%(avg=97.3%)  ent=0.0100  🎯 DYN!
  [CKPT] Saved → /home/sanaa/Documents/alsat_dynamic_multi/models/checkpoints/ppo_smdp_ep02700.zip
  Ep 2700  r=+117.047  avg10=+102.512  cf=100%(avg=98%)  dyn_suc=42%(avg=38%)  dyn_act=95.1%(avg=97.0%)  ent=0.0100  🎯 DYN!
         Actions → static=5%  dyn=95%  drift=0%  | n_dyn_detected=83  n_dyn_imaged=35  | slew=1025°
  Ep 2710  r= +69.903  avg10=+85.921  cf=85%(avg=93%)  dyn_suc=30%(avg=33%)  dyn_act=97.9%(avg=98.1%)  ent=0.0100  🎯 DYN!
  Ep 2720  r= +91.962  avg10=+97.038  cf=100%(avg=98%)  dyn_suc=32%(avg=36%)  dyn_act=98.6%(avg=98.6%)  ent=0.0100  🎯 DYN!
  Ep 2730  r=+139.864  avg10=+113.987  cf=96%(avg=95%)  dyn_suc=49%(avg=41%)  dyn_act=99.3%(avg=98.6%)  ent=0.0100  🎯 DYN!
  Ep 2740  r= +73.627  avg10=+109.549  cf=100%(avg=98%)  dyn_suc=27%(avg=40%)  dyn_act=98.6%(avg=99.4%)  ent=0.0100  🎯 DYN!
  Ep 2750  r=+116.677  avg10=+96.742  cf=95%(avg=95%)  dyn_suc=43%(avg=36%)  dyn_act=100.0%(avg=99.2%)  ent=0.0100  🎯 DYN!
         Actions → static=0%  dyn=100%  drift=0%  | n_dyn_detected=89  n_dyn_imaged=38  | slew=1114°
  Ep 2760  r= +46.271  avg10=+85.631  cf=100%(avg=97%)  dyn_suc=16%(avg=32%)  dyn_act=98.6%(avg=99.0%)  ent=0.0100  🎯 DYN!
  Ep 2770  r= +66.068  avg10=+94.403  cf=100%(avg=94%)  dyn_suc=23%(avg=34%)  dyn_act=98.0%(avg=98.8%)  ent=0.0100  🎯 DYN!
  Ep 2780  r=+133.761  avg10=+109.276  cf=95%(avg=96%)  dyn_suc=48%(avg=39%)  dyn_act=97.3%(avg=97.9%)  ent=0.0100  🎯 DYN!
  Ep 2790  r=+122.798  avg10=+100.736  cf=90%(avg=96%)  dyn_suc=44%(avg=37%)  dyn_act=92.4%(avg=95.8%)  ent=0.0100  🎯 DYN!
  [CKPT] Saved → /home/sanaa/Documents/alsat_dynamic_multi/models/checkpoints/ppo_smdp_ep02800.zip
  Ep 2800  r=+101.221  avg10=+103.736  cf=100%(avg=99%)  dyn_suc=33%(avg=36%)  dyn_act=93.8%(avg=95.8%)  ent=0.0100  🎯 DYN!
         Actions → static=6%  dyn=94%  drift=0%  | n_dyn_detected=90  n_dyn_imaged=30  | slew=848°
  Ep 2810  r= +38.553  avg10=+82.736  cf=87%(avg=94%)  dyn_suc=15%(avg=30%)  dyn_act=91.8%(avg=92.2%)  ent=0.0100  🎯 DYN!
  Ep 2820  r=+101.893  avg10=+84.186  cf=94%(avg=97%)  dyn_suc=38%(avg=32%)  dyn_act=97.9%(avg=97.5%)  ent=0.0100  🎯 DYN!
  Ep 2830  r= +74.159  avg10=+85.051  cf=93%(avg=99%)  dyn_suc=28%(avg=30%)  dyn_act=84.4%(avg=89.3%)  ent=0.0100  🎯 DYN!
  Ep 2840  r= +99.577  avg10=+100.391  cf=94%(avg=95%)  dyn_suc=35%(avg=37%)  dyn_act=96.6%(avg=92.4%)  ent=0.0100  🎯 DYN!
  Ep 2850  r= +88.711  avg10=+96.772  cf=93%(avg=93%)  dyn_suc=33%(avg=37%)  dyn_act=93.8%(avg=98.1%)  ent=0.0100  🎯 DYN!
         Actions → static=6%  dyn=94%  drift=0%  | n_dyn_detected=85  n_dyn_imaged=28  | slew=864°
  Ep 2860  r= +73.980  avg10=+98.100  cf=100%(avg=96%)  dyn_suc=26%(avg=35%)  dyn_act=97.9%(avg=95.2%)  ent=0.0100  🎯 DYN!
  Ep 2870  r= +62.150  avg10=+94.421  cf=90%(avg=97%)  dyn_suc=22%(avg=34%)  dyn_act=97.9%(avg=98.0%)  ent=0.0100  🎯 DYN!
  Ep 2880  r=+106.036  avg10=+107.474  cf=100%(avg=95%)  dyn_suc=38%(avg=39%)  dyn_act=100.0%(avg=95.7%)  ent=0.0100  🎯 DYN!
  Ep 2890  r= +72.143  avg10=+101.296  cf=100%(avg=96%)  dyn_suc=25%(avg=36%)  dyn_act=91.8%(avg=92.0%)  ent=0.0100  🎯 DYN!
  [CKPT] Saved → /home/sanaa/Documents/alsat_dynamic_multi/models/checkpoints/ppo_smdp_ep02900.zip
  Ep 2900  r= +86.315  avg10=+84.479  cf=100%(avg=94%)  dyn_suc=31%(avg=32%)  dyn_act=97.9%(avg=96.5%)  ent=0.0100  🎯 DYN!
         Actions → static=2%  dyn=98%  drift=0%  | n_dyn_detected=84  n_dyn_imaged=26  | slew=851°
  Ep 2910  r=+138.941  avg10=+89.792  cf=100%(avg=95%)  dyn_suc=47%(avg=35%)  dyn_act=100.0%(avg=99.5%)  ent=0.0100  🎯 DYN!
  Ep 2920  r= +95.456  avg10=+104.392  cf=94%(avg=97%)  dyn_suc=37%(avg=39%)  dyn_act=100.0%(avg=99.2%)  ent=0.0100  🎯 DYN!
  Ep 2930  r= +96.045  avg10=+97.050  cf=100%(avg=99%)  dyn_suc=33%(avg=36%)  dyn_act=98.6%(avg=99.0%)  ent=0.0100  🎯 DYN!
  Ep 2940  r= +75.849  avg10=+98.530  cf=100%(avg=97%)  dyn_suc=30%(avg=38%)  dyn_act=98.6%(avg=92.7%)  ent=0.0100  🎯 DYN!
  Ep 2950  r= +97.415  avg10=+95.186  cf=94%(avg=98%)  dyn_suc=37%(avg=37%)  dyn_act=100.0%(avg=99.0%)  ent=0.0100  🎯 DYN!
         Actions → static=0%  dyn=100%  drift=0%  | n_dyn_detected=86  n_dyn_imaged=32  | slew=998°
  Ep 2960  r= +52.739  avg10=+87.558  cf=100%(avg=97%)  dyn_suc=19%(avg=32%)  dyn_act=93.1%(avg=96.3%)  ent=0.0100  🎯 DYN!
  Ep 2970  r=+124.927  avg10=+102.080  cf=100%(avg=98%)  dyn_suc=41%(avg=36%)  dyn_act=91.7%(avg=93.3%)  ent=0.0100  🎯 DYN!
  Ep 2980  r= +39.696  avg10=+86.196  cf=86%(avg=96%)  dyn_suc=18%(avg=32%)  dyn_act=69.0%(avg=80.1%)  ent=0.0100  🎯 DYN!
  Ep 2990  r= +77.400  avg10=+91.377  cf=100%(avg=97%)  dyn_suc=29%(avg=33%)  dyn_act=98.6%(avg=75.8%)  ent=0.0100  🎯 DYN!
  [CKPT] Saved → /home/sanaa/Documents/alsat_dynamic_multi/models/checkpoints/ppo_smdp_ep03000.zip
  Ep 3000  r= +90.999  avg10=+96.307  cf=100%(avg=95%)  dyn_suc=33%(avg=36%)  dyn_act=93.2%(avg=90.7%)  ent=0.0100  🎯 DYN!
         Actions → static=6%  dyn=93%  drift=1%  | n_dyn_detected=82  n_dyn_imaged=27  | slew=962°
  Ep 3010  r= +39.575  avg10=+91.700  cf=100%(avg=91%)  dyn_suc=17%(avg=37%)  dyn_act=100.0%(avg=96.2%)  ent=0.0100  🎯 DYN!
  Ep 3020  r=+115.204  avg10=+91.484  cf=96%(avg=95%)  dyn_suc=38%(avg=33%)  dyn_act=79.9%(avg=91.8%)  ent=0.0100  🎯 DYN!
  Ep 3030  r= +47.355  avg10=+82.429  cf=100%(avg=97%)  dyn_suc=19%(avg=31%)  dyn_act=99.3%(avg=95.8%)  ent=0.0100  🎯 DYN!
  Ep 3040  r= +95.258  avg10=+98.579  cf=100%(avg=95%)  dyn_suc=34%(avg=38%)  dyn_act=84.1%(avg=94.6%)  ent=0.0100  🎯 DYN!
  Ep 3050  r=+110.459  avg10=+104.880  cf=100%(avg=95%)  dyn_suc=38%(avg=38%)  dyn_act=84.1%(avg=89.6%)  ent=0.0100  🎯 DYN!
         Actions → static=15%  dyn=84%  drift=1%  | n_dyn_detected=88  n_dyn_imaged=33  | slew=1120°
  Ep 3060  r=+130.561  avg10=+107.245  cf=100%(avg=99%)  dyn_suc=44%(avg=38%)  dyn_act=90.5%(avg=92.8%)  ent=0.0100  🎯 DYN!
  Ep 3070  r= +98.345  avg10=+98.589  cf=94%(avg=97%)  dyn_suc=36%(avg=37%)  dyn_act=95.9%(avg=95.3%)  ent=0.0100  🎯 DYN!
  Ep 3080  r= +77.575  avg10=+86.373  cf=100%(avg=96%)  dyn_suc=28%(avg=32%)  dyn_act=96.5%(avg=93.7%)  ent=0.0100  🎯 DYN!
  Ep 3090  r=+137.523  avg10=+121.326  cf=100%(avg=96%)  dyn_suc=45%(avg=43%)  dyn_act=95.2%(avg=97.0%)  ent=0.0100  🎯 DYN!
  [CKPT] Saved → /home/sanaa/Documents/alsat_dynamic_multi/models/checkpoints/ppo_smdp_ep03100.zip
  Ep 3100  r=+112.884  avg10=+112.438  cf=100%(avg=95%)  dyn_suc=40%(avg=40%)  dyn_act=98.6%(avg=96.2%)  ent=0.0100  🎯 DYN!
         Actions → static=1%  dyn=99%  drift=0%  | n_dyn_detected=85  n_dyn_imaged=34  | slew=1053°
  Ep 3110  r= +80.471  avg10=+110.648  cf=100%(avg=97%)  dyn_suc=29%(avg=40%)  dyn_act=97.9%(avg=97.2%)  ent=0.0100  🎯 DYN!
  Ep 3120  r=+103.809  avg10=+92.503  cf=100%(avg=94%)  dyn_suc=36%(avg=35%)  dyn_act=91.7%(avg=90.8%)  ent=0.0100  🎯 DYN!
  Ep 3130  r=+128.995  avg10=+93.469  cf=100%(avg=97%)  dyn_suc=43%(avg=34%)  dyn_act=98.0%(avg=95.9%)  ent=0.0100  🎯 DYN!
  Ep 3140  r= +71.486  avg10=+94.370  cf=100%(avg=95%)  dyn_suc=26%(avg=34%)  dyn_act=94.5%(avg=96.2%)  ent=0.0100  🎯 DYN!
  Ep 3150  r=+150.986  avg10=+104.449  cf=100%(avg=97%)  dyn_suc=51%(avg=37%)  dyn_act=94.6%(avg=95.5%)  ent=0.0100  🎯 DYN!
         Actions → static=5%  dyn=95%  drift=0%  | n_dyn_detected=90  n_dyn_imaged=46  | slew=1444°
  Ep 3160  r= +70.179  avg10=+95.689  cf=100%(avg=97%)  dyn_suc=24%(avg=33%)  dyn_act=98.6%(avg=96.3%)  ent=0.0100  🎯 DYN!
  Ep 3170  r= +79.501  avg10=+85.078  cf=100%(avg=97%)  dyn_suc=30%(avg=31%)  dyn_act=98.6%(avg=98.4%)  ent=0.0100  🎯 DYN!
  Ep 3180  r=+118.909  avg10=+107.469  cf=100%(avg=96%)  dyn_suc=41%(avg=38%)  dyn_act=98.6%(avg=98.8%)  ent=0.0100  🎯 DYN!
  Ep 3190  r= +45.945  avg10=+101.927  cf=100%(avg=99%)  dyn_suc=17%(avg=36%)  dyn_act=96.6%(avg=98.2%)  ent=0.0100  🎯 DYN!
  [CKPT] Saved → /home/sanaa/Documents/alsat_dynamic_multi/models/checkpoints/ppo_smdp_ep03200.zip
  Ep 3200  r= +81.154  avg10=+88.306  cf=100%(avg=96%)  dyn_suc=28%(avg=33%)  dyn_act=97.2%(avg=98.3%)  ent=0.0100  🎯 DYN!
         Actions → static=2%  dyn=97%  drift=1%  | n_dyn_detected=85  n_dyn_imaged=24  | slew=749°
  Ep 3210  r= +95.012  avg10=+94.189  cf=88%(avg=96%)  dyn_suc=41%(avg=36%)  dyn_act=100.0%(avg=99.2%)  ent=0.0100  🎯 DYN!
  Ep 3220  r= +76.243  avg10=+97.418  cf=92%(avg=96%)  dyn_suc=30%(avg=36%)  dyn_act=100.0%(avg=99.7%)  ent=0.0100  🎯 DYN!
  Ep 3230  r= +95.304  avg10=+92.253  cf=83%(avg=92%)  dyn_suc=40%(avg=36%)  dyn_act=100.0%(avg=99.7%)  ent=0.0100  🎯 DYN!
  Ep 3240  r= +96.513  avg10=+94.158  cf=94%(avg=95%)  dyn_suc=36%(avg=36%)  dyn_act=100.0%(avg=99.7%)  ent=0.0100  🎯 DYN!
  Ep 3250  r=+115.080  avg10=+92.346  cf=94%(avg=94%)  dyn_suc=40%(avg=35%)  dyn_act=97.9%(avg=99.0%)  ent=0.0100  🎯 DYN!
         Actions → static=2%  dyn=98%  drift=0%  | n_dyn_detected=90  n_dyn_imaged=36  | slew=1185°
  Ep 3260  r= +79.957  avg10=+93.572  cf=100%(avg=94%)  dyn_suc=28%(avg=35%)  dyn_act=98.6%(avg=98.5%)  ent=0.0100  🎯 DYN!
  Ep 3270  r=+121.923  avg10=+93.073  cf=100%(avg=96%)  dyn_suc=43%(avg=34%)  dyn_act=91.8%(avg=96.0%)  ent=0.0100  🎯 DYN!
  Ep 3280  r=+114.141  avg10=+79.862  cf=100%(avg=96%)  dyn_suc=36%(avg=28%)  dyn_act=89.9%(avg=93.7%)  ent=0.0100  🎯 DYN!
  Ep 3290  r= +33.202  avg10=+89.233  cf=100%(avg=96%)  dyn_suc=15%(avg=33%)  dyn_act=100.0%(avg=95.0%)  ent=0.0100  🎯 DYN!
  [CKPT] Saved → /home/sanaa/Documents/alsat_dynamic_multi/models/checkpoints/ppo_smdp_ep03300.zip
  Ep 3300  r=+124.059  avg10=+98.672  cf=100%(avg=92%)  dyn_suc=43%(avg=37%)  dyn_act=97.9%(avg=97.7%)  ent=0.0100  🎯 DYN!
         Actions → static=2%  dyn=98%  drift=0%  | n_dyn_detected=86  n_dyn_imaged=37  | slew=1082°
  Ep 3310  r=+102.167  avg10=+98.548  cf=100%(avg=94%)  dyn_suc=36%(avg=36%)  dyn_act=97.3%(avg=96.2%)  ent=0.0100  🎯 DYN!
  Ep 3320  r=+111.847  avg10=+97.269  cf=100%(avg=95%)  dyn_suc=37%(avg=37%)  dyn_act=99.3%(avg=99.0%)  ent=0.0100  🎯 DYN!
  Ep 3330  r= +64.965  avg10=+67.272  cf=100%(avg=94%)  dyn_suc=26%(avg=26%)  dyn_act=100.0%(avg=99.2%)  ent=0.0100  🎯 DYN!
  Ep 3340  r=+129.837  avg10=+100.896  cf=100%(avg=99%)  dyn_suc=41%(avg=36%)  dyn_act=94.6%(avg=97.0%)  ent=0.0100  🎯 DYN!
  Ep 3350  r= +98.100  avg10=+92.705  cf=91%(avg=97%)  dyn_suc=41%(avg=34%)  dyn_act=100.0%(avg=97.3%)  ent=0.0100  🎯 DYN!
         Actions → static=0%  dyn=100%  drift=0%  | n_dyn_detected=83  n_dyn_imaged=34  | slew=813°
  Ep 3360  r= +68.737  avg10=+86.552  cf=100%(avg=97%)  dyn_suc=27%(avg=32%)  dyn_act=87.6%(avg=95.7%)  ent=0.0100  🎯 DYN!
  Ep 3370  r=+112.090  avg10=+87.896  cf=100%(avg=94%)  dyn_suc=38%(avg=33%)  dyn_act=99.3%(avg=95.2%)  ent=0.0100  🎯 DYN!
  Ep 3380  r= +69.149  avg10=+105.773  cf=91%(avg=95%)  dyn_suc=24%(avg=39%)  dyn_act=96.6%(avg=92.2%)  ent=0.0100  🎯 DYN!
  Ep 3390  r= +93.136  avg10=+85.170  cf=100%(avg=94%)  dyn_suc=30%(avg=32%)  dyn_act=95.2%(avg=96.0%)  ent=0.0100  🎯 DYN!
  [CKPT] Saved → /home/sanaa/Documents/alsat_dynamic_multi/models/checkpoints/ppo_smdp_ep03400.zip
  Ep 3400  r= +54.165  avg10=+95.502  cf=100%(avg=97%)  dyn_suc=20%(avg=35%)  dyn_act=71.9%(avg=85.7%)  ent=0.0100  🎯 DYN!
         Actions → static=18%  dyn=72%  drift=10%  | n_dyn_detected=80  n_dyn_imaged=16  | slew=493°
  Ep 3410  r=+179.245  avg10=+102.839  cf=100%(avg=95%)  dyn_suc=60%(avg=38%)  dyn_act=95.9%(avg=88.6%)  ent=0.0100  🎯 DYN!
  Ep 3420  r=+121.667  avg10=+106.892  cf=100%(avg=95%)  dyn_suc=39%(avg=39%)  dyn_act=95.8%(avg=94.1%)  ent=0.0100  🎯 DYN!
  Ep 3430  r=+115.029  avg10=+98.949  cf=100%(avg=97%)  dyn_suc=39%(avg=36%)  dyn_act=97.3%(avg=96.0%)  ent=0.0100  🎯 DYN!
  Ep 3440  r= +53.049  avg10=+90.579  cf=89%(avg=92%)  dyn_suc=22%(avg=36%)  dyn_act=95.1%(avg=94.1%)  ent=0.0100  🎯 DYN!
  Ep 3450  r= +54.663  avg10=+95.991  cf=82%(avg=93%)  dyn_suc=26%(avg=35%)  dyn_act=95.2%(avg=96.6%)  ent=0.0100  🎯 DYN!
         Actions → static=2%  dyn=95%  drift=3%  | n_dyn_detected=77  n_dyn_imaged=20  | slew=849°
  Ep 3460  r= +87.417  avg10=+96.593  cf=100%(avg=93%)  dyn_suc=31%(avg=37%)  dyn_act=95.2%(avg=97.1%)  ent=0.0100  🎯 DYN!
  Ep 3470  r= +75.536  avg10=+79.643  cf=92%(avg=97%)  dyn_suc=30%(avg=29%)  dyn_act=82.3%(avg=78.4%)  ent=0.0100  🎯 DYN!
  Ep 3480  r= +66.017  avg10=+80.082  cf=100%(avg=98%)  dyn_suc=24%(avg=29%)  dyn_act=74.5%(avg=76.6%)  ent=0.0100  🎯 DYN!
  Ep 3490  r= +84.450  avg10=+82.237  cf=100%(avg=98%)  dyn_suc=27%(avg=28%)  dyn_act=54.1%(avg=72.0%)  ent=0.0100  🎯 DYN!
  [CKPT] Saved → /home/sanaa/Documents/alsat_dynamic_multi/models/checkpoints/ppo_smdp_ep03500.zip
  Ep 3500  r= +93.840  avg10=+83.372  cf=95%(avg=96%)  dyn_suc=32%(avg=30%)  dyn_act=68.7%(avg=73.4%)  ent=0.0100  🎯 DYN!
         Actions → static=31%  dyn=69%  drift=1%  | n_dyn_detected=88  n_dyn_imaged=28  | slew=1932°
  Ep 3510  r=+115.414  avg10=+83.545  cf=98%(avg=94%)  dyn_suc=37%(avg=30%)  dyn_act=59.4%(avg=70.0%)  ent=0.0100  🎯 DYN!
  Ep 3520  r=+118.780  avg10=+80.650  cf=85%(avg=96%)  dyn_suc=48%(avg=28%)  dyn_act=77.9%(avg=67.9%)  ent=0.0100  🎯 DYN!
  Ep 3530  r= +47.134  avg10=+84.069  cf=100%(avg=99%)  dyn_suc=16%(avg=29%)  dyn_act=71.2%(avg=78.7%)  ent=0.0100  🎯 DYN!
  Ep 3540  r= +91.671  avg10=+94.969  cf=100%(avg=96%)  dyn_suc=32%(avg=34%)  dyn_act=82.4%(avg=84.5%)  ent=0.0100  🎯 DYN!
  Ep 3550  r= +63.649  avg10=+92.494  cf=90%(avg=95%)  dyn_suc=26%(avg=35%)  dyn_act=91.1%(avg=89.3%)  ent=0.0100  🎯 DYN!
         Actions → static=8%  dyn=91%  drift=1%  | n_dyn_detected=81  n_dyn_imaged=21  | slew=648°
  Ep 3560  r=+154.355  avg10=+93.441  cf=100%(avg=97%)  dyn_suc=53%(avg=33%)  dyn_act=88.4%(avg=87.0%)  ent=0.0100  🎯 DYN!
  Ep 3570  r= +34.173  avg10=+96.025  cf=100%(avg=95%)  dyn_suc=11%(avg=34%)  dyn_act=96.6%(avg=93.8%)  ent=0.0100  🎯 DYN!
  Ep 3580  r=+100.075  avg10=+98.491  cf=94%(avg=94%)  dyn_suc=38%(avg=36%)  dyn_act=97.9%(avg=96.6%)  ent=0.0100  🎯 DYN!
  Ep 3590  r= +64.466  avg10=+94.262  cf=91%(avg=94%)  dyn_suc=25%(avg=34%)  dyn_act=98.6%(avg=97.2%)  ent=0.0100  🎯 DYN!
  [CKPT] Saved → /home/sanaa/Documents/alsat_dynamic_multi/models/checkpoints/ppo_smdp_ep03600.zip
  Ep 3600  r= +99.975  avg10=+113.494  cf=100%(avg=97%)  dyn_suc=37%(avg=41%)  dyn_act=89.7%(avg=94.0%)  ent=0.0100  🎯 DYN!
         Actions → static=10%  dyn=90%  drift=0%  | n_dyn_detected=81  n_dyn_imaged=30  | slew=1096°
  Ep 3610  r= +91.624  avg10=+111.806  cf=100%(avg=96%)  dyn_suc=33%(avg=40%)  dyn_act=95.2%(avg=90.2%)  ent=0.0100  🎯 DYN!
  Ep 3620  r=+120.944  avg10=+101.030  cf=100%(avg=98%)  dyn_suc=45%(avg=36%)  dyn_act=97.9%(avg=94.5%)  ent=0.0100  🎯 DYN!
  Ep 3630  r=+141.859  avg10=+107.831  cf=100%(avg=98%)  dyn_suc=49%(avg=39%)  dyn_act=94.5%(avg=94.0%)  ent=0.0100  🎯 DYN!
  Ep 3640  r= +61.565  avg10=+101.384  cf=84%(avg=94%)  dyn_suc=25%(avg=38%)  dyn_act=93.8%(avg=94.9%)  ent=0.0100  🎯 DYN!
  Ep 3650  r=+155.650  avg10=+122.991  cf=100%(avg=98%)  dyn_suc=53%(avg=43%)  dyn_act=97.2%(avg=95.9%)  ent=0.0100  🎯 DYN!
         Actions → static=3%  dyn=97%  drift=0%  | n_dyn_detected=88  n_dyn_imaged=47  | slew=1614°
  Ep 3660  r= +59.289  avg10=+82.805  cf=100%(avg=98%)  dyn_suc=24%(avg=31%)  dyn_act=100.0%(avg=98.7%)  ent=0.0100  🎯 DYN!
  Ep 3670  r= +79.788  avg10=+107.776  cf=100%(avg=97%)  dyn_suc=30%(avg=39%)  dyn_act=99.3%(avg=99.2%)  ent=0.0100  🎯 DYN!
  Ep 3680  r=+132.862  avg10=+88.120  cf=95%(avg=94%)  dyn_suc=48%(avg=34%)  dyn_act=100.0%(avg=99.2%)  ent=0.0100  🎯 DYN!
  Ep 3690  r= +46.292  avg10=+92.124  cf=73%(avg=96%)  dyn_suc=27%(avg=35%)  dyn_act=100.0%(avg=99.4%)  ent=0.0100  🎯 DYN!
  [CKPT] Saved → /home/sanaa/Documents/alsat_dynamic_multi/models/checkpoints/ppo_smdp_ep03700.zip
  Ep 3700  r= +87.104  avg10=+93.022  cf=93%(avg=97%)  dyn_suc=33%(avg=35%)  dyn_act=99.3%(avg=99.2%)  ent=0.0100  🎯 DYN!
         Actions → static=1%  dyn=99%  drift=0%  | n_dyn_detected=85  n_dyn_imaged=28  | slew=812°
  Ep 3710  r= +55.272  avg10=+99.509  cf=90%(avg=99%)  dyn_suc=23%(avg=37%)  dyn_act=100.0%(avg=96.5%)  ent=0.0100  🎯 DYN!
  Ep 3720  r=+112.808  avg10=+96.924  cf=95%(avg=95%)  dyn_suc=42%(avg=36%)  dyn_act=99.3%(avg=98.2%)  ent=0.0100  🎯 DYN!
  Ep 3730  r=+112.273  avg10=+106.008  cf=94%(avg=94%)  dyn_suc=44%(avg=40%)  dyn_act=99.3%(avg=98.3%)  ent=0.0100  🎯 DYN!
  Ep 3740  r= +77.567  avg10=+90.189  cf=93%(avg=96%)  dyn_suc=33%(avg=34%)  dyn_act=100.0%(avg=99.2%)  ent=0.0100  🎯 DYN!
  Ep 3750  r= +97.546  avg10=+103.430  cf=94%(avg=97%)  dyn_suc=38%(avg=37%)  dyn_act=99.3%(avg=99.0%)  ent=0.0100  🎯 DYN!
         Actions → static=1%  dyn=99%  drift=0%  | n_dyn_detected=81  n_dyn_imaged=31  | slew=935°
  Ep 3760  r= +97.818  avg10=+106.296  cf=100%(avg=96%)  dyn_suc=34%(avg=39%)  dyn_act=84.2%(avg=92.6%)  ent=0.0100  🎯 DYN!
  Ep 3770  r= +89.097  avg10=+105.495  cf=89%(avg=98%)  dyn_suc=36%(avg=38%)  dyn_act=90.5%(avg=88.7%)  ent=0.0100  🎯 DYN!
  Ep 3780  r= +50.861  avg10=+115.640  cf=100%(avg=98%)  dyn_suc=18%(avg=41%)  dyn_act=84.2%(avg=92.5%)  ent=0.0100  🎯 DYN!
  Ep 3790  r= +94.167  avg10=+99.920  cf=88%(avg=94%)  dyn_suc=38%(avg=38%)  dyn_act=93.8%(avg=91.1%)  ent=0.0100  🎯 DYN!
  [CKPT] Saved → /home/sanaa/Documents/alsat_dynamic_multi/models/checkpoints/ppo_smdp_ep03800.zip
  Ep 3800  r= +86.489  avg10=+97.767  cf=100%(avg=98%)  dyn_suc=29%(avg=36%)  dyn_act=96.5%(avg=95.3%)  ent=0.0100  🎯 DYN!
         Actions → static=3%  dyn=97%  drift=0%  | n_dyn_detected=91  n_dyn_imaged=26  | slew=817°
  Ep 3810  r= +98.410  avg10=+87.793  cf=94%(avg=94%)  dyn_suc=39%(avg=34%)  dyn_act=93.8%(avg=95.2%)  ent=0.0100  🎯 DYN!
  Ep 3820  r= +67.856  avg10=+86.969  cf=100%(avg=97%)  dyn_suc=23%(avg=32%)  dyn_act=96.6%(avg=95.7%)  ent=0.0100  🎯 DYN!
  Ep 3830  r=+158.144  avg10=+111.145  cf=96%(avg=97%)  dyn_suc=57%(avg=40%)  dyn_act=96.5%(avg=96.6%)  ent=0.0100  🎯 DYN!
  Ep 3840  r= +87.658  avg10=+97.780  cf=100%(avg=96%)  dyn_suc=31%(avg=36%)  dyn_act=99.3%(avg=98.7%)  ent=0.0100  🎯 DYN!
  Ep 3850  r=+117.446  avg10=+100.258  cf=100%(avg=97%)  dyn_suc=41%(avg=37%)  dyn_act=99.3%(avg=99.2%)  ent=0.0100  🎯 DYN!
         Actions → static=1%  dyn=99%  drift=0%  | n_dyn_detected=85  n_dyn_imaged=35  | slew=884°
  Ep 3860  r=+100.189  avg10=+85.670  cf=100%(avg=96%)  dyn_suc=37%(avg=32%)  dyn_act=100.0%(avg=99.2%)  ent=0.0100  🎯 DYN!
  Ep 3870  r= +86.901  avg10=+98.180  cf=89%(avg=97%)  dyn_suc=36%(avg=36%)  dyn_act=93.2%(avg=95.3%)  ent=0.0100  🎯 DYN!
  Ep 3880  r=+106.534  avg10=+88.224  cf=100%(avg=96%)  dyn_suc=37%(avg=33%)  dyn_act=98.6%(avg=94.3%)  ent=0.0100  🎯 DYN!
  Ep 3890  r= +58.032  avg10=+95.580  cf=100%(avg=99%)  dyn_suc=24%(avg=35%)  dyn_act=99.3%(avg=99.0%)  ent=0.0100  🎯 DYN!
  [CKPT] Saved → /home/sanaa/Documents/alsat_dynamic_multi/models/checkpoints/ppo_smdp_ep03900.zip
  Ep 3900  r= +91.870  avg10=+98.937  cf=100%(avg=96%)  dyn_suc=31%(avg=36%)  dyn_act=97.9%(avg=96.8%)  ent=0.0100  🎯 DYN!
         Actions → static=1%  dyn=98%  drift=1%  | n_dyn_detected=86  n_dyn_imaged=27  | slew=903°
  Ep 3910  r= +88.397  avg10=+84.953  cf=100%(avg=96%)  dyn_suc=32%(avg=32%)  dyn_act=93.2%(avg=93.3%)  ent=0.0100  🎯 DYN!
  Ep 3920  r= +81.283  avg10=+87.259  cf=87%(avg=97%)  dyn_suc=34%(avg=32%)  dyn_act=95.9%(avg=94.8%)  ent=0.0100  🎯 DYN!
  Ep 3930  r=+126.733  avg10=+106.361  cf=87%(avg=98%)  dyn_suc=51%(avg=38%)  dyn_act=97.3%(avg=97.0%)  ent=0.0100  🎯 DYN!
  Ep 3940  r=+182.125  avg10=+116.662  cf=100%(avg=97%)  dyn_suc=65%(avg=42%)  dyn_act=99.3%(avg=97.4%)  ent=0.0100  🎯 DYN!
  Ep 3950  r=+107.690  avg10=+95.358  cf=100%(avg=99%)  dyn_suc=37%(avg=34%)  dyn_act=98.6%(avg=98.8%)  ent=0.0100  🎯 DYN!
         Actions → static=1%  dyn=99%  drift=1%  | n_dyn_detected=86  n_dyn_imaged=32  | slew=1039°
  Ep 3960  r=+106.052  avg10=+97.164  cf=100%(avg=99%)  dyn_suc=38%(avg=34%)  dyn_act=93.1%(avg=95.8%)  ent=0.0100  🎯 DYN!
  Ep 3970  r= +66.977  avg10=+85.527  cf=91%(avg=95%)  dyn_suc=27%(avg=32%)  dyn_act=99.3%(avg=97.4%)  ent=0.0100  🎯 DYN!
  Ep 3980  r= +74.343  avg10=+99.123  cf=100%(avg=95%)  dyn_suc=27%(avg=36%)  dyn_act=97.2%(avg=98.1%)  ent=0.0100  🎯 DYN!
  Ep 3990  r=+116.717  avg10=+113.203  cf=95%(avg=96%)  dyn_suc=44%(avg=41%)  dyn_act=98.6%(avg=98.2%)  ent=0.0100  🎯 DYN!
  [CKPT] Saved → /home/sanaa/Documents/alsat_dynamic_multi/models/checkpoints/ppo_smdp_ep04000.zip
  Ep 4000  r=+137.472  avg10=+98.194  cf=100%(avg=97%)  dyn_suc=47%(avg=35%)  dyn_act=95.8%(avg=97.6%)  ent=0.0100  🎯 DYN!
         Actions → static=4%  dyn=96%  drift=0%  | n_dyn_detected=87  n_dyn_imaged=41  | slew=1310°
  Ep 4010  r= +64.540  avg10=+101.183  cf=100%(avg=98%)  dyn_suc=23%(avg=36%)  dyn_act=97.2%(avg=98.6%)  ent=0.0100  🎯 DYN!
  Ep 4020  r= +86.334  avg10=+88.039  cf=93%(avg=94%)  dyn_suc=32%(avg=33%)  dyn_act=100.0%(avg=98.7%)  ent=0.0100  🎯 DYN!
  Ep 4030  r= +23.127  avg10=+87.566  cf=100%(avg=95%)  dyn_suc=11%(avg=32%)  dyn_act=100.0%(avg=99.0%)  ent=0.0100  🎯 DYN!
  Ep 4040  r=+107.796  avg10=+91.059  cf=100%(avg=94%)  dyn_suc=38%(avg=34%)  dyn_act=96.6%(avg=97.5%)  ent=0.0100  🎯 DYN!
  Ep 4050  r=+115.134  avg10=+92.484  cf=95%(avg=91%)  dyn_suc=38%(avg=35%)  dyn_act=96.6%(avg=94.0%)  ent=0.0100  🎯 DYN!
         Actions → static=3%  dyn=97%  drift=0%  | n_dyn_detected=94  n_dyn_imaged=36  | slew=1157°
  Ep 4060  r=+121.930  avg10=+94.954  cf=95%(avg=97%)  dyn_suc=46%(avg=34%)  dyn_act=94.5%(avg=88.9%)  ent=0.0100  🎯 DYN!
  Ep 4070  r= +95.870  avg10=+95.537  cf=93%(avg=95%)  dyn_suc=33%(avg=35%)  dyn_act=95.2%(avg=91.5%)  ent=0.0100  🎯 DYN!
  Ep 4080  r=+118.170  avg10=+97.821  cf=95%(avg=93%)  dyn_suc=43%(avg=36%)  dyn_act=99.3%(avg=97.9%)  ent=0.0100  🎯 DYN!
  Ep 4090  r= +84.212  avg10=+84.901  cf=100%(avg=96%)  dyn_suc=30%(avg=32%)  dyn_act=100.0%(avg=99.4%)  ent=0.0100  🎯 DYN!
  [CKPT] Saved → /home/sanaa/Documents/alsat_dynamic_multi/models/checkpoints/ppo_smdp_ep04100.zip
  Ep 4100  r= +77.452  avg10=+79.517  cf=100%(avg=98%)  dyn_suc=30%(avg=30%)  dyn_act=99.3%(avg=99.7%)  ent=0.0100  🎯 DYN!
         Actions → static=1%  dyn=99%  drift=0%  | n_dyn_detected=81  n_dyn_imaged=24  | slew=769°
  Ep 4110  r=+101.062  avg10=+83.182  cf=100%(avg=90%)  dyn_suc=37%(avg=33%)  dyn_act=100.0%(avg=99.8%)  ent=0.0100  🎯 DYN!
  Ep 4120  r= +61.584  avg10=+81.526  cf=100%(avg=97%)  dyn_suc=24%(avg=31%)  dyn_act=98.6%(avg=99.6%)  ent=0.0100  🎯 DYN!
  Ep 4130  r= +91.814  avg10=+86.178  cf=100%(avg=97%)  dyn_suc=31%(avg=32%)  dyn_act=98.6%(avg=98.3%)  ent=0.0100  🎯 DYN!
  Ep 4140  r=+100.978  avg10=+89.463  cf=91%(avg=92%)  dyn_suc=38%(avg=34%)  dyn_act=99.3%(avg=99.4%)  ent=0.0100  🎯 DYN!
  Ep 4150  r=+166.692  avg10=+111.545  cf=100%(avg=98%)  dyn_suc=56%(avg=41%)  dyn_act=97.9%(avg=99.2%)  ent=0.0100  🎯 DYN!
         Actions → static=1%  dyn=98%  drift=1%  | n_dyn_detected=88  n_dyn_imaged=49  | slew=1453°
  Ep 4160  r= +80.857  avg10=+93.685  cf=100%(avg=84%)  dyn_suc=29%(avg=35%)  dyn_act=99.3%(avg=99.0%)  ent=0.0100  🎯 DYN!
  Ep 4170  r=+107.652  avg10=+83.122  cf=100%(avg=97%)  dyn_suc=39%(avg=31%)  dyn_act=99.3%(avg=98.1%)  ent=0.0100  🎯 DYN!
  Ep 4180  r=+143.122  avg10=+103.140  cf=93%(avg=94%)  dyn_suc=52%(avg=38%)  dyn_act=97.9%(avg=97.7%)  ent=0.0100  🎯 DYN!
  Ep 4190  r= +86.986  avg10=+93.792  cf=88%(avg=99%)  dyn_suc=39%(avg=34%)  dyn_act=100.0%(avg=98.6%)  ent=0.0100  🎯 DYN!
  [CKPT] Saved → /home/sanaa/Documents/alsat_dynamic_multi/models/checkpoints/ppo_smdp_ep04200.zip
  Ep 4200  r=+160.503  avg10=+90.128  cf=100%(avg=95%)  dyn_suc=53%(avg=35%)  dyn_act=100.0%(avg=99.8%)  ent=0.0100  🎯 DYN!
         Actions → static=0%  dyn=100%  drift=0%  | n_dyn_detected=92  n_dyn_imaged=49  | slew=1392°
  Ep 4210  r= +75.310  avg10=+98.618  cf=100%(avg=94%)  dyn_suc=29%(avg=38%)  dyn_act=100.0%(avg=99.8%)  ent=0.0100  🎯 DYN!
  Ep 4220  r=+107.212  avg10=+78.474  cf=92%(avg=96%)  dyn_suc=42%(avg=31%)  dyn_act=100.0%(avg=100.0%)  ent=0.0100  🎯 DYN!
  Ep 4230  r= +81.307  avg10=+83.060  cf=100%(avg=95%)  dyn_suc=32%(avg=33%)  dyn_act=100.0%(avg=99.9%)  ent=0.0100  🎯 DYN!
  Ep 4240  r= +48.229  avg10=+95.455  cf=100%(avg=98%)  dyn_suc=19%(avg=35%)  dyn_act=100.0%(avg=99.5%)  ent=0.0100  🎯 DYN!
  Ep 4250  r=+102.761  avg10=+97.805  cf=100%(avg=94%)  dyn_suc=36%(avg=38%)  dyn_act=100.0%(avg=99.4%)  ent=0.0100  🎯 DYN!
         Actions → static=0%  dyn=100%  drift=0%  | n_dyn_detected=88  n_dyn_imaged=32  | slew=990°
  Ep 4260  r= +60.439  avg10=+91.498  cf=91%(avg=96%)  dyn_suc=27%(avg=34%)  dyn_act=99.3%(avg=99.1%)  ent=0.0100  🎯 DYN!
  Ep 4270  r=+141.095  avg10=+94.846  cf=96%(avg=96%)  dyn_suc=54%(avg=37%)  dyn_act=100.0%(avg=99.8%)  ent=0.0100  🎯 DYN!
  Ep 4280  r=+128.124  avg10=+102.638  cf=100%(avg=97%)  dyn_suc=44%(avg=39%)  dyn_act=100.0%(avg=99.9%)  ent=0.0100  🎯 DYN!
  Ep 4290  r=+111.654  avg10=+91.637  cf=100%(avg=96%)  dyn_suc=40%(avg=36%)  dyn_act=100.0%(avg=100.0%)  ent=0.0100  🎯 DYN!
  [CKPT] Saved → /home/sanaa/Documents/alsat_dynamic_multi/models/checkpoints/ppo_smdp_ep04300.zip
  Ep 4300  r= +90.875  avg10=+92.615  cf=100%(avg=94%)  dyn_suc=34%(avg=37%)  dyn_act=99.3%(avg=99.8%)  ent=0.0100  🎯 DYN!
         Actions → static=1%  dyn=99%  drift=0%  | n_dyn_detected=80  n_dyn_imaged=27  | slew=863°
  Ep 4310  r=+137.482  avg10=+103.687  cf=100%(avg=97%)  dyn_suc=51%(avg=38%)  dyn_act=99.3%(avg=99.7%)  ent=0.0100  🎯 DYN!
  Ep 4320  r=+108.037  avg10=+106.448  cf=100%(avg=97%)  dyn_suc=37%(avg=39%)  dyn_act=99.3%(avg=98.9%)  ent=0.0100  🎯 DYN!
  Ep 4330  r= +86.931  avg10=+97.373  cf=87%(avg=96%)  dyn_suc=36%(avg=36%)  dyn_act=99.3%(avg=99.6%)  ent=0.0100  🎯 DYN!
  Ep 4340  r= +78.713  avg10=+82.810  cf=92%(avg=91%)  dyn_suc=29%(avg=34%)  dyn_act=98.6%(avg=99.7%)  ent=0.0100  🎯 DYN!
  Ep 4350  r= +75.837  avg10=+97.133  cf=100%(avg=96%)  dyn_suc=29%(avg=36%)  dyn_act=99.3%(avg=99.6%)  ent=0.0100  🎯 DYN!
         Actions → static=1%  dyn=99%  drift=0%  | n_dyn_detected=80  n_dyn_imaged=23  | slew=697°
  Ep 4360  r=+130.473  avg10=+98.526  cf=100%(avg=98%)  dyn_suc=45%(avg=36%)  dyn_act=95.9%(avg=98.5%)  ent=0.0100  🎯 DYN!
  Ep 4370  r= +67.313  avg10=+85.344  cf=100%(avg=94%)  dyn_suc=28%(avg=33%)  dyn_act=93.8%(avg=96.2%)  ent=0.0100  🎯 DYN!
  Ep 4380  r=+106.728  avg10=+99.580  cf=94%(avg=97%)  dyn_suc=42%(avg=36%)  dyn_act=95.1%(avg=97.4%)  ent=0.0100  🎯 DYN!
  Ep 4390  r= +99.577  avg10=+88.298  cf=94%(avg=92%)  dyn_suc=40%(avg=35%)  dyn_act=98.6%(avg=96.5%)  ent=0.0100  🎯 DYN!
  [CKPT] Saved → /home/sanaa/Documents/alsat_dynamic_multi/models/checkpoints/ppo_smdp_ep04400.zip
  Ep 4400  r= +67.828  avg10=+95.930  cf=91%(avg=97%)  dyn_suc=26%(avg=35%)  dyn_act=99.3%(avg=99.1%)  ent=0.0100  🎯 DYN!
         Actions → static=1%  dyn=99%  drift=0%  | n_dyn_detected=85  n_dyn_imaged=22  | slew=651°
  Ep 4410  r= +80.301  avg10=+94.630  cf=100%(avg=97%)  dyn_suc=27%(avg=34%)  dyn_act=94.5%(avg=96.6%)  ent=0.0100  🎯 DYN!
  Ep 4420  r= +53.329  avg10=+99.922  cf=100%(avg=97%)  dyn_suc=22%(avg=37%)  dyn_act=100.0%(avg=98.2%)  ent=0.0100  🎯 DYN!
  Ep 4430  r=+141.936  avg10=+95.214  cf=100%(avg=85%)  dyn_suc=48%(avg=36%)  dyn_act=98.6%(avg=99.3%)  ent=0.0100  🎯 DYN!
  Ep 4440  r=+133.722  avg10=+100.145  cf=95%(avg=98%)  dyn_suc=48%(avg=35%)  dyn_act=98.6%(avg=97.9%)  ent=0.0100  🎯 DYN!
  Ep 4450  r= +94.025  avg10=+65.617  cf=91%(avg=95%)  dyn_suc=40%(avg=27%)  dyn_act=100.0%(avg=99.4%)  ent=0.0100  🎯 DYN!
         Actions → static=0%  dyn=100%  drift=0%  | n_dyn_detected=81  n_dyn_imaged=32  | slew=841°
  Ep 4460  r= +63.644  avg10=+99.123  cf=100%(avg=97%)  dyn_suc=27%(avg=38%)  dyn_act=99.3%(avg=99.5%)  ent=0.0100  🎯 DYN!
  Ep 4470  r= +79.967  avg10=+85.080  cf=100%(avg=98%)  dyn_suc=32%(avg=32%)  dyn_act=100.0%(avg=99.2%)  ent=0.0100  🎯 DYN!
  Ep 4480  r= +84.017  avg10=+96.285  cf=93%(avg=98%)  dyn_suc=33%(avg=35%)  dyn_act=91.7%(avg=91.3%)  ent=0.0100  🎯 DYN!
  Ep 4490  r= +97.397  avg10=+88.677  cf=88%(avg=97%)  dyn_suc=37%(avg=33%)  dyn_act=96.5%(avg=93.6%)  ent=0.0100  🎯 DYN!
  [CKPT] Saved → /home/sanaa/Documents/alsat_dynamic_multi/models/checkpoints/ppo_smdp_ep04500.zip
  Ep 4500  r=+102.605  avg10=+90.155  cf=100%(avg=87%)  dyn_suc=35%(avg=32%)  dyn_act=87.1%(avg=95.9%)  ent=0.0100  🎯 DYN!
         Actions → static=13%  dyn=87%  drift=0%  | n_dyn_detected=85  n_dyn_imaged=30  | slew=1469°
  Ep 4510  r= +90.214  avg10=+93.639  cf=100%(avg=98%)  dyn_suc=31%(avg=33%)  dyn_act=93.8%(avg=89.8%)  ent=0.0100  🎯 DYN!
  Ep 4520  r=+129.930  avg10=+109.378  cf=100%(avg=96%)  dyn_suc=45%(avg=39%)  dyn_act=89.7%(avg=86.7%)  ent=0.0100  🎯 DYN!
  Ep 4530  r= +97.575  avg10=+115.744  cf=100%(avg=99%)  dyn_suc=33%(avg=40%)  dyn_act=97.9%(avg=95.5%)  ent=0.0100  🎯 DYN!
  Ep 4540  r=+115.123  avg10=+90.184  cf=95%(avg=97%)  dyn_suc=39%(avg=32%)  dyn_act=95.9%(avg=97.9%)  ent=0.0100  🎯 DYN!
  Ep 4550  r= +64.728  avg10=+93.752  cf=100%(avg=95%)  dyn_suc=23%(avg=34%)  dyn_act=92.5%(avg=96.2%)  ent=0.0100  🎯 DYN!
         Actions → static=7%  dyn=93%  drift=0%  | n_dyn_detected=84  n_dyn_imaged=19  | slew=894°
  Ep 4560  r=+126.519  avg10=+99.469  cf=100%(avg=98%)  dyn_suc=44%(avg=34%)  dyn_act=89.0%(avg=92.4%)  ent=0.0100  🎯 DYN!
  Ep 4570  r=+105.608  avg10=+95.929  cf=100%(avg=99%)  dyn_suc=40%(avg=35%)  dyn_act=87.5%(avg=92.4%)  ent=0.0100  🎯 DYN!
  Ep 4580  r=+120.918  avg10=+101.923  cf=95%(avg=98%)  dyn_suc=43%(avg=36%)  dyn_act=91.0%(avg=91.8%)  ent=0.0100  🎯 DYN!
  Ep 4590  r=+137.218  avg10=+100.412  cf=100%(avg=92%)  dyn_suc=46%(avg=36%)  dyn_act=94.5%(avg=92.4%)  ent=0.0100  🎯 DYN!
  [CKPT] Saved → /home/sanaa/Documents/alsat_dynamic_multi/models/checkpoints/ppo_smdp_ep04600.zip
  Ep 4600  r= +83.303  avg10=+79.778  cf=100%(avg=96%)  dyn_suc=31%(avg=29%)  dyn_act=100.0%(avg=94.4%)  ent=0.0100  🎯 DYN!
         Actions → static=0%  dyn=100%  drift=0%  | n_dyn_detected=85  n_dyn_imaged=26  | slew=797°
  Ep 4610  r= +55.403  avg10=+86.443  cf=90%(avg=97%)  dyn_suc=23%(avg=32%)  dyn_act=83.0%(avg=92.1%)  ent=0.0100  🎯 DYN!
  Ep 4620  r=+101.382  avg10=+84.873  cf=100%(avg=97%)  dyn_suc=35%(avg=31%)  dyn_act=95.9%(avg=92.7%)  ent=0.0100  🎯 DYN!
  Ep 4630  r=+113.969  avg10=+89.379  cf=100%(avg=97%)  dyn_suc=41%(avg=31%)  dyn_act=81.9%(avg=88.6%)  ent=0.0100  🎯 DYN!
  Ep 4640  r= +71.113  avg10=+80.071  cf=100%(avg=97%)  dyn_suc=23%(avg=28%)  dyn_act=84.4%(avg=81.6%)  ent=0.0100  🎯 DYN!
  Ep 4650  r= +96.599  avg10=+97.561  cf=95%(avg=93%)  dyn_suc=32%(avg=36%)  dyn_act=84.2%(avg=87.2%)  ent=0.0100  🎯 DYN!
         Actions → static=16%  dyn=84%  drift=0%  | n_dyn_detected=92  n_dyn_imaged=29  | slew=1816°
  Ep 4660  r= +99.884  avg10=+94.319  cf=100%(avg=96%)  dyn_suc=38%(avg=34%)  dyn_act=95.8%(avg=88.8%)  ent=0.0100  🎯 DYN!
  Ep 4670  r=+149.068  avg10=+105.001  cf=96%(avg=97%)  dyn_suc=52%(avg=36%)  dyn_act=89.7%(avg=91.4%)  ent=0.0100  🎯 DYN!
  Ep 4680  r=+146.255  avg10=+104.154  cf=96%(avg=94%)  dyn_suc=48%(avg=37%)  dyn_act=97.9%(avg=92.3%)  ent=0.0100  🎯 DYN!
  Ep 4690  r=+120.300  avg10=+98.686  cf=100%(avg=98%)  dyn_suc=41%(avg=35%)  dyn_act=98.6%(avg=97.7%)  ent=0.0100  🎯 DYN!
  [CKPT] Saved → /home/sanaa/Documents/alsat_dynamic_multi/models/checkpoints/ppo_smdp_ep04700.zip
  Ep 4700  r=+113.264  avg10=+98.082  cf=85%(avg=96%)  dyn_suc=46%(avg=36%)  dyn_act=97.9%(avg=99.3%)  ent=0.0100  🎯 DYN!
         Actions → static=2%  dyn=98%  drift=0%  | n_dyn_detected=87  n_dyn_imaged=40  | slew=1224°
  Ep 4710  r= +98.132  avg10=+93.131  cf=100%(avg=95%)  dyn_suc=35%(avg=34%)  dyn_act=83.1%(avg=92.9%)  ent=0.0100  🎯 DYN!
  Ep 4720  r=+132.070  avg10=+103.311  cf=100%(avg=95%)  dyn_suc=44%(avg=37%)  dyn_act=97.9%(avg=95.6%)  ent=0.0100  🎯 DYN!
  Ep 4730  r=+105.179  avg10=+114.686  cf=100%(avg=97%)  dyn_suc=36%(avg=42%)  dyn_act=98.6%(avg=99.2%)  ent=0.0100  🎯 DYN!
  Ep 4740  r= +93.007  avg10=+102.563  cf=100%(avg=96%)  dyn_suc=34%(avg=38%)  dyn_act=92.5%(avg=95.7%)  ent=0.0100  🎯 DYN!
  Ep 4750  r= +91.664  avg10=+104.767  cf=100%(avg=98%)  dyn_suc=33%(avg=37%)  dyn_act=100.0%(avg=98.4%)  ent=0.0100  🎯 DYN!
         Actions → static=0%  dyn=100%  drift=0%  | n_dyn_detected=87  n_dyn_imaged=29  | slew=790°
  Ep 4760  r=+127.176  avg10=+103.767  cf=100%(avg=97%)  dyn_suc=45%(avg=39%)  dyn_act=79.2%(avg=94.3%)  ent=0.0100  🎯 DYN!
  Ep 4770  r=+123.269  avg10=+90.159  cf=100%(avg=97%)  dyn_suc=40%(avg=34%)  dyn_act=96.5%(avg=88.0%)  ent=0.0100  🎯 DYN!
  Ep 4780  r=+107.100  avg10=+79.965  cf=100%(avg=95%)  dyn_suc=41%(avg=31%)  dyn_act=91.0%(avg=90.6%)  ent=0.0100  🎯 DYN!
  Ep 4790  r= +85.116  avg10=+99.214  cf=100%(avg=94%)  dyn_suc=33%(avg=38%)  dyn_act=97.2%(avg=93.9%)  ent=0.0100  🎯 DYN!
  [CKPT] Saved → /home/sanaa/Documents/alsat_dynamic_multi/models/checkpoints/ppo_smdp_ep04800.zip
  Ep 4800  r=+143.786  avg10=+107.561  cf=100%(avg=96%)  dyn_suc=49%(avg=41%)  dyn_act=98.6%(avg=96.7%)  ent=0.0100  🎯 DYN!
         Actions → static=1%  dyn=99%  drift=1%  | n_dyn_detected=88  n_dyn_imaged=43  | slew=1268°
  Ep 4810  r=+121.053  avg10=+91.715  cf=100%(avg=98%)  dyn_suc=44%(avg=35%)  dyn_act=100.0%(avg=99.6%)  ent=0.0100  🎯 DYN!
  Ep 4820  r= +71.605  avg10=+88.428  cf=92%(avg=96%)  dyn_suc=29%(avg=33%)  dyn_act=99.3%(avg=97.1%)  ent=0.0100  🎯 DYN!
  Ep 4830  r= +82.762  avg10=+107.208  cf=93%(avg=98%)  dyn_suc=35%(avg=39%)  dyn_act=97.3%(avg=97.5%)  ent=0.0100  🎯 DYN!
  Ep 4840  r= +98.956  avg10=+95.065  cf=100%(avg=96%)  dyn_suc=35%(avg=36%)  dyn_act=96.6%(avg=97.2%)  ent=0.0100  🎯 DYN!
  Ep 4850  r= +86.093  avg10=+90.833  cf=81%(avg=95%)  dyn_suc=37%(avg=33%)  dyn_act=88.3%(avg=93.5%)  ent=0.0100  🎯 DYN!
         Actions → static=8%  dyn=88%  drift=4%  | n_dyn_detected=86  n_dyn_imaged=32  | slew=987°
  Ep 4860  r=+106.491  avg10=+90.209  cf=84%(avg=92%)  dyn_suc=43%(avg=35%)  dyn_act=93.2%(avg=93.3%)  ent=0.0100  🎯 DYN!
  Ep 4870  r= +85.966  avg10=+99.032  cf=100%(avg=99%)  dyn_suc=31%(avg=35%)  dyn_act=84.1%(avg=91.3%)  ent=0.0100  🎯 DYN!
  Ep 4880  r= +73.677  avg10=+81.142  cf=100%(avg=95%)  dyn_suc=28%(avg=31%)  dyn_act=97.2%(avg=93.9%)  ent=0.0100  🎯 DYN!
  Ep 4890  r= +74.551  avg10=+96.104  cf=100%(avg=99%)  dyn_suc=27%(avg=34%)  dyn_act=95.1%(avg=97.6%)  ent=0.0100  🎯 DYN!
  [CKPT] Saved → /home/sanaa/Documents/alsat_dynamic_multi/models/checkpoints/ppo_smdp_ep04900.zip
  Ep 4900  r=+126.074  avg10=+90.895  cf=100%(avg=94%)  dyn_suc=47%(avg=35%)  dyn_act=100.0%(avg=98.4%)  ent=0.0100  🎯 DYN!
         Actions → static=0%  dyn=100%  drift=0%  | n_dyn_detected=86  n_dyn_imaged=40  | slew=1205°
  Ep 4910  r= +59.860  avg10=+97.534  cf=83%(avg=94%)  dyn_suc=29%(avg=37%)  dyn_act=100.0%(avg=99.4%)  ent=0.0100  🎯 DYN!
 100% ━━━━━━━━━━━━━━━━━━━━━━━━━━━━━━━━━━━━━━━━━━━━━━━━━━━━━━━━━━━━━━━━━━━━━━━━━━━━━━━━━━━━━━━━━━━━━━━━━━━━━━━━━━━━━━━━━━━━━━━━━━━━━━━━━━━━━━━━━━━━━━━━━━━ 720,000/720,000  [ 11:08:45 < 0:00:00 , 20 it/s ]
  Done 668.8 min  model -> /home/sanaa/Documents/alsat_dynamic_multi/models/ppo_smdp_full.zip
  [RL] Loaded model from /home/sanaa/Documents/alsat_dynamic_multi/models/ppo_smdp_full.zip

──────────────────────────────────────────────────────────────────────
  SCENARIO: No events (baseline)
──────────────────────────────────────────────────────────────────────
    ep  1  greedy_dyn=+14.919  ignore=+14.919  det=0  suc=0%
    ep  2  greedy_dyn=+13.190  ignore=+13.190  det=0  suc=0%
    ep  3  greedy_dyn=+13.596  ignore=+13.596  det=0  suc=0%
    ep  4  greedy_dyn=+13.797  ignore=+13.797  det=0  suc=0%
    ep  5  greedy_dyn=-5.000  ignore=-5.000  det=0  suc=0%


================================================================================
  DYNAMIC TARGETING COMPARISON  (event_rate=0.0/hr)
================================================================================
  Policy                        Reward      ±    CF%   DynDet   DynImg   Suc%   Delay(s)
  ------------------------------------------------------------------------------
  greedy_dynamic_scout         +10.100  7.572    80%      0.0      0.0     0%          0
  greedy_ignore_dynamic        +10.100  7.572    80%      0.0      0.0     0%          0
  RL-PPO-dynamic                -5.000  0.000     0%      0.0      0.0     0%          0
================================================================================
  Dynamic targeting value (greedy_dynamic - ignore_dynamic): +0.000


──────────────────────────────────────────────────────────────────────
  SCENARIO: Sparse events (0.5/hr)
──────────────────────────────────────────────────────────────────────
    ep  1  greedy_dyn=+58.669  ignore=+14.919  det=23  suc=61%
    ep  2  greedy_dyn=+51.489  ignore=+13.190  det=18  suc=61%
    ep  3  greedy_dyn=+92.789  ignore=+13.596  det=31  suc=74%
    ep  4  greedy_dyn=+82.523  ignore=+13.797  det=28  suc=75%
    ep  5  greedy_dyn=+78.374  ignore=-5.000  det=19  suc=126%


================================================================================
  DYNAMIC TARGETING COMPARISON  (event_rate=0.5/hr)
================================================================================
  Policy                        Reward      ±    CF%   DynDet   DynImg   Suc%   Delay(s)
  ------------------------------------------------------------------------------
  greedy_dynamic_scout         +72.769  15.356    99%     23.8     18.6    79%       5092
  greedy_ignore_dynamic        +10.100  7.572    80%     23.8      0.0     0%          0
  RL-PPO-dynamic               +26.481  12.146   100%     23.8      9.4    39%       6941
================================================================================
  Dynamic targeting value (greedy_dynamic - ignore_dynamic): +62.668


──────────────────────────────────────────────────────────────────────
  SCENARIO: Dense events (2.0/hr)
──────────────────────────────────────────────────────────────────────
    ep  1  greedy_dyn=+149.177  ignore=+14.919  det=71  suc=55%
    ep  2  greedy_dyn=+86.416  ignore=+13.190  det=61  suc=36%
    ep  3  greedy_dyn=+90.338  ignore=+13.596  det=69  suc=33%
    ep  4  greedy_dyn=+137.551  ignore=+13.797  det=67  suc=54%
    ep  5  greedy_dyn=+114.647  ignore=-5.000  det=70  suc=50%


================================================================================
  DYNAMIC TARGETING COMPARISON  (event_rate=2.0/hr)
================================================================================
  Policy                        Reward      ±    CF%   DynDet   DynImg   Suc%   Delay(s)
  ------------------------------------------------------------------------------
  greedy_dynamic_scout        +115.626  24.900   100%     67.6     31.0    46%       5960
  greedy_ignore_dynamic        +10.100  7.572    80%     61.2      0.0     0%          0
  RL-PPO-dynamic               +51.171  5.559    98%     64.2     17.4    27%       7699
================================================================================
  Dynamic targeting value (greedy_dynamic - ignore_dynamic): +105.525

  Additional science value (dense, dynamic-scout vs ignore): +105.525
  Plot saved → /home/sanaa/Documents/alsat_dynamic_multi/data/outputs/plots/dynamic_eval_comparison.png
  [WARN] explain: SMDP_VISION

  All done.
