Using device: cuda
============================================================
  ALSAT-EO-1  Phase 3  Master Training Pipeline
============================================================
  Config  : dyn_real_vision  obs=56  acts=24
  Safety  : ON (default)
  Episodes: 5000  rate=4.0/hr
/home/sanaa/anaconda3/envs/thesis_py311/lib/python3.11/site-packages/torch/nn/modules/conv.py:456: UserWarning: Applied workaround for CuDNN issue, install nvrtc.so (Triggered internally at ../aten/src/ATen/native/cudnn/Conv_v8.cpp:84.)
  return F.conv2d(input, weight, bias, self.stride,
/home/sanaa/anaconda3/envs/thesis_py311/lib/python3.11/site-packages/torch/nn/modules/conv.py:456: UserWarning: Applied workaround for CuDNN issue, install nvrtc.so (Triggered internally at ../aten/src/ATen/native/cudnn/Conv_v8.cpp:84.)
  return F.conv2d(input, weight, bias, self.stride,
Using device: cuda
Using device: cuda
/home/sanaa/anaconda3/envs/thesis_py311/lib/python3.11/site-packages/torch/nn/modules/conv.py:456: UserWarning: Applied workaround for CuDNN issue, install nvrtc.so (Triggered internally at ../aten/src/ATen/native/cudnn/Conv_v8.cpp:84.)
  return F.conv2d(input, weight, bias, self.stride,
Traceback (most recent call last):
  File "<frozen runpy>", line 198, in _run_module_as_main
  File "<frozen runpy>", line 88, in _run_code
  File "/home/sanaa/Documents/alsat_dynamic_multi/scripts/training/train_ppo_smdp_full.py", line 487, in <module>
    main()
  File "/home/sanaa/Documents/alsat_dynamic_multi/scripts/training/train_ppo_smdp_full.py", line 455, in main
    model = stage_curriculum(args, cfg, model=model)
            ^^^^^^^^^^^^^^^^^^^^^^^^^^^^^^^^^^^^^^^^
  File "/home/sanaa/Documents/alsat_dynamic_multi/scripts/training/train_ppo_smdp_full.py", line 295, in stage_curriculum
    model.set_env(vec)
  File "/home/sanaa/anaconda3/envs/thesis_py311/lib/python3.11/site-packages/stable_baselines3/common/base_class.py", line 492, in set_env
    assert env.num_envs == self.n_envs, (
           ^^^^^^^^^^^^^^^^^^^^^^^^^^^
AssertionError: The number of environments to be set is different from the number of environments in the model: (1 != 2), whereas `set_env` requires them to be the same. To load a model with a different number of environments, you must use `PPO.load(path, env)` instead

============================================================
  Stage 1 -- Behavioral Cloning
============================================================
  Loaded 7,843 transitions from /home/sanaa/Documents/alsat_dynamic_multi/data/demos.npz
  BC pretraining (50 epochs)...
  BC: using 6271/7843 non-drift transitions (80% of demos)
  BC weights: min=0.34  max=2.00  (using 23 distinct actions)
    BC ep  10/50  loss=3.0325  acc=35.23%
    BC ep  20/50  loss=3.0488  acc=36.85%
    BC ep  30/50  loss=3.0214  acc=38.02%
    BC ep  40/50  loss=3.0065  acc=38.02%
    BC ep  50/50  loss=2.9998  acc=38.02%
  BC done.  Best loss=2.9995

============================================================
  Stage 2 -- Curriculum Warm-up
============================================================
