Using device: cuda
============================================================
  ALSAT-EO-1  Phase 3  Master Training Pipeline
============================================================
  Config  : dyn_real_vision  obs=56  acts=24
  Safety  : ON (default)
  Episodes: 3000  rate=4.0/hr
/home/sanaa/anaconda3/envs/thesis_py311/lib/python3.11/site-packages/torch/nn/modules/conv.py:456: UserWarning: Applied workaround for CuDNN issue, install nvrtc.so (Triggered internally at ../aten/src/ATen/native/cudnn/Conv_v8.cpp:84.)
  return F.conv2d(input, weight, bias, self.stride,
/home/sanaa/anaconda3/envs/thesis_py311/lib/python3.11/site-packages/torch/nn/modules/conv.py:456: UserWarning: Applied workaround for CuDNN issue, install nvrtc.so (Triggered internally at ../aten/src/ATen/native/cudnn/Conv_v8.cpp:84.)
  return F.conv2d(input, weight, bias, self.stride,
/home/sanaa/anaconda3/envs/thesis_py311/lib/python3.11/site-packages/stable_baselines3/ppo/ppo.py:155: UserWarning: You have specified a mini-batch size of 72, but because the `RolloutBuffer` is of size `n_steps * n_envs = 4096`, after every 56 untruncated mini-batches, there will be a truncated mini-batch of size 64
We recommend using a `batch_size` that is a factor of `n_steps * n_envs`.
Info: (n_steps=2048 and n_envs=2)
  warnings.warn(
/home/sanaa/anaconda3/envs/thesis_py311/lib/python3.11/site-packages/stable_baselines3/common/on_policy_algorithm.py:150: UserWarning: You are trying to run PPO on the GPU, but it is primarily intended to run on the CPU when not using a CNN policy (you are using ActorCriticPolicy which should be a MlpPolicy). See https://github.com/DLR-RM/stable-baselines3/issues/1245 for more info. You can pass `device='cpu'` or `export CUDA_VISIBLE_DEVICES=` to force using the CPU.Note: The model will train, but the GPU utilization will be poor and the training might take longer than on CPU.
  warnings.warn(
Using device: cuda
Using device: cuda
/home/sanaa/anaconda3/envs/thesis_py311/lib/python3.11/site-packages/torch/nn/modules/conv.py:456: UserWarning: Applied workaround for CuDNN issue, install nvrtc.so (Triggered internally at ../aten/src/ATen/native/cudnn/Conv_v8.cpp:84.)
  return F.conv2d(input, weight, bias, self.stride,
/home/sanaa/anaconda3/envs/thesis_py311/lib/python3.11/site-packages/stable_baselines3/ppo/ppo.py:155: UserWarning: You have specified a mini-batch size of 72, but because the `RolloutBuffer` is of size `n_steps * n_envs = 2048`, after every 28 untruncated mini-batches, there will be a truncated mini-batch of size 32
We recommend using a `batch_size` that is a factor of `n_steps * n_envs`.
Info: (n_steps=2048 and n_envs=1)
  warnings.warn(
/home/sanaa/anaconda3/envs/thesis_py311/lib/python3.11/site-packages/stable_baselines3/common/on_policy_algorithm.py:150: UserWarning: You are trying to run PPO on the GPU, but it is primarily intended to run on the CPU when not using a CNN policy (you are using ActorCriticPolicy which should be a MlpPolicy). See https://github.com/DLR-RM/stable-baselines3/issues/1245 for more info. You can pass `device='cpu'` or `export CUDA_VISIBLE_DEVICES=` to force using the CPU.Note: The model will train, but the GPU utilization will be poor and the training might take longer than on CPU.
  warnings.warn(
