WARNING:real_vision_cloud_model:RealVisionCloudModel: no CUDA GPU — running CNN on CPU.
WARNING:real_vision_cloud_model:RealVisionCloudModel: no CUDA GPU — running CNN on CPU.
WARNING:real_vision_cloud_model:RealVisionCloudModel: no CUDA GPU — running CNN on CPU.
WARNING:real_vision_cloud_model:RealVisionCloudModel: no CUDA GPU — running CNN on CPU.
WARNING:real_vision_cloud_model:RealVisionCloudModel: no CUDA GPU — running CNN on CPU.
WARNING:real_vision_cloud_model:RealVisionCloudModel: no CUDA GPU — running CNN on CPU.
WARNING:real_vision_cloud_model:RealVisionCloudModel: no CUDA GPU — running CNN on CPU.
WARNING:real_vision_cloud_model:RealVisionCloudModel: no CUDA GPU — running CNN on CPU.
WARNING:real_vision_cloud_model:RealVisionCloudModel: no CUDA GPU — running CNN on CPU.
WARNING:real_vision_cloud_model:RealVisionCloudModel: no CUDA GPU — running CNN on CPU.
WARNING:real_vision_cloud_model:RealVisionCloudModel: no CUDA GPU — running CNN on CPU.
WARNING:real_vision_cloud_model:RealVisionCloudModel: no CUDA GPU — running CNN on CPU.
WARNING:real_vision_cloud_model:RealVisionCloudModel: no CUDA GPU — running CNN on CPU.
WARNING:real_vision_cloud_model:RealVisionCloudModel: no CUDA GPU — running CNN on CPU.
WARNING:real_vision_cloud_model:RealVisionCloudModel: no CUDA GPU — running CNN on CPU.
WARNING:real_vision_cloud_model:RealVisionCloudModel: no CUDA GPU — running CNN on CPU.
WARNING:real_vision_cloud_model:RealVisionCloudModel: no CUDA GPU — running CNN on CPU.
WARNING:real_vision_cloud_model:RealVisionCloudModel: no CUDA GPU — running CNN on CPU.
WARNING:real_vision_cloud_model:RealVisionCloudModel: no CUDA GPU — running CNN on CPU.
WARNING:real_vision_cloud_model:RealVisionCloudModel: no CUDA GPU — running CNN on CPU.
WARNING:real_vision_cloud_model:RealVisionCloudModel: no CUDA GPU — running CNN on CPU.
WARNING:real_vision_cloud_model:RealVisionCloudModel: no CUDA GPU — running CNN on CPU.
WARNING:real_vision_cloud_model:RealVisionCloudModel: no CUDA GPU — running CNN on CPU.
WARNING:real_vision_cloud_model:RealVisionCloudModel: no CUDA GPU — running CNN on CPU.
WARNING:real_vision_cloud_model:RealVisionCloudModel: no CUDA GPU — running CNN on CPU.
WARNING:real_vision_cloud_model:RealVisionCloudModel: no CUDA GPU — running CNN on CPU.
WARNING:real_vision_cloud_model:RealVisionCloudModel: no CUDA GPU — running CNN on CPU.
WARNING:real_vision_cloud_model:RealVisionCloudModel: no CUDA GPU — running CNN on CPU.
WARNING:real_vision_cloud_model:RealVisionCloudModel: no CUDA GPU — running CNN on CPU.
WARNING:real_vision_cloud_model:RealVisionCloudModel: no CUDA GPU — running CNN on CPU.
WARNING:real_vision_cloud_model:RealVisionCloudModel: no CUDA GPU — running CNN on CPU.
WARNING:real_vision_cloud_model:RealVisionCloudModel: no CUDA GPU — running CNN on CPU.
WARNING:real_vision_cloud_model:RealVisionCloudModel: no CUDA GPU — running CNN on CPU.
WARNING:real_vision_cloud_model:RealVisionCloudModel: no CUDA GPU — running CNN on CPU.
WARNING:real_vision_cloud_model:RealVisionCloudModel: no CUDA GPU — running CNN on CPU.
WARNING:real_vision_cloud_model:RealVisionCloudModel: no CUDA GPU — running CNN on CPU.
WARNING:real_vision_cloud_model:RealVisionCloudModel: no CUDA GPU — running CNN on CPU.
WARNING:real_vision_cloud_model:RealVisionCloudModel: no CUDA GPU — running CNN on CPU.
WARNING:real_vision_cloud_model:RealVisionCloudModel: no CUDA GPU — running CNN on CPU.
WARNING:real_vision_cloud_model:RealVisionCloudModel: no CUDA GPU — running CNN on CPU.
WARNING:real_vision_cloud_model:RealVisionCloudModel: no CUDA GPU — running CNN on CPU.
WARNING:real_vision_cloud_model:RealVisionCloudModel: no CUDA GPU — running CNN on CPU.
WARNING:real_vision_cloud_model:RealVisionCloudModel: no CUDA GPU — running CNN on CPU.
WARNING:real_vision_cloud_model:RealVisionCloudModel: no CUDA GPU — running CNN on CPU.
WARNING:real_vision_cloud_model:RealVisionCloudModel: no CUDA GPU — running CNN on CPU.
WARNING:real_vision_cloud_model:RealVisionCloudModel: no CUDA GPU — running CNN on CPU.
WARNING:real_vision_cloud_model:RealVisionCloudModel: no CUDA GPU — running CNN on CPU.
WARNING:real_vision_cloud_model:RealVisionCloudModel: no CUDA GPU — running CNN on CPU.
WARNING:real_vision_cloud_model:RealVisionCloudModel: no CUDA GPU — running CNN on CPU.
WARNING:real_vision_cloud_model:RealVisionCloudModel: no CUDA GPU — running CNN on CPU.
WARNING:real_vision_cloud_model:RealVisionCloudModel: no CUDA GPU — running CNN on CPU.
WARNING:real_vision_cloud_model:RealVisionCloudModel: no CUDA GPU — running CNN on CPU.
WARNING:real_vision_cloud_model:RealVisionCloudModel: no CUDA GPU — running CNN on CPU.
WARNING:real_vision_cloud_model:RealVisionCloudModel: no CUDA GPU — running CNN on CPU.
WARNING:real_vision_cloud_model:RealVisionCloudModel: no CUDA GPU — running CNN on CPU.
WARNING:real_vision_cloud_model:RealVisionCloudModel: no CUDA GPU — running CNN on CPU.
WARNING:real_vision_cloud_model:RealVisionCloudModel: no CUDA GPU — running CNN on CPU.
WARNING:real_vision_cloud_model:RealVisionCloudModel: no CUDA GPU — running CNN on CPU.
WARNING:real_vision_cloud_model:RealVisionCloudModel: no CUDA GPU — running CNN on CPU.
WARNING:real_vision_cloud_model:RealVisionCloudModel: no CUDA GPU — running CNN on CPU.
WARNING:real_vision_cloud_model:RealVisionCloudModel: no CUDA GPU — running CNN on CPU.
WARNING:real_vision_cloud_model:RealVisionCloudModel: no CUDA GPU — running CNN on CPU.
WARNING:real_vision_cloud_model:RealVisionCloudModel: no CUDA GPU — running CNN on CPU.
WARNING:real_vision_cloud_model:RealVisionCloudModel: no CUDA GPU — running CNN on CPU.
WARNING:real_vision_cloud_model:RealVisionCloudModel: no CUDA GPU — running CNN on CPU.
WARNING:real_vision_cloud_model:RealVisionCloudModel: no CUDA GPU — running CNN on CPU.
WARNING:real_vision_cloud_model:RealVisionCloudModel: no CUDA GPU — running CNN on CPU.
WARNING:real_vision_cloud_model:RealVisionCloudModel: no CUDA GPU — running CNN on CPU.
WARNING:real_vision_cloud_model:RealVisionCloudModel: no CUDA GPU — running CNN on CPU.
WARNING:real_vision_cloud_model:RealVisionCloudModel: no CUDA GPU — running CNN on CPU.
WARNING:real_vision_cloud_model:RealVisionCloudModel: no CUDA GPU — running CNN on CPU.
WARNING:real_vision_cloud_model:RealVisionCloudModel: no CUDA GPU — running CNN on CPU.
WARNING:real_vision_cloud_model:RealVisionCloudModel: no CUDA GPU — running CNN on CPU.
WARNING:real_vision_cloud_model:RealVisionCloudModel: no CUDA GPU — running CNN on CPU.
WARNING:real_vision_cloud_model:RealVisionCloudModel: no CUDA GPU — running CNN on CPU.
WARNING:real_vision_cloud_model:RealVisionCloudModel: no CUDA GPU — running CNN on CPU.
WARNING:real_vision_cloud_model:RealVisionCloudModel: no CUDA GPU — running CNN on CPU.
WARNING:real_vision_cloud_model:RealVisionCloudModel: no CUDA GPU — running CNN on CPU.
WARNING:real_vision_cloud_model:RealVisionCloudModel: no CUDA GPU — running CNN on CPU.
WARNING:real_vision_cloud_model:RealVisionCloudModel: no CUDA GPU — running CNN on CPU.
WARNING:real_vision_cloud_model:RealVisionCloudModel: no CUDA GPU — running CNN on CPU.
WARNING:real_vision_cloud_model:RealVisionCloudModel: no CUDA GPU — running CNN on CPU.
WARNING:real_vision_cloud_model:RealVisionCloudModel: no CUDA GPU — running CNN on CPU.
WARNING:real_vision_cloud_model:RealVisionCloudModel: no CUDA GPU — running CNN on CPU.
WARNING:real_vision_cloud_model:RealVisionCloudModel: no CUDA GPU — running CNN on CPU.
WARNING:real_vision_cloud_model:RealVisionCloudModel: no CUDA GPU — running CNN on CPU.
WARNING:real_vision_cloud_model:RealVisionCloudModel: no CUDA GPU — running CNN on CPU.
WARNING:real_vision_cloud_model:RealVisionCloudModel: no CUDA GPU — running CNN on CPU.
WARNING:real_vision_cloud_model:RealVisionCloudModel: no CUDA GPU — running CNN on CPU.
WARNING:real_vision_cloud_model:RealVisionCloudModel: no CUDA GPU — running CNN on CPU.
WARNING:real_vision_cloud_model:RealVisionCloudModel: no CUDA GPU — running CNN on CPU.
WARNING:real_vision_cloud_model:RealVisionCloudModel: no CUDA GPU — running CNN on CPU.
WARNING:real_vision_cloud_model:RealVisionCloudModel: no CUDA GPU — running CNN on CPU.
WARNING:real_vision_cloud_model:RealVisionCloudModel: no CUDA GPU — running CNN on CPU.
WARNING:real_vision_cloud_model:RealVisionCloudModel: no CUDA GPU — running CNN on CPU.
WARNING:real_vision_cloud_model:RealVisionCloudModel: no CUDA GPU — running CNN on CPU.
WARNING:real_vision_cloud_model:RealVisionCloudModel: no CUDA GPU — running CNN on CPU.
WARNING:real_vision_cloud_model:RealVisionCloudModel: no CUDA GPU — running CNN on CPU.
WARNING:real_vision_cloud_model:RealVisionCloudModel: no CUDA GPU — running CNN on CPU.
WARNING:real_vision_cloud_model:RealVisionCloudModel: no CUDA GPU — running CNN on CPU.
WARNING:real_vision_cloud_model:RealVisionCloudModel: no CUDA GPU — running CNN on CPU.
WARNING:real_vision_cloud_model:RealVisionCloudModel: no CUDA GPU — running CNN on CPU.
WARNING:real_vision_cloud_model:RealVisionCloudModel: no CUDA GPU — running CNN on CPU.
WARNING:real_vision_cloud_model:RealVisionCloudModel: no CUDA GPU — running CNN on CPU.
WARNING:real_vision_cloud_model:RealVisionCloudModel: no CUDA GPU — running CNN on CPU.
WARNING:real_vision_cloud_model:RealVisionCloudModel: no CUDA GPU — running CNN on CPU.
WARNING:real_vision_cloud_model:RealVisionCloudModel: no CUDA GPU — running CNN on CPU.
WARNING:real_vision_cloud_model:RealVisionCloudModel: no CUDA GPU — running CNN on CPU.
WARNING:real_vision_cloud_model:RealVisionCloudModel: no CUDA GPU — running CNN on CPU.
WARNING:real_vision_cloud_model:RealVisionCloudModel: no CUDA GPU — running CNN on CPU.
WARNING:real_vision_cloud_model:RealVisionCloudModel: no CUDA GPU — running CNN on CPU.
WARNING:real_vision_cloud_model:RealVisionCloudModel: no CUDA GPU — running CNN on CPU.
WARNING:real_vision_cloud_model:RealVisionCloudModel: no CUDA GPU — running CNN on CPU.
WARNING:real_vision_cloud_model:RealVisionCloudModel: no CUDA GPU — running CNN on CPU.
WARNING:real_vision_cloud_model:RealVisionCloudModel: no CUDA GPU — running CNN on CPU.
WARNING:real_vision_cloud_model:RealVisionCloudModel: no CUDA GPU — running CNN on CPU.
WARNING:real_vision_cloud_model:RealVisionCloudModel: no CUDA GPU — running CNN on CPU.
WARNING:real_vision_cloud_model:RealVisionCloudModel: no CUDA GPU — running CNN on CPU.
WARNING:real_vision_cloud_model:RealVisionCloudModel: no CUDA GPU — running CNN on CPU.
WARNING:real_vision_cloud_model:RealVisionCloudModel: no CUDA GPU — running CNN on CPU.
WARNING:real_vision_cloud_model:RealVisionCloudModel: no CUDA GPU — running CNN on CPU.
WARNING:real_vision_cloud_model:RealVisionCloudModel: no CUDA GPU — running CNN on CPU.
WARNING:real_vision_cloud_model:RealVisionCloudModel: no CUDA GPU — running CNN on CPU.
WARNING:real_vision_cloud_model:RealVisionCloudModel: no CUDA GPU — running CNN on CPU.
WARNING:real_vision_cloud_model:RealVisionCloudModel: no CUDA GPU — running CNN on CPU.
WARNING:real_vision_cloud_model:RealVisionCloudModel: no CUDA GPU — running CNN on CPU.
WARNING:real_vision_cloud_model:RealVisionCloudModel: no CUDA GPU — running CNN on CPU.
WARNING:real_vision_cloud_model:RealVisionCloudModel: no CUDA GPU — running CNN on CPU.
WARNING:real_vision_cloud_model:RealVisionCloudModel: no CUDA GPU — running CNN on CPU.
WARNING:real_vision_cloud_model:RealVisionCloudModel: no CUDA GPU — running CNN on CPU.
WARNING:real_vision_cloud_model:RealVisionCloudModel: no CUDA GPU — running CNN on CPU.
WARNING:real_vision_cloud_model:RealVisionCloudModel: no CUDA GPU — running CNN on CPU.
WARNING:real_vision_cloud_model:RealVisionCloudModel: no CUDA GPU — running CNN on CPU.
WARNING:real_vision_cloud_model:RealVisionCloudModel: no CUDA GPU — running CNN on CPU.
WARNING:real_vision_cloud_model:RealVisionCloudModel: no CUDA GPU — running CNN on CPU.
WARNING:real_vision_cloud_model:RealVisionCloudModel: no CUDA GPU — running CNN on CPU.
WARNING:real_vision_cloud_model:RealVisionCloudModel: no CUDA GPU — running CNN on CPU.
WARNING:real_vision_cloud_model:RealVisionCloudModel: no CUDA GPU — running CNN on CPU.
WARNING:real_vision_cloud_model:RealVisionCloudModel: no CUDA GPU — running CNN on CPU.
WARNING:real_vision_cloud_model:RealVisionCloudModel: no CUDA GPU — running CNN on CPU.
WARNING:real_vision_cloud_model:RealVisionCloudModel: no CUDA GPU — running CNN on CPU.
WARNING:real_vision_cloud_model:RealVisionCloudModel: no CUDA GPU — running CNN on CPU.
WARNING:real_vision_cloud_model:RealVisionCloudModel: no CUDA GPU — running CNN on CPU.
WARNING:real_vision_cloud_model:RealVisionCloudModel: no CUDA GPU — running CNN on CPU.
WARNING:real_vision_cloud_model:RealVisionCloudModel: no CUDA GPU — running CNN on CPU.
WARNING:real_vision_cloud_model:RealVisionCloudModel: no CUDA GPU — running CNN on CPU.
WARNING:real_vision_cloud_model:RealVisionCloudModel: no CUDA GPU — running CNN on CPU.
WARNING:real_vision_cloud_model:RealVisionCloudModel: no CUDA GPU — running CNN on CPU.
WARNING:real_vision_cloud_model:RealVisionCloudModel: no CUDA GPU — running CNN on CPU.
WARNING:real_vision_cloud_model:RealVisionCloudModel: no CUDA GPU — running CNN on CPU.
WARNING:real_vision_cloud_model:RealVisionCloudModel: no CUDA GPU — running CNN on CPU.
WARNING:real_vision_cloud_model:RealVisionCloudModel: no CUDA GPU — running CNN on CPU.
WARNING:real_vision_cloud_model:RealVisionCloudModel: no CUDA GPU — running CNN on CPU.
WARNING:real_vision_cloud_model:RealVisionCloudModel: no CUDA GPU — running CNN on CPU.
WARNING:real_vision_cloud_model:RealVisionCloudModel: no CUDA GPU — running CNN on CPU.
WARNING:real_vision_cloud_model:RealVisionCloudModel: no CUDA GPU — running CNN on CPU.
WARNING:real_vision_cloud_model:RealVisionCloudModel: no CUDA GPU — running CNN on CPU.
WARNING:real_vision_cloud_model:RealVisionCloudModel: no CUDA GPU — running CNN on CPU.
WARNING:real_vision_cloud_model:RealVisionCloudModel: no CUDA GPU — running CNN on CPU.
WARNING:real_vision_cloud_model:RealVisionCloudModel: no CUDA GPU — running CNN on CPU.
WARNING:real_vision_cloud_model:RealVisionCloudModel: no CUDA GPU — running CNN on CPU.
WARNING:real_vision_cloud_model:RealVisionCloudModel: no CUDA GPU — running CNN on CPU.
WARNING:real_vision_cloud_model:RealVisionCloudModel: no CUDA GPU — running CNN on CPU.
WARNING:real_vision_cloud_model:RealVisionCloudModel: no CUDA GPU — running CNN on CPU.
WARNING:real_vision_cloud_model:RealVisionCloudModel: no CUDA GPU — running CNN on CPU.
WARNING:real_vision_cloud_model:RealVisionCloudModel: no CUDA GPU — running CNN on CPU.
WARNING:real_vision_cloud_model:RealVisionCloudModel: no CUDA GPU — running CNN on CPU.
WARNING:real_vision_cloud_model:RealVisionCloudModel: no CUDA GPU — running CNN on CPU.
WARNING:real_vision_cloud_model:RealVisionCloudModel: no CUDA GPU — running CNN on CPU.
WARNING:real_vision_cloud_model:RealVisionCloudModel: no CUDA GPU — running CNN on CPU.
WARNING:real_vision_cloud_model:RealVisionCloudModel: no CUDA GPU — running CNN on CPU.
WARNING:real_vision_cloud_model:RealVisionCloudModel: no CUDA GPU — running CNN on CPU.
WARNING:real_vision_cloud_model:RealVisionCloudModel: no CUDA GPU — running CNN on CPU.
WARNING:real_vision_cloud_model:RealVisionCloudModel: no CUDA GPU — running CNN on CPU.
WARNING:real_vision_cloud_model:RealVisionCloudModel: no CUDA GPU — running CNN on CPU.
WARNING:real_vision_cloud_model:RealVisionCloudModel: no CUDA GPU — running CNN on CPU.
WARNING:real_vision_cloud_model:RealVisionCloudModel: no CUDA GPU — running CNN on CPU.
WARNING:real_vision_cloud_model:RealVisionCloudModel: no CUDA GPU — running CNN on CPU.
WARNING:real_vision_cloud_model:RealVisionCloudModel: no CUDA GPU — running CNN on CPU.
WARNING:real_vision_cloud_model:RealVisionCloudModel: no CUDA GPU — running CNN on CPU.
WARNING:real_vision_cloud_model:RealVisionCloudModel: no CUDA GPU — running CNN on CPU.
WARNING:real_vision_cloud_model:RealVisionCloudModel: no CUDA GPU — running CNN on CPU.
WARNING:real_vision_cloud_model:RealVisionCloudModel: no CUDA GPU — running CNN on CPU.
WARNING:real_vision_cloud_model:RealVisionCloudModel: no CUDA GPU — running CNN on CPU.
WARNING:real_vision_cloud_model:RealVisionCloudModel: no CUDA GPU — running CNN on CPU.
WARNING:real_vision_cloud_model:RealVisionCloudModel: no CUDA GPU — running CNN on CPU.
WARNING:real_vision_cloud_model:RealVisionCloudModel: no CUDA GPU — running CNN on CPU.
WARNING:real_vision_cloud_model:RealVisionCloudModel: no CUDA GPU — running CNN on CPU.
WARNING:real_vision_cloud_model:RealVisionCloudModel: no CUDA GPU — running CNN on CPU.
WARNING:real_vision_cloud_model:RealVisionCloudModel: no CUDA GPU — running CNN on CPU.
WARNING:real_vision_cloud_model:RealVisionCloudModel: no CUDA GPU — running CNN on CPU.
WARNING:real_vision_cloud_model:RealVisionCloudModel: no CUDA GPU — running CNN on CPU.
WARNING:real_vision_cloud_model:RealVisionCloudModel: no CUDA GPU — running CNN on CPU.
WARNING:real_vision_cloud_model:RealVisionCloudModel: no CUDA GPU — running CNN on CPU.
WARNING:real_vision_cloud_model:RealVisionCloudModel: no CUDA GPU — running CNN on CPU.
WARNING:real_vision_cloud_model:RealVisionCloudModel: no CUDA GPU — running CNN on CPU.
WARNING:real_vision_cloud_model:RealVisionCloudModel: no CUDA GPU — running CNN on CPU.
WARNING:real_vision_cloud_model:RealVisionCloudModel: no CUDA GPU — running CNN on CPU.
WARNING:real_vision_cloud_model:RealVisionCloudModel: no CUDA GPU — running CNN on CPU.
WARNING:real_vision_cloud_model:RealVisionCloudModel: no CUDA GPU — running CNN on CPU.
WARNING:real_vision_cloud_model:RealVisionCloudModel: no CUDA GPU — running CNN on CPU.
WARNING:real_vision_cloud_model:RealVisionCloudModel: no CUDA GPU — running CNN on CPU.
Using device: cpu
============================================================
  ALSAT-EO-1  Phase 3  Master Training Pipeline
============================================================
  Config  : dyn_real_vision  obs=56  acts=24
  Safety  : ON (default)
  Episodes: 3000  rate=4.0/hr

============================================================
  Stage 2 -- Curriculum Warm-up
============================================================
  Ep 1/200  phase=static_clear  r=+0.000
  Ep 26/200  phase=static_clear  r=+0.000
  Ep 51/200  phase=static_clear  r=+0.000
  Ep 76/200  phase=static_clear  r=+0.000
  Ep 101/200  phase=static_clear  r=+6.046
  Ep 126/200  phase=static_clear  r=+7.688
  Ep 151/200  phase=static_clear  r=+8.413
  Ep 176/200  phase=static_clear  r=+0.000
Curriculum: phase=static_clear  idx=0

============================================================
  Stage 3 -- SMDP-PPO  cfg=dyn_real_vision  obs=56
============================================================
  Live log  → /home/sanaa/Documents/alsat_dynamic_multi/results/training_live.json
  Checkpoints → /home/sanaa/Documents/alsat_dynamic_multi/models/checkpoints/ppo_smdp_epXXXXX.zip
  Ep   10  r=  +9.990  avg10= +5.995  cf=100%(avg=98%)  dyn_suc=3%(avg=1%)  dyn_act=12.9%(avg=11.8%)  ent=0.1500  🎯 DYN!
  Ep   20  r=  +0.000 ← DRIFT/NO-ACCESS  avg10= +5.744  cf=0%(avg=60%)  dyn_suc=0%(avg=2%)  dyn_act=13.6%(avg=19.5%)  ent=0.1500  
  Ep   30  r=  +3.077  avg10= +7.812  cf=100%(avg=90%)  dyn_suc=1%(avg=3%)  dyn_act=22.4%(avg=21.8%)  ent=0.1500  🎯 DYN!
  Ep   40  r=  +0.000 ← DRIFT/NO-ACCESS  avg10= +6.763  cf=0%(avg=90%)  dyn_suc=0%(avg=2%)  dyn_act=18.0%(avg=21.5%)  ent=0.1500  
  Ep   50  r=  +7.480  avg10= +9.380  cf=80%(avg=97%)  dyn_suc=4%(avg=3%)  dyn_act=34.5%(avg=24.7%)  ent=0.1500  🎯 DYN!
         Actions → static=66%  dyn=34%  drift=0%  | n_dyn_detected=70  n_dyn_imaged=3  | slew=208°
  Ep   60  r=  +2.509  avg10= +5.227  cf=100%(avg=90%)  dyn_suc=0%(avg=1%)  dyn_act=11.7%(avg=19.0%)  ent=0.1500  
  Ep   70  r=  +9.237  avg10= +7.881  cf=100%(avg=100%)  dyn_suc=1%(avg=2%)  dyn_act=16.4%(avg=15.5%)  ent=0.1500  🎯 DYN!
  Ep   80  r=  +0.000 ← DRIFT/NO-ACCESS  avg10= +5.703  cf=0%(avg=90%)  dyn_suc=0%(avg=1%)  dyn_act=7.0%(avg=13.6%)  ent=0.1500  
  Ep   90  r=  +0.000 ← DRIFT/NO-ACCESS  avg10= +5.398  cf=0%(avg=80%)  dyn_suc=0%(avg=2%)  dyn_act=19.4%(avg=15.8%)  ent=0.1500  
  [CKPT] Saved → /home/sanaa/Documents/alsat_dynamic_multi/models/checkpoints/ppo_smdp_ep00100.zip
  Ep  100  r= +13.127  avg10= +9.262  cf=100%(avg=90%)  dyn_suc=3%(avg=2%)  dyn_act=25.0%(avg=19.5%)  ent=0.1500  🎯 DYN!
         Actions → static=75%  dyn=25%  drift=0%  | n_dyn_detected=69  n_dyn_imaged=2  | slew=561°
  Ep  110  r=  +3.177  avg10= +6.848  cf=100%(avg=99%)  dyn_suc=1%(avg=2%)  dyn_act=16.4%(avg=16.6%)  ent=0.1500  🎯 DYN!
  Ep  120  r=  +6.988  avg10= +8.282  cf=90%(avg=89%)  dyn_suc=3%(avg=2%)  dyn_act=26.2%(avg=20.1%)  ent=0.1500  🎯 DYN!
  Ep  130  r= +10.694  avg10= +8.692  cf=100%(avg=90%)  dyn_suc=1%(avg=2%)  dyn_act=23.4%(avg=20.2%)  ent=0.1500  🎯 DYN!
  Ep  140  r=  +7.799  avg10= +9.761  cf=100%(avg=97%)  dyn_suc=3%(avg=3%)  dyn_act=30.5%(avg=22.3%)  ent=0.1500  🎯 DYN!
  Ep  150  r=  +3.659  avg10= +9.192  cf=100%(avg=100%)  dyn_suc=1%(avg=2%)  dyn_act=27.1%(avg=26.2%)  ent=0.1500  🎯 DYN!
         Actions → static=68%  dyn=27%  drift=5%  | n_dyn_detected=74  n_dyn_imaged=1  | slew=37°
  Ep  160  r=  +2.774  avg10= +8.455  cf=100%(avg=96%)  dyn_suc=0%(avg=3%)  dyn_act=23.7%(avg=19.8%)  ent=0.1500  
  Ep  170  r=  +2.006  avg10= +6.661  cf=100%(avg=95%)  dyn_suc=0%(avg=2%)  dyn_act=14.8%(avg=22.5%)  ent=0.1500  
  Ep  180  r= +12.692  avg10= +7.358  cf=80%(avg=67%)  dyn_suc=7%(avg=3%)  dyn_act=30.0%(avg=25.8%)  ent=0.1500  🎯 DYN!
  Ep  190  r=  +0.000 ← DRIFT/NO-ACCESS  avg10= +7.395  cf=0%(avg=90%)  dyn_suc=0%(avg=3%)  dyn_act=26.7%(avg=33.5%)  ent=0.1500  
  [CKPT] Saved → /home/sanaa/Documents/alsat_dynamic_multi/models/checkpoints/ppo_smdp_ep00200.zip
  Ep  200  r=  +7.875  avg10=+10.933  cf=100%(avg=100%)  dyn_suc=3%(avg=3%)  dyn_act=14.3%(avg=29.9%)  ent=0.1500  🎯 DYN!
         Actions → static=79%  dyn=14%  drift=6%  | n_dyn_detected=73  n_dyn_imaged=2  | slew=92°
  Ep  210  r=  +3.796  avg10=+12.137  cf=100%(avg=99%)  dyn_suc=1%(avg=4%)  dyn_act=33.3%(avg=34.2%)  ent=0.1500  🎯 DYN!
  Ep  220  r= +14.688  avg10=+12.245  cf=100%(avg=99%)  dyn_suc=3%(avg=3%)  dyn_act=19.4%(avg=28.0%)  ent=0.1500  🎯 DYN!
  Ep  230  r=  +9.431  avg10= +8.667  cf=75%(avg=95%)  dyn_suc=5%(avg=3%)  dyn_act=25.9%(avg=28.3%)  ent=0.1500  🎯 DYN!
  Ep  240  r= +10.520  avg10= +4.809  cf=100%(avg=89%)  dyn_suc=4%(avg=1%)  dyn_act=24.2%(avg=22.5%)  ent=0.1500  🎯 DYN!
  Ep  250  r= +12.606  avg10= +7.502  cf=100%(avg=88%)  dyn_suc=3%(avg=3%)  dyn_act=30.2%(avg=23.7%)  ent=0.1500  🎯 DYN!
         Actions → static=63%  dyn=30%  drift=6%  | n_dyn_detected=74  n_dyn_imaged=2  | slew=1094°
  Ep  260  r= +16.394  avg10= +5.746  cf=100%(avg=80%)  dyn_suc=3%(avg=1%)  dyn_act=20.9%(avg=24.0%)  ent=0.1500  🎯 DYN!
  Ep  270  r= +11.171  avg10= +7.427  cf=100%(avg=89%)  dyn_suc=4%(avg=2%)  dyn_act=23.0%(avg=22.9%)  ent=0.1500  🎯 DYN!
  Ep  280  r=  +9.733  avg10=+10.934  cf=100%(avg=99%)  dyn_suc=1%(avg=3%)  dyn_act=38.1%(avg=31.2%)  ent=0.1500  🎯 DYN!
  Ep  290  r= +15.563  avg10= +9.021  cf=100%(avg=99%)  dyn_suc=6%(avg=3%)  dyn_act=31.7%(avg=31.4%)  ent=0.1500  🎯 DYN!
  [CKPT] Saved → /home/sanaa/Documents/alsat_dynamic_multi/models/checkpoints/ppo_smdp_ep00300.zip
  Ep  300  r=  +9.449  avg10= +9.058  cf=100%(avg=90%)  dyn_suc=3%(avg=3%)  dyn_act=29.3%(avg=26.2%)  ent=0.1500  🎯 DYN!
         Actions → static=69%  dyn=29%  drift=2%  | n_dyn_detected=71  n_dyn_imaged=2  | slew=395°
  Ep  310  r=  +3.092  avg10= +9.559  cf=100%(avg=100%)  dyn_suc=1%(avg=3%)  dyn_act=29.0%(avg=27.3%)  ent=0.1500  🎯 DYN!
  Ep  320  r= +14.888  avg10= +9.809  cf=100%(avg=100%)  dyn_suc=4%(avg=2%)  dyn_act=34.4%(avg=26.4%)  ent=0.1500  🎯 DYN!
  Ep  330  r=  +7.195  avg10= +8.526  cf=100%(avg=98%)  dyn_suc=1%(avg=3%)  dyn_act=30.2%(avg=26.1%)  ent=0.1500  🎯 DYN!
  Ep  340  r=  +5.945  avg10= +5.115  cf=100%(avg=79%)  dyn_suc=1%(avg=1%)  dyn_act=19.4%(avg=21.1%)  ent=0.1500  🎯 DYN!
  Ep  350  r= +11.139  avg10= +9.865  cf=100%(avg=99%)  dyn_suc=4%(avg=4%)  dyn_act=39.7%(avg=27.9%)  ent=0.1500  🎯 DYN!
         Actions → static=54%  dyn=40%  drift=6%  | n_dyn_detected=75  n_dyn_imaged=3  | slew=284°
  Ep  360  r= +15.222  avg10=+11.679  cf=100%(avg=90%)  dyn_suc=5%(avg=3%)  dyn_act=36.2%(avg=32.2%)  ent=0.1500  🎯 DYN!
  Ep  370  r=  +6.146  avg10= +8.260  cf=67%(avg=87%)  dyn_suc=4%(avg=2%)  dyn_act=23.8%(avg=27.5%)  ent=0.1500  🎯 DYN!
  Ep  380  r= +13.314  avg10= +9.187  cf=80%(avg=87%)  dyn_suc=6%(avg=4%)  dyn_act=35.0%(avg=27.3%)  ent=0.1500  🎯 DYN!
  Ep  390  r= +16.537  avg10=+10.618  cf=100%(avg=100%)  dyn_suc=4%(avg=4%)  dyn_act=33.9%(avg=34.3%)  ent=0.1500  🎯 DYN!
  [CKPT] Saved → /home/sanaa/Documents/alsat_dynamic_multi/models/checkpoints/ppo_smdp_ep00400.zip
  Ep  400  r=  +5.983  avg10= +7.123  cf=88%(avg=96%)  dyn_suc=3%(avg=3%)  dyn_act=30.6%(avg=27.3%)  ent=0.1500  🎯 DYN!
         Actions → static=68%  dyn=31%  drift=2%  | n_dyn_detected=74  n_dyn_imaged=2  | slew=396°
  Ep  410  r= +14.629  avg10= +8.969  cf=100%(avg=100%)  dyn_suc=6%(avg=3%)  dyn_act=35.5%(avg=32.8%)  ent=0.1500  🎯 DYN!
  Ep  420  r= +19.321  avg10= +8.602  cf=100%(avg=100%)  dyn_suc=6%(avg=3%)  dyn_act=27.4%(avg=25.6%)  ent=0.1500  🎯 DYN!
  Ep  430  r=  +4.758  avg10= +8.316  cf=100%(avg=100%)  dyn_suc=0%(avg=2%)  dyn_act=16.9%(avg=21.6%)  ent=0.1500  
  Ep  440  r=  +7.129  avg10=+12.869  cf=100%(avg=100%)  dyn_suc=1%(avg=4%)  dyn_act=25.8%(avg=23.0%)  ent=0.1500  🎯 DYN!
  Ep  450  r= +12.094  avg10= +8.279  cf=100%(avg=100%)  dyn_suc=1%(avg=2%)  dyn_act=25.8%(avg=24.0%)  ent=0.1500  🎯 DYN!
         Actions → static=74%  dyn=26%  drift=0%  | n_dyn_detected=77  n_dyn_imaged=1  | slew=761°
  Ep  460  r=  +5.216  avg10= +6.739  cf=86%(avg=89%)  dyn_suc=3%(avg=2%)  dyn_act=23.3%(avg=22.5%)  ent=0.1500  🎯 DYN!
  Ep  470  r=  +3.473  avg10= +8.537  cf=88%(avg=98%)  dyn_suc=1%(avg=3%)  dyn_act=25.4%(avg=25.2%)  ent=0.1500  🎯 DYN!
  Ep  480  r= +17.480  avg10=+10.366  cf=100%(avg=94%)  dyn_suc=4%(avg=3%)  dyn_act=25.8%(avg=27.1%)  ent=0.1500  🎯 DYN!
  Ep  490  r=  +6.426  avg10= +9.431  cf=100%(avg=99%)  dyn_suc=3%(avg=2%)  dyn_act=28.8%(avg=31.8%)  ent=0.1500  🎯 DYN!
  [CKPT] Saved → /home/sanaa/Documents/alsat_dynamic_multi/models/checkpoints/ppo_smdp_ep00500.zip
  Ep  500  r= +16.564  avg10=+11.704  cf=100%(avg=100%)  dyn_suc=7%(avg=4%)  dyn_act=38.3%(avg=34.1%)  ent=0.1500  🎯 DYN!
         Actions → static=60%  dyn=38%  drift=2%  | n_dyn_detected=76  n_dyn_imaged=5  | slew=155°
  Ep  510  r= +15.647  avg10= +9.080  cf=100%(avg=99%)  dyn_suc=6%(avg=2%)  dyn_act=40.3%(avg=29.0%)  ent=0.1500  🎯 DYN!
  Ep  520  r=  +6.567  avg10=+12.044  cf=100%(avg=100%)  dyn_suc=1%(avg=3%)  dyn_act=26.2%(avg=31.5%)  ent=0.1500  🎯 DYN!
  Ep  530  r= +20.817  avg10=+10.605  cf=100%(avg=100%)  dyn_suc=7%(avg=3%)  dyn_act=31.2%(avg=24.6%)  ent=0.1500  🎯 DYN!
  Ep  540  r=  +3.408  avg10= +6.780  cf=100%(avg=99%)  dyn_suc=0%(avg=1%)  dyn_act=16.1%(avg=16.4%)  ent=0.1500  
  Ep  550  r=  +3.055  avg10= +5.861  cf=100%(avg=90%)  dyn_suc=1%(avg=1%)  dyn_act=16.9%(avg=17.0%)  ent=0.1500  🎯 DYN!
         Actions → static=81%  dyn=17%  drift=2%  | n_dyn_detected=69  n_dyn_imaged=1  | slew=15°
  Ep  560  r=  +0.000 ← DRIFT/NO-ACCESS  avg10= +6.296  cf=0%(avg=90%)  dyn_suc=0%(avg=1%)  dyn_act=16.9%(avg=14.1%)  ent=0.1500  
  Ep  570  r= +10.422  avg10= +8.638  cf=100%(avg=99%)  dyn_suc=1%(avg=2%)  dyn_act=9.0%(avg=17.4%)  ent=0.1500  🎯 DYN!
  Ep  580  r=  +5.072  avg10=+11.611  cf=100%(avg=100%)  dyn_suc=1%(avg=4%)  dyn_act=26.7%(avg=26.0%)  ent=0.1500  🎯 DYN!
  Ep  590  r=  -0.045  avg10= +7.466  cf=0%(avg=90%)  dyn_suc=1%(avg=2%)  dyn_act=30.5%(avg=23.9%)  ent=0.1500  🎯 DYN!
  [CKPT] Saved → /home/sanaa/Documents/alsat_dynamic_multi/models/checkpoints/ppo_smdp_ep00600.zip
  Ep  600  r=  +7.699  avg10= +9.357  cf=100%(avg=90%)  dyn_suc=1%(avg=2%)  dyn_act=19.0%(avg=21.8%)  ent=0.1500  🎯 DYN!
         Actions → static=79%  dyn=19%  drift=2%  | n_dyn_detected=72  n_dyn_imaged=1  | slew=425°
  Ep  610  r=  +6.384  avg10= +8.495  cf=100%(avg=97%)  dyn_suc=1%(avg=2%)  dyn_act=29.5%(avg=21.7%)  ent=0.1500  🎯 DYN!
  Ep  620  r=  +6.575  avg10= +8.147  cf=100%(avg=89%)  dyn_suc=0%(avg=2%)  dyn_act=22.6%(avg=23.9%)  ent=0.1500  
  Ep  630  r=  +6.335  avg10= +8.423  cf=100%(avg=90%)  dyn_suc=3%(avg=2%)  dyn_act=23.2%(avg=22.7%)  ent=0.1500  🎯 DYN!
  Ep  640  r=  +0.000 ← DRIFT/NO-ACCESS  avg10= +6.097  cf=0%(avg=90%)  dyn_suc=0%(avg=2%)  dyn_act=15.3%(avg=24.7%)  ent=0.1500  
  Ep  650  r= +10.856  avg10= +7.872  cf=100%(avg=80%)  dyn_suc=1%(avg=2%)  dyn_act=27.3%(avg=18.7%)  ent=0.1500  🎯 DYN!
         Actions → static=70%  dyn=27%  drift=3%  | n_dyn_detected=77  n_dyn_imaged=1  | slew=1148°
  Ep  660  r= +10.219  avg10= +6.895  cf=100%(avg=100%)  dyn_suc=1%(avg=2%)  dyn_act=18.8%(avg=17.9%)  ent=0.1500  🎯 DYN!
  Ep  670  r=  +6.185  avg10= +8.451  cf=100%(avg=99%)  dyn_suc=3%(avg=3%)  dyn_act=25.4%(avg=23.3%)  ent=0.1500  🎯 DYN!
  Ep  680  r=  +4.078  avg10= +9.070  cf=100%(avg=90%)  dyn_suc=0%(avg=2%)  dyn_act=29.3%(avg=24.2%)  ent=0.1500  
  Ep  690  r= +19.954  avg10= +9.772  cf=100%(avg=99%)  dyn_suc=4%(avg=2%)  dyn_act=13.8%(avg=24.2%)  ent=0.1500  🎯 DYN!
  [CKPT] Saved → /home/sanaa/Documents/alsat_dynamic_multi/models/checkpoints/ppo_smdp_ep00700.zip
  Ep  700  r=  +6.167  avg10= +6.480  cf=100%(avg=90%)  dyn_suc=3%(avg=2%)  dyn_act=27.4%(avg=19.3%)  ent=0.1500  🎯 DYN!
         Actions → static=65%  dyn=27%  drift=8%  | n_dyn_detected=75  n_dyn_imaged=2  | slew=52°
  Ep  710  r=  +6.679  avg10=+10.191  cf=100%(avg=99%)  dyn_suc=0%(avg=3%)  dyn_act=26.6%(avg=25.3%)  ent=0.1500  
  Ep  720  r=  +4.772  avg10= +8.346  cf=100%(avg=88%)  dyn_suc=0%(avg=2%)  dyn_act=30.5%(avg=26.3%)  ent=0.1500  
  Ep  730  r=  +9.542  avg10=+10.007  cf=100%(avg=78%)  dyn_suc=4%(avg=3%)  dyn_act=32.7%(avg=33.8%)  ent=0.1500  🎯 DYN!
  Ep  740  r= +14.892  avg10= +7.793  cf=100%(avg=88%)  dyn_suc=6%(avg=3%)  dyn_act=30.0%(avg=26.3%)  ent=0.1500  🎯 DYN!
  Ep  750  r= +11.147  avg10= +7.095  cf=100%(avg=98%)  dyn_suc=3%(avg=2%)  dyn_act=23.7%(avg=21.1%)  ent=0.1500  🎯 DYN!
         Actions → static=75%  dyn=24%  drift=2%  | n_dyn_detected=72  n_dyn_imaged=2  | slew=756°
  Ep  760  r=  +8.857  avg10=+10.639  cf=100%(avg=89%)  dyn_suc=3%(avg=3%)  dyn_act=22.4%(avg=30.0%)  ent=0.1500  🎯 DYN!
  Ep  770  r=  +6.232  avg10= +9.049  cf=67%(avg=97%)  dyn_suc=4%(avg=2%)  dyn_act=31.7%(avg=27.9%)  ent=0.1500  🎯 DYN!
  Ep  780  r= +15.848  avg10=+13.125  cf=100%(avg=100%)  dyn_suc=6%(avg=4%)  dyn_act=36.2%(avg=32.7%)  ent=0.1500  🎯 DYN!
  Ep  790  r= +10.763  avg10= +8.732  cf=94%(avg=99%)  dyn_suc=3%(avg=2%)  dyn_act=22.6%(avg=30.6%)  ent=0.1500  🎯 DYN!
  [CKPT] Saved → /home/sanaa/Documents/alsat_dynamic_multi/models/checkpoints/ppo_smdp_ep00800.zip
  Ep  800  r= +12.348  avg10= +8.604  cf=92%(avg=86%)  dyn_suc=4%(avg=3%)  dyn_act=23.0%(avg=27.8%)  ent=0.1500  🎯 DYN!
         Actions → static=75%  dyn=23%  drift=2%  | n_dyn_detected=73  n_dyn_imaged=3  | slew=553°
  Ep  810  r=  +0.000 ← DRIFT/NO-ACCESS  avg10= +6.044  cf=0%(avg=90%)  dyn_suc=0%(avg=1%)  dyn_act=11.9%(avg=17.3%)  ent=0.1500  
  Ep  820  r=  +3.148  avg10= +4.700  cf=100%(avg=89%)  dyn_suc=0%(avg=1%)  dyn_act=25.0%(avg=19.6%)  ent=0.1500  
  Ep  830  r=  +7.290  avg10= +6.783  cf=100%(avg=84%)  dyn_suc=1%(avg=2%)  dyn_act=12.3%(avg=17.7%)  ent=0.1500  🎯 DYN!
  Ep  840  r=  +6.852  avg10= +7.260  cf=100%(avg=78%)  dyn_suc=3%(avg=2%)  dyn_act=24.1%(avg=22.3%)  ent=0.1500  🎯 DYN!
  Ep  850  r= +18.683  avg10= +7.637  cf=100%(avg=90%)  dyn_suc=5%(avg=2%)  dyn_act=27.4%(avg=25.3%)  ent=0.1500  🎯 DYN!
         Actions → static=69%  dyn=27%  drift=3%  | n_dyn_detected=76  n_dyn_imaged=4  | slew=625°
  Ep  860  r=  -0.042  avg10= +7.617  cf=0%(avg=90%)  dyn_suc=1%(avg=2%)  dyn_act=20.7%(avg=27.8%)  ent=0.1500  🎯 DYN!
  Ep  870  r= +10.916  avg10= +8.409  cf=100%(avg=85%)  dyn_suc=3%(avg=3%)  dyn_act=31.7%(avg=30.2%)  ent=0.1500  🎯 DYN!
  Ep  880  r= +15.201  avg10= +8.717  cf=100%(avg=80%)  dyn_suc=5%(avg=2%)  dyn_act=29.2%(avg=31.6%)  ent=0.1500  🎯 DYN!
  Ep  890  r=  +0.000 ← DRIFT/NO-ACCESS  avg10= +4.690  cf=0%(avg=90%)  dyn_suc=0%(avg=1%)  dyn_act=18.8%(avg=24.3%)  ent=0.1500  
  [CKPT] Saved → /home/sanaa/Documents/alsat_dynamic_multi/models/checkpoints/ppo_smdp_ep00900.zip
  Ep  900  r= +13.307  avg10=+10.087  cf=100%(avg=100%)  dyn_suc=4%(avg=3%)  dyn_act=24.6%(avg=22.9%)  ent=0.1500  🎯 DYN!
         Actions → static=74%  dyn=25%  drift=2%  | n_dyn_detected=74  n_dyn_imaged=3  | slew=581°
  Ep  910  r=  +7.873  avg10= +6.618  cf=100%(avg=87%)  dyn_suc=1%(avg=2%)  dyn_act=21.3%(avg=24.4%)  ent=0.1500  🎯 DYN!
  Ep  920  r=  +7.108  avg10= +5.809  cf=100%(avg=90%)  dyn_suc=1%(avg=1%)  dyn_act=20.3%(avg=16.9%)  ent=0.1500  🎯 DYN!
  Ep  930  r=  +3.109  avg10= +6.189  cf=100%(avg=87%)  dyn_suc=1%(avg=1%)  dyn_act=10.2%(avg=17.8%)  ent=0.1500  🎯 DYN!
  Ep  940  r=  +4.328  avg10= +6.472  cf=100%(avg=90%)  dyn_suc=0%(avg=2%)  dyn_act=12.9%(avg=18.2%)  ent=0.1500  
  Ep  950  r=  +8.489  avg10= +8.363  cf=100%(avg=90%)  dyn_suc=1%(avg=2%)  dyn_act=24.2%(avg=24.5%)  ent=0.1500  🎯 DYN!
         Actions → static=73%  dyn=24%  drift=3%  | n_dyn_detected=67  n_dyn_imaged=1  | slew=459°
  Ep  960  r= +21.300  avg10= +9.410  cf=100%(avg=98%)  dyn_suc=6%(avg=3%)  dyn_act=20.9%(avg=23.0%)  ent=0.1500  🎯 DYN!
  Ep  970  r= +13.926  avg10= +8.207  cf=100%(avg=89%)  dyn_suc=4%(avg=2%)  dyn_act=24.2%(avg=23.2%)  ent=0.1500  🎯 DYN!
  Ep  980  r=  +6.624  avg10= +9.123  cf=100%(avg=99%)  dyn_suc=3%(avg=3%)  dyn_act=17.5%(avg=26.4%)  ent=0.1500  🎯 DYN!
  Ep  990  r=  +9.319  avg10=+11.327  cf=100%(avg=99%)  dyn_suc=4%(avg=4%)  dyn_act=32.8%(avg=29.6%)  ent=0.1500  🎯 DYN!
  [CKPT] Saved → /home/sanaa/Documents/alsat_dynamic_multi/models/checkpoints/ppo_smdp_ep01000.zip
  Ep 1000  r=  +8.811  avg10= +6.543  cf=100%(avg=99%)  dyn_suc=1%(avg=2%)  dyn_act=28.8%(avg=23.3%)  ent=0.1500  🎯 DYN!
         Actions → static=68%  dyn=29%  drift=3%  | n_dyn_detected=69  n_dyn_imaged=1  | slew=704°
  Ep 1010  r=  +2.813  avg10=+10.670  cf=100%(avg=99%)  dyn_suc=0%(avg=3%)  dyn_act=19.4%(avg=25.8%)  ent=0.1500  
  Ep 1020  r= +12.525  avg10= +6.727  cf=100%(avg=97%)  dyn_suc=5%(avg=2%)  dyn_act=24.6%(avg=28.2%)  ent=0.1500  🎯 DYN!
  Ep 1030  r=  +9.522  avg10= +7.966  cf=100%(avg=99%)  dyn_suc=4%(avg=2%)  dyn_act=32.8%(avg=26.3%)  ent=0.1500  🎯 DYN!
  Ep 1040  r= +15.480  avg10= +8.089  cf=100%(avg=100%)  dyn_suc=5%(avg=2%)  dyn_act=27.4%(avg=26.6%)  ent=0.1500  🎯 DYN!
  Ep 1050  r=  +6.661  avg10=+10.341  cf=100%(avg=94%)  dyn_suc=3%(avg=3%)  dyn_act=25.0%(avg=27.4%)  ent=0.1500  🎯 DYN!
         Actions → static=73%  dyn=25%  drift=2%  | n_dyn_detected=72  n_dyn_imaged=2  | slew=54°
  Ep 1060  r= +18.377  avg10=+11.475  cf=100%(avg=100%)  dyn_suc=5%(avg=3%)  dyn_act=30.0%(avg=27.4%)  ent=0.1500  🎯 DYN!
  Ep 1070  r= +14.786  avg10=+11.075  cf=100%(avg=89%)  dyn_suc=4%(avg=3%)  dyn_act=29.2%(avg=32.5%)  ent=0.1500  🎯 DYN!
  Ep 1080  r=  -0.047  avg10=+10.693  cf=0%(avg=90%)  dyn_suc=1%(avg=3%)  dyn_act=21.7%(avg=29.4%)  ent=0.1500  🎯 DYN!
  Ep 1090  r=  +9.517  avg10=+10.803  cf=100%(avg=95%)  dyn_suc=3%(avg=4%)  dyn_act=19.0%(avg=26.7%)  ent=0.1500  🎯 DYN!
  [CKPT] Saved → /home/sanaa/Documents/alsat_dynamic_multi/models/checkpoints/ppo_smdp_ep01100.zip
  Ep 1100  r=  +9.107  avg10= +7.161  cf=100%(avg=80%)  dyn_suc=0%(avg=1%)  dyn_act=16.1%(avg=23.8%)  ent=0.1500  
         Actions → static=84%  dyn=16%  drift=0%  | n_dyn_detected=75  n_dyn_imaged=0  | slew=1248°
  Ep 1110  r=  +8.998  avg10=+11.365  cf=100%(avg=100%)  dyn_suc=3%(avg=3%)  dyn_act=27.6%(avg=28.7%)  ent=0.1500  🎯 DYN!
  Ep 1120  r=  +9.361  avg10= +7.790  cf=100%(avg=89%)  dyn_suc=1%(avg=2%)  dyn_act=23.8%(avg=25.0%)  ent=0.1500  🎯 DYN!
  Ep 1130  r=  +9.617  avg10= +9.811  cf=100%(avg=99%)  dyn_suc=4%(avg=3%)  dyn_act=22.4%(avg=26.5%)  ent=0.1500  🎯 DYN!
  Ep 1140  r=  +7.687  avg10= +8.516  cf=80%(avg=95%)  dyn_suc=4%(avg=3%)  dyn_act=37.9%(avg=30.3%)  ent=0.1500  🎯 DYN!
  Ep 1150  r= +12.613  avg10= +9.805  cf=100%(avg=83%)  dyn_suc=5%(avg=3%)  dyn_act=18.0%(avg=27.9%)  ent=0.1500  🎯 DYN!
         Actions → static=74%  dyn=18%  drift=8%  | n_dyn_detected=75  n_dyn_imaged=4  | slew=73°
  Ep 1160  r= +10.341  avg10= +8.026  cf=100%(avg=89%)  dyn_suc=3%(avg=2%)  dyn_act=25.0%(avg=24.2%)  ent=0.1500  🎯 DYN!
  Ep 1170  r=  +0.000 ← DRIFT/NO-ACCESS  avg10= +6.122  cf=0%(avg=78%)  dyn_suc=0%(avg=2%)  dyn_act=31.2%(avg=21.9%)  ent=0.1500  
  Ep 1180  r=  +4.317  avg10= +7.352  cf=100%(avg=90%)  dyn_suc=1%(avg=2%)  dyn_act=27.0%(avg=19.5%)  ent=0.1500  🎯 DYN!
  Ep 1190  r= +14.262  avg10= +9.059  cf=100%(avg=99%)  dyn_suc=4%(avg=3%)  dyn_act=26.2%(avg=20.7%)  ent=0.1500  🎯 DYN!
  [CKPT] Saved → /home/sanaa/Documents/alsat_dynamic_multi/models/checkpoints/ppo_smdp_ep01200.zip
  Ep 1200  r=  +6.282  avg10= +7.752  cf=100%(avg=90%)  dyn_suc=3%(avg=2%)  dyn_act=23.0%(avg=25.2%)  ent=0.1500  🎯 DYN!
         Actions → static=69%  dyn=23%  drift=8%  | n_dyn_detected=73  n_dyn_imaged=2  | slew=54°
  Ep 1210  r=  +3.230  avg10= +8.789  cf=100%(avg=100%)  dyn_suc=1%(avg=3%)  dyn_act=31.0%(avg=27.7%)  ent=0.1500  🎯 DYN!
  Ep 1220  r=  +3.115  avg10= +7.209  cf=100%(avg=98%)  dyn_suc=1%(avg=3%)  dyn_act=25.0%(avg=29.1%)  ent=0.1500  🎯 DYN!
  Ep 1230  r=  +0.000 ← DRIFT/NO-ACCESS  avg10= +7.562  cf=0%(avg=69%)  dyn_suc=0%(avg=2%)  dyn_act=26.7%(avg=24.6%)  ent=0.1500  
  Ep 1240  r=  +9.821  avg10= +9.586  cf=100%(avg=98%)  dyn_suc=4%(avg=3%)  dyn_act=33.9%(avg=28.4%)  ent=0.1500  🎯 DYN!
  Ep 1250  r= +13.890  avg10= +8.546  cf=94%(avg=98%)  dyn_suc=4%(avg=3%)  dyn_act=38.7%(avg=29.8%)  ent=0.1500  🎯 DYN!
         Actions → static=61%  dyn=39%  drift=0%  | n_dyn_detected=76  n_dyn_imaged=3  | slew=648°
  Ep 1260  r= +10.729  avg10= +8.164  cf=86%(avg=99%)  dyn_suc=5%(avg=3%)  dyn_act=33.3%(avg=28.8%)  ent=0.1500  🎯 DYN!
  Ep 1270  r= +18.353  avg10= +9.772  cf=100%(avg=97%)  dyn_suc=5%(avg=3%)  dyn_act=32.3%(avg=29.0%)  ent=0.1500  🎯 DYN!
  Ep 1280  r= +14.617  avg10= +8.939  cf=100%(avg=94%)  dyn_suc=5%(avg=3%)  dyn_act=43.3%(avg=34.6%)  ent=0.1500  🎯 DYN!
  Ep 1290  r=  +5.331  avg10= +8.603  cf=100%(avg=99%)  dyn_suc=1%(avg=3%)  dyn_act=28.6%(avg=27.8%)  ent=0.1500  🎯 DYN!
  [CKPT] Saved → /home/sanaa/Documents/alsat_dynamic_multi/models/checkpoints/ppo_smdp_ep01300.zip
  Ep 1300  r= +10.884  avg10=+11.283  cf=100%(avg=100%)  dyn_suc=3%(avg=3%)  dyn_act=32.8%(avg=34.8%)  ent=0.1500  🎯 DYN!
         Actions → static=66%  dyn=33%  drift=2%  | n_dyn_detected=70  n_dyn_imaged=2  | slew=617°
  Ep 1310  r=  +7.832  avg10= +9.211  cf=100%(avg=98%)  dyn_suc=3%(avg=3%)  dyn_act=22.0%(avg=28.6%)  ent=0.1500  🎯 DYN!
  Ep 1320  r= +11.466  avg10= +7.880  cf=100%(avg=100%)  dyn_suc=3%(avg=2%)  dyn_act=26.7%(avg=26.1%)  ent=0.1500  🎯 DYN!
  Ep 1330  r=  +1.065  avg10= +9.805  cf=50%(avg=82%)  dyn_suc=3%(avg=3%)  dyn_act=24.1%(avg=25.9%)  ent=0.1500  🎯 DYN!
  Ep 1340  r=  +6.180  avg10= +7.735  cf=100%(avg=100%)  dyn_suc=3%(avg=2%)  dyn_act=21.7%(avg=22.3%)  ent=0.1500  🎯 DYN!
  Ep 1350  r=  -0.086  avg10= +7.280  cf=0%(avg=74%)  dyn_suc=3%(avg=3%)  dyn_act=24.1%(avg=22.3%)  ent=0.1500  🎯 DYN!
         Actions → static=74%  dyn=24%  drift=2%  | n_dyn_detected=76  n_dyn_imaged=2  | slew=64°
  Ep 1360  r=  +6.777  avg10= +8.636  cf=100%(avg=88%)  dyn_suc=0%(avg=2%)  dyn_act=22.2%(avg=26.4%)  ent=0.1500  
  Ep 1370  r=  +6.375  avg10= +8.787  cf=93%(avg=99%)  dyn_suc=0%(avg=2%)  dyn_act=10.5%(avg=16.4%)  ent=0.1500  
  Ep 1380  r=  +6.296  avg10= +7.362  cf=100%(avg=100%)  dyn_suc=3%(avg=2%)  dyn_act=25.8%(avg=20.2%)  ent=0.1500  🎯 DYN!
  Ep 1390  r=  +6.355  avg10= +8.147  cf=100%(avg=89%)  dyn_suc=3%(avg=3%)  dyn_act=19.0%(avg=19.6%)  ent=0.1500  🎯 DYN!
  [CKPT] Saved → /home/sanaa/Documents/alsat_dynamic_multi/models/checkpoints/ppo_smdp_ep01400.zip
  Ep 1400  r= +19.428  avg10= +8.064  cf=100%(avg=90%)  dyn_suc=7%(avg=2%)  dyn_act=33.3%(avg=24.0%)  ent=0.1500  🎯 DYN!
         Actions → static=63%  dyn=33%  drift=3%  | n_dyn_detected=72  n_dyn_imaged=5  | slew=308°
  Ep 1410  r=  +8.052  avg10=+10.172  cf=100%(avg=100%)  dyn_suc=1%(avg=3%)  dyn_act=27.9%(avg=27.2%)  ent=0.1500  🎯 DYN!
  Ep 1420  r=  +4.967  avg10= +6.184  cf=100%(avg=85%)  dyn_suc=0%(avg=2%)  dyn_act=36.7%(avg=29.8%)  ent=0.1500  
  Ep 1430  r=  +6.231  avg10= +9.332  cf=100%(avg=96%)  dyn_suc=3%(avg=3%)  dyn_act=25.0%(avg=28.6%)  ent=0.1500  🎯 DYN!
  Ep 1440  r= +10.936  avg10= +8.683  cf=100%(avg=100%)  dyn_suc=1%(avg=2%)  dyn_act=21.3%(avg=24.8%)  ent=0.1500  🎯 DYN!
  Ep 1450  r=  +6.996  avg10= +4.162  cf=100%(avg=85%)  dyn_suc=1%(avg=1%)  dyn_act=35.4%(avg=24.5%)  ent=0.1500  🎯 DYN!
         Actions → static=55%  dyn=35%  drift=9%  | n_dyn_detected=76  n_dyn_imaged=1  | slew=326°
  Ep 1460  r= +13.143  avg10= +9.681  cf=100%(avg=100%)  dyn_suc=5%(avg=3%)  dyn_act=26.2%(avg=22.6%)  ent=0.1500  🎯 DYN!
  Ep 1470  r= +11.144  avg10= +7.218  cf=100%(avg=88%)  dyn_suc=3%(avg=2%)  dyn_act=17.7%(avg=21.8%)  ent=0.1500  🎯 DYN!
  Ep 1480  r=  +8.685  avg10= +8.837  cf=100%(avg=89%)  dyn_suc=3%(avg=3%)  dyn_act=26.7%(avg=25.7%)  ent=0.1500  🎯 DYN!
  Ep 1490  r= +10.009  avg10= +6.572  cf=100%(avg=89%)  dyn_suc=4%(avg=2%)  dyn_act=28.3%(avg=26.2%)  ent=0.1500  🎯 DYN!
  [CKPT] Saved → /home/sanaa/Documents/alsat_dynamic_multi/models/checkpoints/ppo_smdp_ep01500.zip
  Ep 1500  r= +16.259  avg10=+13.985  cf=100%(avg=100%)  dyn_suc=6%(avg=4%)  dyn_act=33.9%(avg=34.2%)  ent=0.1500  🎯 DYN!
         Actions → static=66%  dyn=34%  drift=0%  | n_dyn_detected=78  n_dyn_imaged=5  | slew=179°
  Ep 1510  r= +13.929  avg10=+10.490  cf=92%(avg=99%)  dyn_suc=5%(avg=3%)  dyn_act=37.7%(avg=34.4%)  ent=0.1500  🎯 DYN!
  Ep 1520  r=  +6.515  avg10=+10.229  cf=100%(avg=98%)  dyn_suc=3%(avg=4%)  dyn_act=32.2%(avg=32.3%)  ent=0.1500  🎯 DYN!
  Ep 1530  r= +13.264  avg10= +9.576  cf=94%(avg=99%)  dyn_suc=4%(avg=3%)  dyn_act=38.5%(avg=31.7%)  ent=0.1500  🎯 DYN!
  Ep 1540  r= +16.732  avg10= +9.914  cf=100%(avg=100%)  dyn_suc=7%(avg=3%)  dyn_act=35.5%(avg=31.5%)  ent=0.1500  🎯 DYN!
  Ep 1550  r=  +5.408  avg10= +7.611  cf=100%(avg=99%)  dyn_suc=1%(avg=2%)  dyn_act=21.3%(avg=26.6%)  ent=0.1500  🎯 DYN!
         Actions → static=74%  dyn=21%  drift=5%  | n_dyn_detected=71  n_dyn_imaged=1  | slew=168°
  Ep 1560  r=  +7.969  avg10= +8.668  cf=100%(avg=100%)  dyn_suc=1%(avg=3%)  dyn_act=26.2%(avg=22.2%)  ent=0.1500  🎯 DYN!
  Ep 1570  r= +13.889  avg10= +8.477  cf=100%(avg=89%)  dyn_suc=4%(avg=2%)  dyn_act=13.3%(avg=19.0%)  ent=0.1500  🎯 DYN!
  Ep 1580  r= +10.619  avg10= +8.186  cf=93%(avg=99%)  dyn_suc=3%(avg=2%)  dyn_act=31.1%(avg=21.9%)  ent=0.1500  🎯 DYN!
  Ep 1590  r= +10.071  avg10=+10.641  cf=100%(avg=95%)  dyn_suc=3%(avg=3%)  dyn_act=33.9%(avg=29.8%)  ent=0.1500  🎯 DYN!
  [CKPT] Saved → /home/sanaa/Documents/alsat_dynamic_multi/models/checkpoints/ppo_smdp_ep01600.zip
  Ep 1600  r=  +9.518  avg10= +9.816  cf=100%(avg=100%)  dyn_suc=3%(avg=2%)  dyn_act=23.4%(avg=24.5%)  ent=0.1500  🎯 DYN!
         Actions → static=67%  dyn=23%  drift=9%  | n_dyn_detected=70  n_dyn_imaged=2  | slew=578°
  Ep 1610  r=  +6.130  avg10= +9.130  cf=100%(avg=100%)  dyn_suc=1%(avg=3%)  dyn_act=13.1%(avg=26.8%)  ent=0.1500  🎯 DYN!
  Ep 1620  r=  +3.847  avg10= +8.922  cf=100%(avg=90%)  dyn_suc=0%(avg=3%)  dyn_act=31.1%(avg=29.7%)  ent=0.1500  
  Ep 1630  r= +10.782  avg10= +8.480  cf=100%(avg=80%)  dyn_suc=3%(avg=2%)  dyn_act=15.0%(avg=22.7%)  ent=0.1500  🎯 DYN!
  Ep 1640  r= +10.131  avg10=+11.849  cf=100%(avg=99%)  dyn_suc=1%(avg=3%)  dyn_act=28.6%(avg=20.8%)  ent=0.1500  🎯 DYN!
  Ep 1650  r= +12.652  avg10= +8.990  cf=100%(avg=90%)  dyn_suc=4%(avg=3%)  dyn_act=25.4%(avg=22.2%)  ent=0.1500  🎯 DYN!
         Actions → static=73%  dyn=25%  drift=2%  | n_dyn_detected=74  n_dyn_imaged=3  | slew=461°
  Ep 1660  r=  +1.372  avg10= +4.738  cf=100%(avg=90%)  dyn_suc=0%(avg=1%)  dyn_act=24.2%(avg=21.6%)  ent=0.1500  
  Ep 1670  r=  +0.000 ← DRIFT/NO-ACCESS  avg10= +7.103  cf=0%(avg=89%)  dyn_suc=0%(avg=2%)  dyn_act=15.5%(avg=19.3%)  ent=0.1500  
  Ep 1680  r=  +5.628  avg10= +7.295  cf=100%(avg=100%)  dyn_suc=0%(avg=1%)  dyn_act=20.3%(avg=16.8%)  ent=0.1500  
  Ep 1690  r=  +4.672  avg10= +5.710  cf=100%(avg=89%)  dyn_suc=0%(avg=1%)  dyn_act=18.0%(avg=18.7%)  ent=0.1500  
  [CKPT] Saved → /home/sanaa/Documents/alsat_dynamic_multi/models/checkpoints/ppo_smdp_ep01700.zip
  Ep 1700  r=  +8.067  avg10= +8.180  cf=100%(avg=100%)  dyn_suc=0%(avg=2%)  dyn_act=23.7%(avg=19.9%)  ent=0.1500  
         Actions → static=75%  dyn=24%  drift=2%  | n_dyn_detected=69  n_dyn_imaged=0  | slew=813°
  Ep 1710  r=  +9.383  avg10= +7.008  cf=100%(avg=90%)  dyn_suc=3%(avg=2%)  dyn_act=19.0%(avg=18.3%)  ent=0.1500  🎯 DYN!
  Ep 1720  r=  +6.175  avg10=+10.257  cf=100%(avg=100%)  dyn_suc=3%(avg=4%)  dyn_act=28.3%(avg=27.8%)  ent=0.1500  🎯 DYN!
  Ep 1730  r=  +3.179  avg10= +6.292  cf=100%(avg=90%)  dyn_suc=1%(avg=2%)  dyn_act=18.6%(avg=24.6%)  ent=0.1500  🎯 DYN!
  Ep 1740  r= +16.129  avg10= +7.999  cf=100%(avg=100%)  dyn_suc=5%(avg=2%)  dyn_act=35.5%(avg=22.4%)  ent=0.1500  🎯 DYN!
  Ep 1750  r= +11.505  avg10= +8.138  cf=100%(avg=90%)  dyn_suc=4%(avg=2%)  dyn_act=30.8%(avg=28.2%)  ent=0.1500  🎯 DYN!
         Actions → static=62%  dyn=31%  drift=8%  | n_dyn_detected=75  n_dyn_imaged=3  | slew=389°
  Ep 1760  r=  +6.748  avg10= +9.594  cf=100%(avg=100%)  dyn_suc=0%(avg=3%)  dyn_act=18.0%(avg=25.8%)  ent=0.1500  
  Ep 1770  r= +14.660  avg10= +9.875  cf=88%(avg=97%)  dyn_suc=7%(avg=4%)  dyn_act=34.4%(avg=27.2%)  ent=0.1500  🎯 DYN!
  Ep 1780  r= +24.302  avg10= +9.180  cf=100%(avg=98%)  dyn_suc=6%(avg=3%)  dyn_act=37.7%(avg=33.3%)  ent=0.1500  🎯 DYN!
  Ep 1790  r=  +3.128  avg10=+11.715  cf=100%(avg=95%)  dyn_suc=1%(avg=4%)  dyn_act=25.4%(avg=31.4%)  ent=0.1500  🎯 DYN!
  [CKPT] Saved → /home/sanaa/Documents/alsat_dynamic_multi/models/checkpoints/ppo_smdp_ep01800.zip
  Ep 1800  r= +16.533  avg10= +6.476  cf=100%(avg=89%)  dyn_suc=5%(avg=2%)  dyn_act=23.8%(avg=22.2%)  ent=0.1500  🎯 DYN!
         Actions → static=73%  dyn=24%  drift=3%  | n_dyn_detected=79  n_dyn_imaged=4  | slew=599°
  Ep 1810  r=  +5.580  avg10=+11.098  cf=100%(avg=98%)  dyn_suc=1%(avg=4%)  dyn_act=23.3%(avg=28.8%)  ent=0.1500  🎯 DYN!
  Ep 1820  r=  +3.100  avg10= +8.838  cf=100%(avg=100%)  dyn_suc=1%(avg=3%)  dyn_act=24.1%(avg=31.5%)  ent=0.1500  🎯 DYN!
  Ep 1830  r=  +8.268  avg10= +8.869  cf=100%(avg=99%)  dyn_suc=3%(avg=2%)  dyn_act=30.5%(avg=30.5%)  ent=0.1500  🎯 DYN!
  Ep 1840  r=  +5.753  avg10= +9.037  cf=100%(avg=94%)  dyn_suc=1%(avg=3%)  dyn_act=40.7%(avg=35.2%)  ent=0.1500  🎯 DYN!
  Ep 1850  r=  +4.616  avg10= +9.225  cf=100%(avg=97%)  dyn_suc=0%(avg=3%)  dyn_act=28.6%(avg=35.6%)  ent=0.1500  
         Actions → static=71%  dyn=29%  drift=0%  | n_dyn_detected=76  n_dyn_imaged=0  | slew=501°
  Ep 1860  r= +10.330  avg10= +6.447  cf=100%(avg=88%)  dyn_suc=3%(avg=2%)  dyn_act=31.1%(avg=24.3%)  ent=0.1500  🎯 DYN!
  Ep 1870  r= +22.924  avg10=+11.365  cf=100%(avg=90%)  dyn_suc=8%(avg=3%)  dyn_act=39.7%(avg=26.1%)  ent=0.1500  🎯 DYN!
  Ep 1880  r=  +3.162  avg10= +6.928  cf=100%(avg=100%)  dyn_suc=0%(avg=2%)  dyn_act=22.0%(avg=28.2%)  ent=0.1500  
  Ep 1890  r=  +3.911  avg10= +8.361  cf=100%(avg=95%)  dyn_suc=0%(avg=3%)  dyn_act=23.0%(avg=25.4%)  ent=0.1500  
  [CKPT] Saved → /home/sanaa/Documents/alsat_dynamic_multi/models/checkpoints/ppo_smdp_ep01900.zip
  Ep 1900  r= +13.959  avg10= +9.639  cf=100%(avg=100%)  dyn_suc=5%(avg=2%)  dyn_act=29.0%(avg=27.5%)  ent=0.1500  🎯 DYN!
         Actions → static=68%  dyn=29%  drift=3%  | n_dyn_detected=73  n_dyn_imaged=4  | slew=152°
  Ep 1910  r=  +7.431  avg10= +7.374  cf=100%(avg=90%)  dyn_suc=1%(avg=2%)  dyn_act=21.0%(avg=23.6%)  ent=0.1500  🎯 DYN!
  Ep 1920  r= +16.153  avg10= +6.084  cf=100%(avg=99%)  dyn_suc=6%(avg=2%)  dyn_act=24.6%(avg=18.7%)  ent=0.1500  🎯 DYN!
  Ep 1930  r= +13.024  avg10= +8.510  cf=100%(avg=100%)  dyn_suc=1%(avg=2%)  dyn_act=15.9%(avg=20.4%)  ent=0.1500  🎯 DYN!
  Ep 1940  r=  +6.246  avg10= +7.503  cf=100%(avg=90%)  dyn_suc=3%(avg=2%)  dyn_act=19.0%(avg=20.5%)  ent=0.1500  🎯 DYN!
  Ep 1950  r= +16.288  avg10= +9.042  cf=92%(avg=95%)  dyn_suc=6%(avg=3%)  dyn_act=27.4%(avg=24.7%)  ent=0.1500  🎯 DYN!
         Actions → static=71%  dyn=27%  drift=2%  | n_dyn_detected=77  n_dyn_imaged=5  | slew=855°
  Ep 1960  r=  +6.348  avg10= +6.618  cf=100%(avg=96%)  dyn_suc=2%(avg=2%)  dyn_act=20.3%(avg=20.2%)  ent=0.1500  🎯 DYN!
  Ep 1970  r= +10.399  avg10= +8.738  cf=100%(avg=80%)  dyn_suc=3%(avg=2%)  dyn_act=18.6%(avg=20.2%)  ent=0.1500  🎯 DYN!
  Ep 1980  r= +17.869  avg10= +7.888  cf=95%(avg=99%)  dyn_suc=5%(avg=2%)  dyn_act=23.3%(avg=20.3%)  ent=0.1500  🎯 DYN!
  Ep 1990  r=  +0.000 ← DRIFT/NO-ACCESS  avg10= +9.653  cf=0%(avg=90%)  dyn_suc=0%(avg=3%)  dyn_act=17.2%(avg=29.7%)  ent=0.1500  
  [CKPT] Saved → /home/sanaa/Documents/alsat_dynamic_multi/models/checkpoints/ppo_smdp_ep02000.zip
  Ep 2000  r=  +9.467  avg10= +7.890  cf=100%(avg=89%)  dyn_suc=4%(avg=2%)  dyn_act=22.4%(avg=24.5%)  ent=0.1500  🎯 DYN!
         Actions → static=78%  dyn=22%  drift=0%  | n_dyn_detected=76  n_dyn_imaged=3  | slew=101°
  Ep 2010  r=  +5.767  avg10= +7.833  cf=100%(avg=98%)  dyn_suc=1%(avg=2%)  dyn_act=32.2%(avg=24.4%)  ent=0.1500  🎯 DYN!
  Ep 2020  r=  +9.174  avg10= +8.453  cf=100%(avg=100%)  dyn_suc=1%(avg=2%)  dyn_act=21.9%(avg=24.3%)  ent=0.1500  🎯 DYN!
  Ep 2030  r=  +6.179  avg10= +8.078  cf=100%(avg=95%)  dyn_suc=3%(avg=3%)  dyn_act=24.1%(avg=28.6%)  ent=0.1500  🎯 DYN!
  Ep 2040  r= +12.513  avg10= +7.644  cf=100%(avg=90%)  dyn_suc=1%(avg=2%)  dyn_act=19.4%(avg=26.2%)  ent=0.1500  🎯 DYN!
  Ep 2050  r=  +5.558  avg10= +6.818  cf=86%(avg=79%)  dyn_suc=3%(avg=2%)  dyn_act=25.9%(avg=23.7%)  ent=0.1500  🎯 DYN!
         Actions → static=71%  dyn=26%  drift=3%  | n_dyn_detected=69  n_dyn_imaged=2  | slew=280°
  Ep 2060  r=  +6.460  avg10=+11.116  cf=100%(avg=99%)  dyn_suc=3%(avg=3%)  dyn_act=16.9%(avg=20.5%)  ent=0.1500  🎯 DYN!
  Ep 2070  r= +18.152  avg10= +8.660  cf=100%(avg=88%)  dyn_suc=7%(avg=2%)  dyn_act=33.3%(avg=28.2%)  ent=0.1500  🎯 DYN!
  Ep 2080  r=  +3.296  avg10= +6.095  cf=100%(avg=79%)  dyn_suc=0%(avg=2%)  dyn_act=22.0%(avg=20.2%)  ent=0.1500  